[0.061s] DEBUG:colcon:Command line arguments: ['/usr/bin/colcon', 'build', '--symlink-install']
[0.061s] DEBUG:colcon:Parsed command line arguments: Namespace(log_base=None, log_level=None, verb_name='build', build_base='build', install_base='install', merge_install=False, symlink_install=True, test_result_base=None, continue_on_error=False, executor='sequential', event_handlers=None, base_paths=['.'], paths=None, cmake_args=None, cmake_target=None, cmake_target_skip_unavailable=False, cmake_clean_cache=False, cmake_clean_first=False, cmake_force_configure=False, ament_cmake_args=None, catkin_cmake_args=None, catkin_skip_building_tests=False, verb_parser=CustomArgumentParser(prog='colcon build', usage=None, description='Build a set of packages.', formatter_class=<class 'colcon_core.command.CustomFormatter'>, conflict_handler='error', add_help=True), verb_extension=<colcon_core.verb.build.BuildVerb object at 0x7f4781ef65c0>, main=<bound method BuildVerb.main of <colcon_core.verb.build.BuildVerb object at 0x7f4781ef65c0>>)
[0.263s] Level 1:colcon.colcon_core.package_discovery:discover_packages(recursive) check parameters
[0.263s] Level 1:colcon.colcon_core.package_discovery:discover_packages(path) check parameters
[0.263s] Level 1:colcon.colcon_core.package_discovery:discover_packages(recursive) discover
[0.264s] INFO:colcon.colcon_core.package_discovery:Crawling recursively for packages in '/afs/inf.ed.ac.uk/user/s22/s2281597/ranger_object_finder/ranger_nav/ros_ws'
[0.264s] Level 1:colcon.colcon_core.package_identification:_identify(.) by extensions ['ignore', 'ignore_ament_install']
[0.264s] Level 1:colcon.colcon_core.package_identification:_identify(.) by extension 'ignore'
[0.264s] Level 1:colcon.colcon_core.package_identification:_identify(.) by extension 'ignore_ament_install'
[0.264s] Level 1:colcon.colcon_core.package_identification:_identify(.) by extensions ['ros']
[0.264s] Level 1:colcon.colcon_core.package_identification:_identify(.) by extension 'ros'
[0.272s] Level 1:colcon.colcon_core.package_identification:_identify(.) by extensions ['cmake', 'python']
[0.272s] Level 1:colcon.colcon_core.package_identification:_identify(.) by extension 'cmake'
[0.272s] Level 1:colcon.colcon_core.package_identification:_identify(.) by extension 'python'
[0.272s] Level 1:colcon.colcon_core.package_identification:_identify(.) by extensions ['python_setup_py']
[0.272s] Level 1:colcon.colcon_core.package_identification:_identify(.) by extension 'python_setup_py'
[0.273s] Level 1:colcon.colcon_core.package_identification:_identify(build) by extensions ['ignore', 'ignore_ament_install']
[0.273s] Level 1:colcon.colcon_core.package_identification:_identify(build) by extension 'ignore'
[0.273s] Level 1:colcon.colcon_core.package_identification:_identify(build) ignored
[0.273s] Level 1:colcon.colcon_core.package_identification:_identify(install) by extensions ['ignore', 'ignore_ament_install']
[0.273s] Level 1:colcon.colcon_core.package_identification:_identify(install) by extension 'ignore'
[0.273s] Level 1:colcon.colcon_core.package_identification:_identify(install) ignored
[0.273s] Level 1:colcon.colcon_core.package_identification:_identify(log) by extensions ['ignore', 'ignore_ament_install']
[0.273s] Level 1:colcon.colcon_core.package_identification:_identify(log) by extension 'ignore'
[0.273s] Level 1:colcon.colcon_core.package_identification:_identify(log) ignored
[0.273s] Level 1:colcon.colcon_core.package_identification:_identify(src) by extensions ['ignore', 'ignore_ament_install']
[0.273s] Level 1:colcon.colcon_core.package_identification:_identify(src) by extension 'ignore'
[0.273s] Level 1:colcon.colcon_core.package_identification:_identify(src) by extension 'ignore_ament_install'
[0.273s] Level 1:colcon.colcon_core.package_identification:_identify(src) by extensions ['ros']
[0.273s] Level 1:colcon.colcon_core.package_identification:_identify(src) by extension 'ros'
[0.273s] Level 1:colcon.colcon_core.package_identification:_identify(src) by extensions ['cmake', 'python']
[0.273s] Level 1:colcon.colcon_core.package_identification:_identify(src) by extension 'cmake'
[0.274s] Level 1:colcon.colcon_core.package_identification:_identify(src) by extension 'python'
[0.274s] Level 1:colcon.colcon_core.package_identification:_identify(src) by extensions ['python_setup_py']
[0.274s] Level 1:colcon.colcon_core.package_identification:_identify(src) by extension 'python_setup_py'
[0.274s] Level 1:colcon.colcon_core.package_identification:_identify(src/hls_lfcd_lds_driver) by extensions ['ignore', 'ignore_ament_install']
[0.274s] Level 1:colcon.colcon_core.package_identification:_identify(src/hls_lfcd_lds_driver) by extension 'ignore'
[0.274s] Level 1:colcon.colcon_core.package_identification:_identify(src/hls_lfcd_lds_driver) by extension 'ignore_ament_install'
[0.274s] Level 1:colcon.colcon_core.package_identification:_identify(src/hls_lfcd_lds_driver) by extensions ['ros']
[0.274s] Level 1:colcon.colcon_core.package_identification:_identify(src/hls_lfcd_lds_driver) by extension 'ros'
[0.276s] DEBUG:colcon.colcon_core.package_identification:Package 'src/hls_lfcd_lds_driver' with type 'ros.ament_cmake' and name 'hls_lfcd_lds_driver'
[0.276s] Level 1:colcon.colcon_core.package_identification:_identify(src/movement_controller) by extensions ['ignore', 'ignore_ament_install']
[0.276s] Level 1:colcon.colcon_core.package_identification:_identify(src/movement_controller) by extension 'ignore'
[0.276s] Level 1:colcon.colcon_core.package_identification:_identify(src/movement_controller) by extension 'ignore_ament_install'
[0.276s] Level 1:colcon.colcon_core.package_identification:_identify(src/movement_controller) by extensions ['ros']
[0.276s] Level 1:colcon.colcon_core.package_identification:_identify(src/movement_controller) by extension 'ros'
[0.277s] DEBUG:colcon.colcon_core.package_identification:Package 'src/movement_controller' with type 'ros.ament_python' and name 'movement_controller'
[0.277s] Level 1:colcon.colcon_core.package_identification:_identify(src/slam_gmapping) by extensions ['ignore', 'ignore_ament_install']
[0.277s] Level 1:colcon.colcon_core.package_identification:_identify(src/slam_gmapping) by extension 'ignore'
[0.277s] Level 1:colcon.colcon_core.package_identification:_identify(src/slam_gmapping) by extension 'ignore_ament_install'
[0.277s] Level 1:colcon.colcon_core.package_identification:_identify(src/slam_gmapping) by extensions ['ros']
[0.277s] Level 1:colcon.colcon_core.package_identification:_identify(src/slam_gmapping) by extension 'ros'
[0.277s] Level 1:colcon.colcon_core.package_identification:_identify(src/slam_gmapping) by extensions ['cmake', 'python']
[0.277s] Level 1:colcon.colcon_core.package_identification:_identify(src/slam_gmapping) by extension 'cmake'
[0.277s] Level 1:colcon.colcon_core.package_identification:_identify(src/slam_gmapping) by extension 'python'
[0.277s] Level 1:colcon.colcon_core.package_identification:_identify(src/slam_gmapping) by extensions ['python_setup_py']
[0.277s] Level 1:colcon.colcon_core.package_identification:_identify(src/slam_gmapping) by extension 'python_setup_py'
[0.277s] Level 1:colcon.colcon_core.package_identification:_identify(src/slam_gmapping/openslam_gmapping) by extensions ['ignore', 'ignore_ament_install']
[0.277s] Level 1:colcon.colcon_core.package_identification:_identify(src/slam_gmapping/openslam_gmapping) by extension 'ignore'
[0.277s] Level 1:colcon.colcon_core.package_identification:_identify(src/slam_gmapping/openslam_gmapping) by extension 'ignore_ament_install'
[0.278s] Level 1:colcon.colcon_core.package_identification:_identify(src/slam_gmapping/openslam_gmapping) by extensions ['ros']
[0.278s] Level 1:colcon.colcon_core.package_identification:_identify(src/slam_gmapping/openslam_gmapping) by extension 'ros'
[0.278s] DEBUG:colcon.colcon_core.package_identification:Package 'src/slam_gmapping/openslam_gmapping' with type 'ros.ament_cmake' and name 'openslam_gmapping'
[0.278s] Level 1:colcon.colcon_core.package_identification:_identify(src/slam_gmapping/slam_gmapping) by extensions ['ignore', 'ignore_ament_install']
[0.278s] Level 1:colcon.colcon_core.package_identification:_identify(src/slam_gmapping/slam_gmapping) by extension 'ignore'
[0.278s] Level 1:colcon.colcon_core.package_identification:_identify(src/slam_gmapping/slam_gmapping) by extension 'ignore_ament_install'
[0.278s] Level 1:colcon.colcon_core.package_identification:_identify(src/slam_gmapping/slam_gmapping) by extensions ['ros']
[0.278s] Level 1:colcon.colcon_core.package_identification:_identify(src/slam_gmapping/slam_gmapping) by extension 'ros'
[0.279s] DEBUG:colcon.colcon_core.package_identification:Package 'src/slam_gmapping/slam_gmapping' with type 'ros.ament_cmake' and name 'slam_gmapping'
[0.279s] Level 1:colcon.colcon_core.package_discovery:discover_packages(recursive) using defaults
[0.279s] Level 1:colcon.colcon_core.package_discovery:discover_packages(path) discover
[0.279s] Level 1:colcon.colcon_core.package_discovery:discover_packages(path) using defaults
[0.297s] Level 5:colcon.colcon_core.verb:set package 'hls_lfcd_lds_driver' build argument 'cmake_args' from command line to 'None'
[0.297s] Level 5:colcon.colcon_core.verb:set package 'hls_lfcd_lds_driver' build argument 'cmake_target' from command line to 'None'
[0.297s] Level 5:colcon.colcon_core.verb:set package 'hls_lfcd_lds_driver' build argument 'cmake_target_skip_unavailable' from command line to 'False'
[0.297s] Level 5:colcon.colcon_core.verb:set package 'hls_lfcd_lds_driver' build argument 'cmake_clean_cache' from command line to 'False'
[0.297s] Level 5:colcon.colcon_core.verb:set package 'hls_lfcd_lds_driver' build argument 'cmake_clean_first' from command line to 'False'
[0.297s] Level 5:colcon.colcon_core.verb:set package 'hls_lfcd_lds_driver' build argument 'cmake_force_configure' from command line to 'False'
[0.297s] Level 5:colcon.colcon_core.verb:set package 'hls_lfcd_lds_driver' build argument 'ament_cmake_args' from command line to 'None'
[0.297s] Level 5:colcon.colcon_core.verb:set package 'hls_lfcd_lds_driver' build argument 'catkin_cmake_args' from command line to 'None'
[0.297s] Level 5:colcon.colcon_core.verb:set package 'hls_lfcd_lds_driver' build argument 'catkin_skip_building_tests' from command line to 'False'
[0.297s] DEBUG:colcon.colcon_core.verb:Building package 'hls_lfcd_lds_driver' with the following arguments: {'ament_cmake_args': None, 'build_base': '/afs/inf.ed.ac.uk/user/s22/s2281597/ranger_object_finder/ranger_nav/ros_ws/build/hls_lfcd_lds_driver', 'catkin_cmake_args': None, 'catkin_skip_building_tests': False, 'cmake_args': None, 'cmake_clean_cache': False, 'cmake_clean_first': False, 'cmake_force_configure': False, 'cmake_target': None, 'cmake_target_skip_unavailable': False, 'install_base': '/afs/inf.ed.ac.uk/user/s22/s2281597/ranger_object_finder/ranger_nav/ros_ws/install/hls_lfcd_lds_driver', 'merge_install': False, 'path': '/afs/inf.ed.ac.uk/user/s22/s2281597/ranger_object_finder/ranger_nav/ros_ws/src/hls_lfcd_lds_driver', 'symlink_install': True, 'test_result_base': None}
[0.298s] Level 5:colcon.colcon_core.verb:set package 'movement_controller' build argument 'cmake_args' from command line to 'None'
[0.298s] Level 5:colcon.colcon_core.verb:set package 'movement_controller' build argument 'cmake_target' from command line to 'None'
[0.298s] Level 5:colcon.colcon_core.verb:set package 'movement_controller' build argument 'cmake_target_skip_unavailable' from command line to 'False'
[0.298s] Level 5:colcon.colcon_core.verb:set package 'movement_controller' build argument 'cmake_clean_cache' from command line to 'False'
[0.298s] Level 5:colcon.colcon_core.verb:set package 'movement_controller' build argument 'cmake_clean_first' from command line to 'False'
[0.298s] Level 5:colcon.colcon_core.verb:set package 'movement_controller' build argument 'cmake_force_configure' from command line to 'False'
[0.298s] Level 5:colcon.colcon_core.verb:set package 'movement_controller' build argument 'ament_cmake_args' from command line to 'None'
[0.298s] Level 5:colcon.colcon_core.verb:set package 'movement_controller' build argument 'catkin_cmake_args' from command line to 'None'
[0.298s] Level 5:colcon.colcon_core.verb:set package 'movement_controller' build argument 'catkin_skip_building_tests' from command line to 'False'
[0.298s] DEBUG:colcon.colcon_core.verb:Building package 'movement_controller' with the following arguments: {'ament_cmake_args': None, 'build_base': '/afs/inf.ed.ac.uk/user/s22/s2281597/ranger_object_finder/ranger_nav/ros_ws/build/movement_controller', 'catkin_cmake_args': None, 'catkin_skip_building_tests': False, 'cmake_args': None, 'cmake_clean_cache': False, 'cmake_clean_first': False, 'cmake_force_configure': False, 'cmake_target': None, 'cmake_target_skip_unavailable': False, 'install_base': '/afs/inf.ed.ac.uk/user/s22/s2281597/ranger_object_finder/ranger_nav/ros_ws/install/movement_controller', 'merge_install': False, 'path': '/afs/inf.ed.ac.uk/user/s22/s2281597/ranger_object_finder/ranger_nav/ros_ws/src/movement_controller', 'symlink_install': True, 'test_result_base': None}
[0.298s] Level 5:colcon.colcon_core.verb:set package 'openslam_gmapping' build argument 'cmake_args' from command line to 'None'
[0.298s] Level 5:colcon.colcon_core.verb:set package 'openslam_gmapping' build argument 'cmake_target' from command line to 'None'
[0.298s] Level 5:colcon.colcon_core.verb:set package 'openslam_gmapping' build argument 'cmake_target_skip_unavailable' from command line to 'False'
[0.298s] Level 5:colcon.colcon_core.verb:set package 'openslam_gmapping' build argument 'cmake_clean_cache' from command line to 'False'
[0.298s] Level 5:colcon.colcon_core.verb:set package 'openslam_gmapping' build argument 'cmake_clean_first' from command line to 'False'
[0.298s] Level 5:colcon.colcon_core.verb:set package 'openslam_gmapping' build argument 'cmake_force_configure' from command line to 'False'
[0.298s] Level 5:colcon.colcon_core.verb:set package 'openslam_gmapping' build argument 'ament_cmake_args' from command line to 'None'
[0.298s] Level 5:colcon.colcon_core.verb:set package 'openslam_gmapping' build argument 'catkin_cmake_args' from command line to 'None'
[0.298s] Level 5:colcon.colcon_core.verb:set package 'openslam_gmapping' build argument 'catkin_skip_building_tests' from command line to 'False'
[0.298s] DEBUG:colcon.colcon_core.verb:Building package 'openslam_gmapping' with the following arguments: {'ament_cmake_args': None, 'build_base': '/afs/inf.ed.ac.uk/user/s22/s2281597/ranger_object_finder/ranger_nav/ros_ws/build/openslam_gmapping', 'catkin_cmake_args': None, 'catkin_skip_building_tests': False, 'cmake_args': None, 'cmake_clean_cache': False, 'cmake_clean_first': False, 'cmake_force_configure': False, 'cmake_target': None, 'cmake_target_skip_unavailable': False, 'install_base': '/afs/inf.ed.ac.uk/user/s22/s2281597/ranger_object_finder/ranger_nav/ros_ws/install/openslam_gmapping', 'merge_install': False, 'path': '/afs/inf.ed.ac.uk/user/s22/s2281597/ranger_object_finder/ranger_nav/ros_ws/src/slam_gmapping/openslam_gmapping', 'symlink_install': True, 'test_result_base': None}
[0.299s] Level 5:colcon.colcon_core.verb:set package 'slam_gmapping' build argument 'cmake_args' from command line to 'None'
[0.299s] Level 5:colcon.colcon_core.verb:set package 'slam_gmapping' build argument 'cmake_target' from command line to 'None'
[0.299s] Level 5:colcon.colcon_core.verb:set package 'slam_gmapping' build argument 'cmake_target_skip_unavailable' from command line to 'False'
[0.299s] Level 5:colcon.colcon_core.verb:set package 'slam_gmapping' build argument 'cmake_clean_cache' from command line to 'False'
[0.299s] Level 5:colcon.colcon_core.verb:set package 'slam_gmapping' build argument 'cmake_clean_first' from command line to 'False'
[0.299s] Level 5:colcon.colcon_core.verb:set package 'slam_gmapping' build argument 'cmake_force_configure' from command line to 'False'
[0.299s] Level 5:colcon.colcon_core.verb:set package 'slam_gmapping' build argument 'ament_cmake_args' from command line to 'None'
[0.299s] Level 5:colcon.colcon_core.verb:set package 'slam_gmapping' build argument 'catkin_cmake_args' from command line to 'None'
[0.299s] Level 5:colcon.colcon_core.verb:set package 'slam_gmapping' build argument 'catkin_skip_building_tests' from command line to 'False'
[0.299s] DEBUG:colcon.colcon_core.verb:Building package 'slam_gmapping' with the following arguments: {'ament_cmake_args': None, 'build_base': '/afs/inf.ed.ac.uk/user/s22/s2281597/ranger_object_finder/ranger_nav/ros_ws/build/slam_gmapping', 'catkin_cmake_args': None, 'catkin_skip_building_tests': False, 'cmake_args': None, 'cmake_clean_cache': False, 'cmake_clean_first': False, 'cmake_force_configure': False, 'cmake_target': None, 'cmake_target_skip_unavailable': False, 'install_base': '/afs/inf.ed.ac.uk/user/s22/s2281597/ranger_object_finder/ranger_nav/ros_ws/install/slam_gmapping', 'merge_install': False, 'path': '/afs/inf.ed.ac.uk/user/s22/s2281597/ranger_object_finder/ranger_nav/ros_ws/src/slam_gmapping/slam_gmapping', 'symlink_install': True, 'test_result_base': None}
[0.299s] INFO:colcon.colcon_core.executor:Executing jobs using 'sequential' executor
[0.300s] DEBUG:colcon.colcon_core.executor.sequential:run_until_complete 'hls_lfcd_lds_driver'
[0.300s] INFO:colcon.colcon_ros.task.ament_cmake.build:Building ROS package in '/afs/inf.ed.ac.uk/user/s22/s2281597/ranger_object_finder/ranger_nav/ros_ws/src/hls_lfcd_lds_driver' with build type 'ament_cmake'
[0.300s] INFO:colcon.colcon_cmake.task.cmake.build:Building CMake package in '/afs/inf.ed.ac.uk/user/s22/s2281597/ranger_object_finder/ranger_nav/ros_ws/src/hls_lfcd_lds_driver'
[0.300s] INFO:colcon.colcon_core.plugin_system:Skipping extension 'colcon_core.shell.bat': Not used on non-Windows systems
[0.300s] DEBUG:colcon.colcon_core.shell:Skip shell extension 'dsv' for command environment
[0.301s] WARNING:colcon.colcon_ros.prefix_path.ament:The path '/afs/inf.ed.ac.uk/user/s22/s2281597/ranger_object_finder/ranger_nav/ros_ws/install/slam_gmapping' in the environment variable AMENT_PREFIX_PATH doesn't exist
[0.301s] WARNING:colcon.colcon_ros.prefix_path.ament:The path '/afs/inf.ed.ac.uk/user/s22/s2281597/ranger_object_finder/ranger_nav/ros_ws/install/openslam_gmapping' in the environment variable AMENT_PREFIX_PATH doesn't exist
[0.301s] WARNING:colcon.colcon_ros.prefix_path.ament:The path '/afs/inf.ed.ac.uk/user/s22/s2281597/ranger_object_finder/ranger_nav/ros_ws/install/movement_controller' in the environment variable AMENT_PREFIX_PATH doesn't exist
[0.301s] WARNING:colcon.colcon_ros.prefix_path.ament:The path '/afs/inf.ed.ac.uk/user/s22/s2281597/ranger_object_finder/ranger_nav/ros_ws/install/hls_lfcd_lds_driver' in the environment variable AMENT_PREFIX_PATH doesn't exist
[0.301s] WARNING:colcon.colcon_ros.prefix_path.catkin:The path '/afs/inf.ed.ac.uk/user/s22/s2281597/ranger_object_finder/ranger_nav/ros_ws/install/slam_gmapping' in the environment variable CMAKE_PREFIX_PATH doesn't exist
[0.302s] WARNING:colcon.colcon_ros.prefix_path.catkin:The path '/afs/inf.ed.ac.uk/user/s22/s2281597/ranger_object_finder/ranger_nav/ros_ws/install/openslam_gmapping' in the environment variable CMAKE_PREFIX_PATH doesn't exist
[0.302s] WARNING:colcon.colcon_ros.prefix_path.catkin:The path '/afs/inf.ed.ac.uk/user/s22/s2281597/ranger_object_finder/ranger_nav/ros_ws/install/hls_lfcd_lds_driver' in the environment variable CMAKE_PREFIX_PATH doesn't exist
[0.331s] DEBUG:colcon.colcon_core.event_handler.log_command:Invoking command in '/afs/inf.ed.ac.uk/user/s22/s2281597/ranger_object_finder/ranger_nav/ros_ws/build/hls_lfcd_lds_driver': BASH=/bin/sh CMAKE_PREFIX_PATH=${CMAKE_PREFIX_PATH}:/afs/inf.ed.ac.uk/user/s22/s2281597/ranger_object_finder/ranger_nav/ros_ws/install/movement_controller:/opt/ros/humble MODULES_CMD=${MODULES_CMD}
BASH_FUNC_rvirsh%%=() {  KVMHOST=$1;
 shift;
 if [ "$KVMHOST" ]; then
 if [ "$KVMHOST" = "." ]; then
 URI="qemu:///system";
 else
 URI="qemu+ssh://$KVMHOST/system";
 fi;
 else
 URI="qemu:///system";
 fi;
 virsh --connect $URI $@
}
BASH_FUNC_ml%%=() {  module ml "$@"
}
BASH_FUNC_module%%=() {  eval `/usr/bin/tclsh8.6 /usr/lib/x86_64-linux-gnu/modulecmd.tcl sh "$@"`;
 _mlstatus=$?;
 return $_mlstatus
}
BASH_FUNC_resize%%=() {  eval `command resize`
}
BASH_FUNC_command_not_found_handle%%=() {  unset command_not_found_handle;
 if [[ "$IFS" != '
' ]]; then
 _command_not_found $*;
 fi;
 function dbg ()
 {
 [[ -n $CRICHTON_DEBUG ]] && echo $1 1>&2
 };
 SORT="/usr/bin/_SortBashRC";
 PATTERN='[0-9][0-9][0-9].*';
 if [[ -n $CRICHTON_DEBUG ]]; then
 modules=$($SORT $CRICHTON_SYS/$PATTERN $CRICHTON_USR/$PATTERN);
 else
 modules=$($SORT $CRICHTON_SYS/$PATTERN $CRICHTON_USR/$PATTERN 2>&-);
 fi;
 dbg "- Found $(/bin/echo $modules | /usr/bin/wc -w 2>&-) modules.";
 for mod in ${modules} _command_not_found;
 do
 dbg "-- $(/bin/basename $mod 2>&-)";
 CRICHTON_SYS=$CRICHTON_SYS CRICHTON_USR=$CRICHTON_USR "$mod" $*;
 exit=$?;
 dbg "[exit $exit]";
 [[ $exit == 255 ]] && {
 _command_not_found $1;
 break
 };
 [[ $exit == 0 ]] && break;
 done;
 return 127
}
BASH_FUNC_setpath%%=() {  if [ -f /usr/bin/pathfix ]; then
 pathfix_binary=/usr/bin/pathfix;
 else
 pathfix_binary=/usr/local/bin/pathfix;
 fi;
 new_PATH=`$pathfix_binary $@`;
 [ "$new_PATH" ] && PATH="$new_PATH";
 export PATH
}
BASH_FUNC__command_not_found%%=() {  echo "bash: $1: command not found" 1>&2
}
BASH_FUNC_colloq%%=() {  more /usr/local/alert/misc/coll
}
BASH_FUNC_gnu%%=() {  command gnu -u $LOGNAME $*
}
BASH_FUNC_purge%%=() {  rm -f *~ .*~ \#*\# tmp*
}
BASH_FUNC_setup%%=() {  source /usr/local/share/setup/setup.sh $*
} _=/usr/bin/env /usr/bin/cmake /afs/inf.ed.ac.uk/user/s22/s2281597/ranger_object_finder/ranger_nav/ros_ws/src/hls_lfcd_lds_driver -DAMENT_CMAKE_SYMLINK_INSTALL=1 -DCMAKE_INSTALL_PREFIX=/afs/inf.ed.ac.uk/user/s22/s2281597/ranger_object_finder/ranger_nav/ros_ws/install/hls_lfcd_lds_driver
[2.229s] DEBUG:colcon.colcon_core.event_handler.log_command:Invoked command in '/afs/inf.ed.ac.uk/user/s22/s2281597/ranger_object_finder/ranger_nav/ros_ws/build/hls_lfcd_lds_driver' returned '0': BASH=/bin/sh CMAKE_PREFIX_PATH=${CMAKE_PREFIX_PATH}:/afs/inf.ed.ac.uk/user/s22/s2281597/ranger_object_finder/ranger_nav/ros_ws/install/movement_controller:/opt/ros/humble MODULES_CMD=${MODULES_CMD}
BASH_FUNC_rvirsh%%=() {  KVMHOST=$1;
 shift;
 if [ "$KVMHOST" ]; then
 if [ "$KVMHOST" = "." ]; then
 URI="qemu:///system";
 else
 URI="qemu+ssh://$KVMHOST/system";
 fi;
 else
 URI="qemu:///system";
 fi;
 virsh --connect $URI $@
}
BASH_FUNC_ml%%=() {  module ml "$@"
}
BASH_FUNC_module%%=() {  eval `/usr/bin/tclsh8.6 /usr/lib/x86_64-linux-gnu/modulecmd.tcl sh "$@"`;
 _mlstatus=$?;
 return $_mlstatus
}
BASH_FUNC_resize%%=() {  eval `command resize`
}
BASH_FUNC_command_not_found_handle%%=() {  unset command_not_found_handle;
 if [[ "$IFS" != '
' ]]; then
 _command_not_found $*;
 fi;
 function dbg ()
 {
 [[ -n $CRICHTON_DEBUG ]] && echo $1 1>&2
 };
 SORT="/usr/bin/_SortBashRC";
 PATTERN='[0-9][0-9][0-9].*';
 if [[ -n $CRICHTON_DEBUG ]]; then
 modules=$($SORT $CRICHTON_SYS/$PATTERN $CRICHTON_USR/$PATTERN);
 else
 modules=$($SORT $CRICHTON_SYS/$PATTERN $CRICHTON_USR/$PATTERN 2>&-);
 fi;
 dbg "- Found $(/bin/echo $modules | /usr/bin/wc -w 2>&-) modules.";
 for mod in ${modules} _command_not_found;
 do
 dbg "-- $(/bin/basename $mod 2>&-)";
 CRICHTON_SYS=$CRICHTON_SYS CRICHTON_USR=$CRICHTON_USR "$mod" $*;
 exit=$?;
 dbg "[exit $exit]";
 [[ $exit == 255 ]] && {
 _command_not_found $1;
 break
 };
 [[ $exit == 0 ]] && break;
 done;
 return 127
}
BASH_FUNC_setpath%%=() {  if [ -f /usr/bin/pathfix ]; then
 pathfix_binary=/usr/bin/pathfix;
 else
 pathfix_binary=/usr/local/bin/pathfix;
 fi;
 new_PATH=`$pathfix_binary $@`;
 [ "$new_PATH" ] && PATH="$new_PATH";
 export PATH
}
BASH_FUNC__command_not_found%%=() {  echo "bash: $1: command not found" 1>&2
}
BASH_FUNC_colloq%%=() {  more /usr/local/alert/misc/coll
}
BASH_FUNC_gnu%%=() {  command gnu -u $LOGNAME $*
}
BASH_FUNC_purge%%=() {  rm -f *~ .*~ \#*\# tmp*
}
BASH_FUNC_setup%%=() {  source /usr/local/share/setup/setup.sh $*
} _=/usr/bin/env /usr/bin/cmake /afs/inf.ed.ac.uk/user/s22/s2281597/ranger_object_finder/ranger_nav/ros_ws/src/hls_lfcd_lds_driver -DAMENT_CMAKE_SYMLINK_INSTALL=1 -DCMAKE_INSTALL_PREFIX=/afs/inf.ed.ac.uk/user/s22/s2281597/ranger_object_finder/ranger_nav/ros_ws/install/hls_lfcd_lds_driver
[2.230s] DEBUG:colcon.colcon_core.event_handler.log_command:Invoking command in '/afs/inf.ed.ac.uk/user/s22/s2281597/ranger_object_finder/ranger_nav/ros_ws/build/hls_lfcd_lds_driver': BASH=/bin/sh CMAKE_PREFIX_PATH=${CMAKE_PREFIX_PATH}:/afs/inf.ed.ac.uk/user/s22/s2281597/ranger_object_finder/ranger_nav/ros_ws/install/movement_controller:/opt/ros/humble MODULES_CMD=${MODULES_CMD}
BASH_FUNC_rvirsh%%=() {  KVMHOST=$1;
 shift;
 if [ "$KVMHOST" ]; then
 if [ "$KVMHOST" = "." ]; then
 URI="qemu:///system";
 else
 URI="qemu+ssh://$KVMHOST/system";
 fi;
 else
 URI="qemu:///system";
 fi;
 virsh --connect $URI $@
}
BASH_FUNC_ml%%=() {  module ml "$@"
}
BASH_FUNC_module%%=() {  eval `/usr/bin/tclsh8.6 /usr/lib/x86_64-linux-gnu/modulecmd.tcl sh "$@"`;
 _mlstatus=$?;
 return $_mlstatus
}
BASH_FUNC_resize%%=() {  eval `command resize`
}
BASH_FUNC_command_not_found_handle%%=() {  unset command_not_found_handle;
 if [[ "$IFS" != '
' ]]; then
 _command_not_found $*;
 fi;
 function dbg ()
 {
 [[ -n $CRICHTON_DEBUG ]] && echo $1 1>&2
 };
 SORT="/usr/bin/_SortBashRC";
 PATTERN='[0-9][0-9][0-9].*';
 if [[ -n $CRICHTON_DEBUG ]]; then
 modules=$($SORT $CRICHTON_SYS/$PATTERN $CRICHTON_USR/$PATTERN);
 else
 modules=$($SORT $CRICHTON_SYS/$PATTERN $CRICHTON_USR/$PATTERN 2>&-);
 fi;
 dbg "- Found $(/bin/echo $modules | /usr/bin/wc -w 2>&-) modules.";
 for mod in ${modules} _command_not_found;
 do
 dbg "-- $(/bin/basename $mod 2>&-)";
 CRICHTON_SYS=$CRICHTON_SYS CRICHTON_USR=$CRICHTON_USR "$mod" $*;
 exit=$?;
 dbg "[exit $exit]";
 [[ $exit == 255 ]] && {
 _command_not_found $1;
 break
 };
 [[ $exit == 0 ]] && break;
 done;
 return 127
}
BASH_FUNC_setpath%%=() {  if [ -f /usr/bin/pathfix ]; then
 pathfix_binary=/usr/bin/pathfix;
 else
 pathfix_binary=/usr/local/bin/pathfix;
 fi;
 new_PATH=`$pathfix_binary $@`;
 [ "$new_PATH" ] && PATH="$new_PATH";
 export PATH
}
BASH_FUNC__command_not_found%%=() {  echo "bash: $1: command not found" 1>&2
}
BASH_FUNC_colloq%%=() {  more /usr/local/alert/misc/coll
}
BASH_FUNC_gnu%%=() {  command gnu -u $LOGNAME $*
}
BASH_FUNC_purge%%=() {  rm -f *~ .*~ \#*\# tmp*
}
BASH_FUNC_setup%%=() {  source /usr/local/share/setup/setup.sh $*
} _=/usr/bin/env /usr/bin/cmake --build /afs/inf.ed.ac.uk/user/s22/s2281597/ranger_object_finder/ranger_nav/ros_ws/build/hls_lfcd_lds_driver -- -j12 -l12
[7.107s] DEBUG:colcon.colcon_core.event_handler.log_command:Invoked command in '/afs/inf.ed.ac.uk/user/s22/s2281597/ranger_object_finder/ranger_nav/ros_ws/build/hls_lfcd_lds_driver' returned '0': BASH=/bin/sh CMAKE_PREFIX_PATH=${CMAKE_PREFIX_PATH}:/afs/inf.ed.ac.uk/user/s22/s2281597/ranger_object_finder/ranger_nav/ros_ws/install/movement_controller:/opt/ros/humble MODULES_CMD=${MODULES_CMD}
BASH_FUNC_rvirsh%%=() {  KVMHOST=$1;
 shift;
 if [ "$KVMHOST" ]; then
 if [ "$KVMHOST" = "." ]; then
 URI="qemu:///system";
 else
 URI="qemu+ssh://$KVMHOST/system";
 fi;
 else
 URI="qemu:///system";
 fi;
 virsh --connect $URI $@
}
BASH_FUNC_ml%%=() {  module ml "$@"
}
BASH_FUNC_module%%=() {  eval `/usr/bin/tclsh8.6 /usr/lib/x86_64-linux-gnu/modulecmd.tcl sh "$@"`;
 _mlstatus=$?;
 return $_mlstatus
}
BASH_FUNC_resize%%=() {  eval `command resize`
}
BASH_FUNC_command_not_found_handle%%=() {  unset command_not_found_handle;
 if [[ "$IFS" != '
' ]]; then
 _command_not_found $*;
 fi;
 function dbg ()
 {
 [[ -n $CRICHTON_DEBUG ]] && echo $1 1>&2
 };
 SORT="/usr/bin/_SortBashRC";
 PATTERN='[0-9][0-9][0-9].*';
 if [[ -n $CRICHTON_DEBUG ]]; then
 modules=$($SORT $CRICHTON_SYS/$PATTERN $CRICHTON_USR/$PATTERN);
 else
 modules=$($SORT $CRICHTON_SYS/$PATTERN $CRICHTON_USR/$PATTERN 2>&-);
 fi;
 dbg "- Found $(/bin/echo $modules | /usr/bin/wc -w 2>&-) modules.";
 for mod in ${modules} _command_not_found;
 do
 dbg "-- $(/bin/basename $mod 2>&-)";
 CRICHTON_SYS=$CRICHTON_SYS CRICHTON_USR=$CRICHTON_USR "$mod" $*;
 exit=$?;
 dbg "[exit $exit]";
 [[ $exit == 255 ]] && {
 _command_not_found $1;
 break
 };
 [[ $exit == 0 ]] && break;
 done;
 return 127
}
BASH_FUNC_setpath%%=() {  if [ -f /usr/bin/pathfix ]; then
 pathfix_binary=/usr/bin/pathfix;
 else
 pathfix_binary=/usr/local/bin/pathfix;
 fi;
 new_PATH=`$pathfix_binary $@`;
 [ "$new_PATH" ] && PATH="$new_PATH";
 export PATH
}
BASH_FUNC__command_not_found%%=() {  echo "bash: $1: command not found" 1>&2
}
BASH_FUNC_colloq%%=() {  more /usr/local/alert/misc/coll
}
BASH_FUNC_gnu%%=() {  command gnu -u $LOGNAME $*
}
BASH_FUNC_purge%%=() {  rm -f *~ .*~ \#*\# tmp*
}
BASH_FUNC_setup%%=() {  source /usr/local/share/setup/setup.sh $*
} _=/usr/bin/env /usr/bin/cmake --build /afs/inf.ed.ac.uk/user/s22/s2281597/ranger_object_finder/ranger_nav/ros_ws/build/hls_lfcd_lds_driver -- -j12 -l12
[7.185s] DEBUG:colcon.colcon_core.event_handler.log_command:Invoking command in '/afs/inf.ed.ac.uk/user/s22/s2281597/ranger_object_finder/ranger_nav/ros_ws/build/hls_lfcd_lds_driver': BASH=/bin/sh CMAKE_PREFIX_PATH=${CMAKE_PREFIX_PATH}:/afs/inf.ed.ac.uk/user/s22/s2281597/ranger_object_finder/ranger_nav/ros_ws/install/movement_controller:/opt/ros/humble MODULES_CMD=${MODULES_CMD}
BASH_FUNC_rvirsh%%=() {  KVMHOST=$1;
 shift;
 if [ "$KVMHOST" ]; then
 if [ "$KVMHOST" = "." ]; then
 URI="qemu:///system";
 else
 URI="qemu+ssh://$KVMHOST/system";
 fi;
 else
 URI="qemu:///system";
 fi;
 virsh --connect $URI $@
}
BASH_FUNC_ml%%=() {  module ml "$@"
}
BASH_FUNC_module%%=() {  eval `/usr/bin/tclsh8.6 /usr/lib/x86_64-linux-gnu/modulecmd.tcl sh "$@"`;
 _mlstatus=$?;
 return $_mlstatus
}
BASH_FUNC_resize%%=() {  eval `command resize`
}
BASH_FUNC_command_not_found_handle%%=() {  unset command_not_found_handle;
 if [[ "$IFS" != '
' ]]; then
 _command_not_found $*;
 fi;
 function dbg ()
 {
 [[ -n $CRICHTON_DEBUG ]] && echo $1 1>&2
 };
 SORT="/usr/bin/_SortBashRC";
 PATTERN='[0-9][0-9][0-9].*';
 if [[ -n $CRICHTON_DEBUG ]]; then
 modules=$($SORT $CRICHTON_SYS/$PATTERN $CRICHTON_USR/$PATTERN);
 else
 modules=$($SORT $CRICHTON_SYS/$PATTERN $CRICHTON_USR/$PATTERN 2>&-);
 fi;
 dbg "- Found $(/bin/echo $modules | /usr/bin/wc -w 2>&-) modules.";
 for mod in ${modules} _command_not_found;
 do
 dbg "-- $(/bin/basename $mod 2>&-)";
 CRICHTON_SYS=$CRICHTON_SYS CRICHTON_USR=$CRICHTON_USR "$mod" $*;
 exit=$?;
 dbg "[exit $exit]";
 [[ $exit == 255 ]] && {
 _command_not_found $1;
 break
 };
 [[ $exit == 0 ]] && break;
 done;
 return 127
}
BASH_FUNC_setpath%%=() {  if [ -f /usr/bin/pathfix ]; then
 pathfix_binary=/usr/bin/pathfix;
 else
 pathfix_binary=/usr/local/bin/pathfix;
 fi;
 new_PATH=`$pathfix_binary $@`;
 [ "$new_PATH" ] && PATH="$new_PATH";
 export PATH
}
BASH_FUNC__command_not_found%%=() {  echo "bash: $1: command not found" 1>&2
}
BASH_FUNC_colloq%%=() {  more /usr/local/alert/misc/coll
}
BASH_FUNC_gnu%%=() {  command gnu -u $LOGNAME $*
}
BASH_FUNC_purge%%=() {  rm -f *~ .*~ \#*\# tmp*
}
BASH_FUNC_setup%%=() {  source /usr/local/share/setup/setup.sh $*
} _=/usr/bin/env /usr/bin/cmake --install /afs/inf.ed.ac.uk/user/s22/s2281597/ranger_object_finder/ranger_nav/ros_ws/build/hls_lfcd_lds_driver
[7.407s] Level 1:colcon.colcon_core.environment:create_environment_scripts_only(hls_lfcd_lds_driver)
[7.408s] DEBUG:colcon.colcon_core.event_handler.log_command:Invoked command in '/afs/inf.ed.ac.uk/user/s22/s2281597/ranger_object_finder/ranger_nav/ros_ws/build/hls_lfcd_lds_driver' returned '0': BASH=/bin/sh CMAKE_PREFIX_PATH=${CMAKE_PREFIX_PATH}:/afs/inf.ed.ac.uk/user/s22/s2281597/ranger_object_finder/ranger_nav/ros_ws/install/movement_controller:/opt/ros/humble MODULES_CMD=${MODULES_CMD}
BASH_FUNC_rvirsh%%=() {  KVMHOST=$1;
 shift;
 if [ "$KVMHOST" ]; then
 if [ "$KVMHOST" = "." ]; then
 URI="qemu:///system";
 else
 URI="qemu+ssh://$KVMHOST/system";
 fi;
 else
 URI="qemu:///system";
 fi;
 virsh --connect $URI $@
}
BASH_FUNC_ml%%=() {  module ml "$@"
}
BASH_FUNC_module%%=() {  eval `/usr/bin/tclsh8.6 /usr/lib/x86_64-linux-gnu/modulecmd.tcl sh "$@"`;
 _mlstatus=$?;
 return $_mlstatus
}
BASH_FUNC_resize%%=() {  eval `command resize`
}
BASH_FUNC_command_not_found_handle%%=() {  unset command_not_found_handle;
 if [[ "$IFS" != '
' ]]; then
 _command_not_found $*;
 fi;
 function dbg ()
 {
 [[ -n $CRICHTON_DEBUG ]] && echo $1 1>&2
 };
 SORT="/usr/bin/_SortBashRC";
 PATTERN='[0-9][0-9][0-9].*';
 if [[ -n $CRICHTON_DEBUG ]]; then
 modules=$($SORT $CRICHTON_SYS/$PATTERN $CRICHTON_USR/$PATTERN);
 else
 modules=$($SORT $CRICHTON_SYS/$PATTERN $CRICHTON_USR/$PATTERN 2>&-);
 fi;
 dbg "- Found $(/bin/echo $modules | /usr/bin/wc -w 2>&-) modules.";
 for mod in ${modules} _command_not_found;
 do
 dbg "-- $(/bin/basename $mod 2>&-)";
 CRICHTON_SYS=$CRICHTON_SYS CRICHTON_USR=$CRICHTON_USR "$mod" $*;
 exit=$?;
 dbg "[exit $exit]";
 [[ $exit == 255 ]] && {
 _command_not_found $1;
 break
 };
 [[ $exit == 0 ]] && break;
 done;
 return 127
}
BASH_FUNC_setpath%%=() {  if [ -f /usr/bin/pathfix ]; then
 pathfix_binary=/usr/bin/pathfix;
 else
 pathfix_binary=/usr/local/bin/pathfix;
 fi;
 new_PATH=`$pathfix_binary $@`;
 [ "$new_PATH" ] && PATH="$new_PATH";
 export PATH
}
BASH_FUNC__command_not_found%%=() {  echo "bash: $1: command not found" 1>&2
}
BASH_FUNC_colloq%%=() {  more /usr/local/alert/misc/coll
}
BASH_FUNC_gnu%%=() {  command gnu -u $LOGNAME $*
}
BASH_FUNC_purge%%=() {  rm -f *~ .*~ \#*\# tmp*
}
BASH_FUNC_setup%%=() {  source /usr/local/share/setup/setup.sh $*
} _=/usr/bin/env /usr/bin/cmake --install /afs/inf.ed.ac.uk/user/s22/s2281597/ranger_object_finder/ranger_nav/ros_ws/build/hls_lfcd_lds_driver
[7.409s] Level 1:colcon.colcon_core.environment:checking '/afs/inf.ed.ac.uk/user/s22/s2281597/ranger_object_finder/ranger_nav/ros_ws/install/hls_lfcd_lds_driver' for CMake module files
[7.410s] Level 1:colcon.colcon_core.environment:checking '/afs/inf.ed.ac.uk/user/s22/s2281597/ranger_object_finder/ranger_nav/ros_ws/install/hls_lfcd_lds_driver' for CMake config files
[7.411s] Level 1:colcon.colcon_core.shell:create_environment_hook('hls_lfcd_lds_driver', 'cmake_prefix_path')
[7.411s] INFO:colcon.colcon_core.shell:Creating environment descriptor '/afs/inf.ed.ac.uk/user/s22/s2281597/ranger_object_finder/ranger_nav/ros_ws/install/hls_lfcd_lds_driver/share/hls_lfcd_lds_driver/hook/cmake_prefix_path.dsv'
[7.415s] INFO:colcon.colcon_core.shell:Creating environment hook '/afs/inf.ed.ac.uk/user/s22/s2281597/ranger_object_finder/ranger_nav/ros_ws/install/hls_lfcd_lds_driver/share/hls_lfcd_lds_driver/hook/cmake_prefix_path.sh'
[7.417s] Level 1:colcon.colcon_core.environment:checking '/afs/inf.ed.ac.uk/user/s22/s2281597/ranger_object_finder/ranger_nav/ros_ws/install/hls_lfcd_lds_driver/lib'
[7.417s] Level 1:colcon.colcon_core.environment:checking '/afs/inf.ed.ac.uk/user/s22/s2281597/ranger_object_finder/ranger_nav/ros_ws/install/hls_lfcd_lds_driver/bin'
[7.417s] Level 1:colcon.colcon_core.environment:checking '/afs/inf.ed.ac.uk/user/s22/s2281597/ranger_object_finder/ranger_nav/ros_ws/install/hls_lfcd_lds_driver/lib/pkgconfig/hls_lfcd_lds_driver.pc'
[7.418s] Level 1:colcon.colcon_core.environment:checking '/afs/inf.ed.ac.uk/user/s22/s2281597/ranger_object_finder/ranger_nav/ros_ws/install/hls_lfcd_lds_driver/lib/python3.10/site-packages'
[7.418s] Level 1:colcon.colcon_core.environment:checking '/afs/inf.ed.ac.uk/user/s22/s2281597/ranger_object_finder/ranger_nav/ros_ws/install/hls_lfcd_lds_driver/bin'
[7.418s] INFO:colcon.colcon_core.shell:Creating package descriptor '/afs/inf.ed.ac.uk/user/s22/s2281597/ranger_object_finder/ranger_nav/ros_ws/install/hls_lfcd_lds_driver/share/hls_lfcd_lds_driver/package.dsv'
[7.422s] INFO:colcon.colcon_core.shell:Creating package script '/afs/inf.ed.ac.uk/user/s22/s2281597/ranger_object_finder/ranger_nav/ros_ws/install/hls_lfcd_lds_driver/share/hls_lfcd_lds_driver/package.sh'
[7.424s] Level 1:colcon.colcon_core.environment:create_file_with_runtime_dependencies(/afs/inf.ed.ac.uk/user/s22/s2281597/ranger_object_finder/ranger_nav/ros_ws/install/hls_lfcd_lds_driver/share/colcon-core/packages/hls_lfcd_lds_driver)
[7.504s] Level 1:colcon.colcon_core.environment:create_environment_scripts_only(hls_lfcd_lds_driver)
[7.505s] Level 1:colcon.colcon_core.environment:checking '/afs/inf.ed.ac.uk/user/s22/s2281597/ranger_object_finder/ranger_nav/ros_ws/install/hls_lfcd_lds_driver' for CMake module files
[7.505s] Level 1:colcon.colcon_core.environment:checking '/afs/inf.ed.ac.uk/user/s22/s2281597/ranger_object_finder/ranger_nav/ros_ws/install/hls_lfcd_lds_driver' for CMake config files
[7.506s] Level 1:colcon.colcon_core.shell:create_environment_hook('hls_lfcd_lds_driver', 'cmake_prefix_path')
[7.506s] INFO:colcon.colcon_core.shell:Creating environment descriptor '/afs/inf.ed.ac.uk/user/s22/s2281597/ranger_object_finder/ranger_nav/ros_ws/install/hls_lfcd_lds_driver/share/hls_lfcd_lds_driver/hook/cmake_prefix_path.dsv'
[7.508s] INFO:colcon.colcon_core.shell:Creating environment hook '/afs/inf.ed.ac.uk/user/s22/s2281597/ranger_object_finder/ranger_nav/ros_ws/install/hls_lfcd_lds_driver/share/hls_lfcd_lds_driver/hook/cmake_prefix_path.sh'
[7.511s] Level 1:colcon.colcon_core.environment:checking '/afs/inf.ed.ac.uk/user/s22/s2281597/ranger_object_finder/ranger_nav/ros_ws/install/hls_lfcd_lds_driver/lib'
[7.511s] Level 1:colcon.colcon_core.environment:checking '/afs/inf.ed.ac.uk/user/s22/s2281597/ranger_object_finder/ranger_nav/ros_ws/install/hls_lfcd_lds_driver/bin'
[7.512s] Level 1:colcon.colcon_core.environment:checking '/afs/inf.ed.ac.uk/user/s22/s2281597/ranger_object_finder/ranger_nav/ros_ws/install/hls_lfcd_lds_driver/lib/pkgconfig/hls_lfcd_lds_driver.pc'
[7.512s] Level 1:colcon.colcon_core.environment:checking '/afs/inf.ed.ac.uk/user/s22/s2281597/ranger_object_finder/ranger_nav/ros_ws/install/hls_lfcd_lds_driver/lib/python3.10/site-packages'
[7.513s] Level 1:colcon.colcon_core.environment:checking '/afs/inf.ed.ac.uk/user/s22/s2281597/ranger_object_finder/ranger_nav/ros_ws/install/hls_lfcd_lds_driver/bin'
[7.514s] INFO:colcon.colcon_core.shell:Creating package descriptor '/afs/inf.ed.ac.uk/user/s22/s2281597/ranger_object_finder/ranger_nav/ros_ws/install/hls_lfcd_lds_driver/share/hls_lfcd_lds_driver/package.dsv'
[7.517s] INFO:colcon.colcon_core.shell:Creating package script '/afs/inf.ed.ac.uk/user/s22/s2281597/ranger_object_finder/ranger_nav/ros_ws/install/hls_lfcd_lds_driver/share/hls_lfcd_lds_driver/package.sh'
[7.520s] Level 1:colcon.colcon_core.environment:create_file_with_runtime_dependencies(/afs/inf.ed.ac.uk/user/s22/s2281597/ranger_object_finder/ranger_nav/ros_ws/install/hls_lfcd_lds_driver/share/colcon-core/packages/hls_lfcd_lds_driver)
[7.522s] DEBUG:colcon.colcon_core.executor.sequential:run_until_complete 'hls_lfcd_lds_driver' finished with '0'
[7.523s] DEBUG:colcon.colcon_core.executor.sequential:run_until_complete 'movement_controller'
[7.523s] INFO:colcon.colcon_ros.task.ament_python.build:Building ROS package in '/afs/inf.ed.ac.uk/user/s22/s2281597/ranger_object_finder/ranger_nav/ros_ws/src/movement_controller' with build type 'ament_python'
[7.523s] Level 1:colcon.colcon_core.shell:create_environment_hook('movement_controller', 'ament_prefix_path')
[7.524s] INFO:colcon.colcon_core.shell:Creating environment descriptor '/afs/inf.ed.ac.uk/user/s22/s2281597/ranger_object_finder/ranger_nav/ros_ws/install/movement_controller/share/movement_controller/hook/ament_prefix_path.dsv'
[7.534s] INFO:colcon.colcon_core.shell:Creating environment hook '/afs/inf.ed.ac.uk/user/s22/s2281597/ranger_object_finder/ranger_nav/ros_ws/install/movement_controller/share/movement_controller/hook/ament_prefix_path.sh'
[7.538s] DEBUG:colcon.colcon_core.shell:Skip shell extension 'dsv' for command environment
[7.840s] INFO:colcon.colcon_core.task.python.build:Building Python package in '/afs/inf.ed.ac.uk/user/s22/s2281597/ranger_object_finder/ranger_nav/ros_ws/src/movement_controller'
[7.841s] DEBUG:colcon.colcon_core.shell:Skip shell extension 'dsv' for command environment
[8.326s] DEBUG:colcon.colcon_core.event_handler.log_command:Invoking command in '/afs/inf.ed.ac.uk/user/s22/s2281597/ranger_object_finder/ranger_nav/ros_ws/build/movement_controller': BASH=/bin/sh MODULES_CMD=${MODULES_CMD}
BASH_FUNC_rvirsh%%=() {  KVMHOST=$1;
 shift;
 if [ "$KVMHOST" ]; then
 if [ "$KVMHOST" = "." ]; then
 URI="qemu:///system";
 else
 URI="qemu+ssh://$KVMHOST/system";
 fi;
 else
 URI="qemu:///system";
 fi;
 virsh --connect $URI $@
}
BASH_FUNC_ml%%=() {  module ml "$@"
}
BASH_FUNC_module%%=() {  eval `/usr/bin/tclsh8.6 /usr/lib/x86_64-linux-gnu/modulecmd.tcl sh "$@"`;
 _mlstatus=$?;
 return $_mlstatus
}
BASH_FUNC_resize%%=() {  eval `command resize`
}
BASH_FUNC_command_not_found_handle%%=() {  unset command_not_found_handle;
 if [[ "$IFS" != '
' ]]; then
 _command_not_found $*;
 fi;
 function dbg ()
 {
 [[ -n $CRICHTON_DEBUG ]] && echo $1 1>&2
 };
 SORT="/usr/bin/_SortBashRC";
 PATTERN='[0-9][0-9][0-9].*';
 if [[ -n $CRICHTON_DEBUG ]]; then
 modules=$($SORT $CRICHTON_SYS/$PATTERN $CRICHTON_USR/$PATTERN);
 else
 modules=$($SORT $CRICHTON_SYS/$PATTERN $CRICHTON_USR/$PATTERN 2>&-);
 fi;
 dbg "- Found $(/bin/echo $modules | /usr/bin/wc -w 2>&-) modules.";
 for mod in ${modules} _command_not_found;
 do
 dbg "-- $(/bin/basename $mod 2>&-)";
 CRICHTON_SYS=$CRICHTON_SYS CRICHTON_USR=$CRICHTON_USR "$mod" $*;
 exit=$?;
 dbg "[exit $exit]";
 [[ $exit == 255 ]] && {
 _command_not_found $1;
 break
 };
 [[ $exit == 0 ]] && break;
 done;
 return 127
}
BASH_FUNC_setpath%%=() {  if [ -f /usr/bin/pathfix ]; then
 pathfix_binary=/usr/bin/pathfix;
 else
 pathfix_binary=/usr/local/bin/pathfix;
 fi;
 new_PATH=`$pathfix_binary $@`;
 [ "$new_PATH" ] && PATH="$new_PATH";
 export PATH
}
BASH_FUNC__command_not_found%%=() {  echo "bash: $1: command not found" 1>&2
}
BASH_FUNC_colloq%%=() {  more /usr/local/alert/misc/coll
}
BASH_FUNC_gnu%%=() {  command gnu -u $LOGNAME $*
}
BASH_FUNC_purge%%=() {  rm -f *~ .*~ \#*\# tmp*
}
BASH_FUNC_setup%%=() {  source /usr/local/share/setup/setup.sh $*
} PYTHONPATH=/afs/inf.ed.ac.uk/user/s22/s2281597/ranger_object_finder/ranger_nav/ros_ws/build/movement_controller/prefix_override:/usr/lib/python3/dist-packages/colcon_core/task/python/colcon_distutils_commands:/afs/inf.ed.ac.uk/user/s22/s2281597/ranger_object_finder/ranger_nav/ros_ws/install/movement_controller/lib/python3.10/site-packages:${PYTHONPATH} _=/usr/bin/env /usr/bin/python3 -W ignore:setup.py install is deprecated setup.py develop --editable --build-directory /afs/inf.ed.ac.uk/user/s22/s2281597/ranger_object_finder/ranger_nav/ros_ws/build/movement_controller/build --no-deps symlink_data
[8.854s] Level 1:colcon.colcon_core.shell:create_environment_hook('movement_controller', 'pythonpath_develop')
[8.854s] DEBUG:colcon.colcon_core.event_handler.log_command:Invoked command in '/afs/inf.ed.ac.uk/user/s22/s2281597/ranger_object_finder/ranger_nav/ros_ws/build/movement_controller' returned '0': BASH=/bin/sh MODULES_CMD=${MODULES_CMD}
BASH_FUNC_rvirsh%%=() {  KVMHOST=$1;
 shift;
 if [ "$KVMHOST" ]; then
 if [ "$KVMHOST" = "." ]; then
 URI="qemu:///system";
 else
 URI="qemu+ssh://$KVMHOST/system";
 fi;
 else
 URI="qemu:///system";
 fi;
 virsh --connect $URI $@
}
BASH_FUNC_ml%%=() {  module ml "$@"
}
BASH_FUNC_module%%=() {  eval `/usr/bin/tclsh8.6 /usr/lib/x86_64-linux-gnu/modulecmd.tcl sh "$@"`;
 _mlstatus=$?;
 return $_mlstatus
}
BASH_FUNC_resize%%=() {  eval `command resize`
}
BASH_FUNC_command_not_found_handle%%=() {  unset command_not_found_handle;
 if [[ "$IFS" != '
' ]]; then
 _command_not_found $*;
 fi;
 function dbg ()
 {
 [[ -n $CRICHTON_DEBUG ]] && echo $1 1>&2
 };
 SORT="/usr/bin/_SortBashRC";
 PATTERN='[0-9][0-9][0-9].*';
 if [[ -n $CRICHTON_DEBUG ]]; then
 modules=$($SORT $CRICHTON_SYS/$PATTERN $CRICHTON_USR/$PATTERN);
 else
 modules=$($SORT $CRICHTON_SYS/$PATTERN $CRICHTON_USR/$PATTERN 2>&-);
 fi;
 dbg "- Found $(/bin/echo $modules | /usr/bin/wc -w 2>&-) modules.";
 for mod in ${modules} _command_not_found;
 do
 dbg "-- $(/bin/basename $mod 2>&-)";
 CRICHTON_SYS=$CRICHTON_SYS CRICHTON_USR=$CRICHTON_USR "$mod" $*;
 exit=$?;
 dbg "[exit $exit]";
 [[ $exit == 255 ]] && {
 _command_not_found $1;
 break
 };
 [[ $exit == 0 ]] && break;
 done;
 return 127
}
BASH_FUNC_setpath%%=() {  if [ -f /usr/bin/pathfix ]; then
 pathfix_binary=/usr/bin/pathfix;
 else
 pathfix_binary=/usr/local/bin/pathfix;
 fi;
 new_PATH=`$pathfix_binary $@`;
 [ "$new_PATH" ] && PATH="$new_PATH";
 export PATH
}
BASH_FUNC__command_not_found%%=() {  echo "bash: $1: command not found" 1>&2
}
BASH_FUNC_colloq%%=() {  more /usr/local/alert/misc/coll
}
BASH_FUNC_gnu%%=() {  command gnu -u $LOGNAME $*
}
BASH_FUNC_purge%%=() {  rm -f *~ .*~ \#*\# tmp*
}
BASH_FUNC_setup%%=() {  source /usr/local/share/setup/setup.sh $*
} PYTHONPATH=/afs/inf.ed.ac.uk/user/s22/s2281597/ranger_object_finder/ranger_nav/ros_ws/build/movement_controller/prefix_override:/usr/lib/python3/dist-packages/colcon_core/task/python/colcon_distutils_commands:/afs/inf.ed.ac.uk/user/s22/s2281597/ranger_object_finder/ranger_nav/ros_ws/install/movement_controller/lib/python3.10/site-packages:${PYTHONPATH} _=/usr/bin/env /usr/bin/python3 -W ignore:setup.py install is deprecated setup.py develop --editable --build-directory /afs/inf.ed.ac.uk/user/s22/s2281597/ranger_object_finder/ranger_nav/ros_ws/build/movement_controller/build --no-deps symlink_data
[8.854s] INFO:colcon.colcon_core.shell:Creating environment descriptor '/afs/inf.ed.ac.uk/user/s22/s2281597/ranger_object_finder/ranger_nav/ros_ws/build/movement_controller/share/movement_controller/hook/pythonpath_develop.dsv'
[8.863s] INFO:colcon.colcon_core.shell:Creating environment hook '/afs/inf.ed.ac.uk/user/s22/s2281597/ranger_object_finder/ranger_nav/ros_ws/build/movement_controller/share/movement_controller/hook/pythonpath_develop.sh'
[8.867s] Level 1:colcon.colcon_core.environment:checking '/afs/inf.ed.ac.uk/user/s22/s2281597/ranger_object_finder/ranger_nav/ros_ws/install/movement_controller' for CMake module files
[8.868s] Level 1:colcon.colcon_core.environment:checking '/afs/inf.ed.ac.uk/user/s22/s2281597/ranger_object_finder/ranger_nav/ros_ws/install/movement_controller' for CMake config files
[8.870s] Level 1:colcon.colcon_core.environment:checking '/afs/inf.ed.ac.uk/user/s22/s2281597/ranger_object_finder/ranger_nav/ros_ws/install/movement_controller/lib'
[8.870s] Level 1:colcon.colcon_core.environment:checking '/afs/inf.ed.ac.uk/user/s22/s2281597/ranger_object_finder/ranger_nav/ros_ws/install/movement_controller/bin'
[8.870s] Level 1:colcon.colcon_core.environment:checking '/afs/inf.ed.ac.uk/user/s22/s2281597/ranger_object_finder/ranger_nav/ros_ws/install/movement_controller/lib/pkgconfig/movement_controller.pc'
[8.871s] Level 1:colcon.colcon_core.environment:checking '/afs/inf.ed.ac.uk/user/s22/s2281597/ranger_object_finder/ranger_nav/ros_ws/install/movement_controller/lib/python3.10/site-packages'
[8.871s] Level 1:colcon.colcon_core.shell:create_environment_hook('movement_controller', 'pythonpath')
[8.871s] INFO:colcon.colcon_core.shell:Creating environment descriptor '/afs/inf.ed.ac.uk/user/s22/s2281597/ranger_object_finder/ranger_nav/ros_ws/install/movement_controller/share/movement_controller/hook/pythonpath.dsv'
[8.873s] INFO:colcon.colcon_core.shell:Creating environment hook '/afs/inf.ed.ac.uk/user/s22/s2281597/ranger_object_finder/ranger_nav/ros_ws/install/movement_controller/share/movement_controller/hook/pythonpath.sh'
[8.875s] Level 1:colcon.colcon_core.environment:checking '/afs/inf.ed.ac.uk/user/s22/s2281597/ranger_object_finder/ranger_nav/ros_ws/install/movement_controller/bin'
[8.875s] Level 1:colcon.colcon_core.environment:create_environment_scripts_only(movement_controller)
[8.875s] INFO:colcon.colcon_core.shell:Creating package descriptor '/afs/inf.ed.ac.uk/user/s22/s2281597/ranger_object_finder/ranger_nav/ros_ws/install/movement_controller/share/movement_controller/package.dsv'
[8.877s] INFO:colcon.colcon_core.shell:Creating package script '/afs/inf.ed.ac.uk/user/s22/s2281597/ranger_object_finder/ranger_nav/ros_ws/install/movement_controller/share/movement_controller/package.sh'
[8.880s] Level 1:colcon.colcon_core.environment:create_file_with_runtime_dependencies(/afs/inf.ed.ac.uk/user/s22/s2281597/ranger_object_finder/ranger_nav/ros_ws/install/movement_controller/share/colcon-core/packages/movement_controller)
[8.885s] DEBUG:colcon.colcon_core.executor.sequential:run_until_complete 'movement_controller' finished with '0'
[8.885s] DEBUG:colcon.colcon_core.executor.sequential:run_until_complete 'openslam_gmapping'
[8.886s] INFO:colcon.colcon_ros.task.ament_cmake.build:Building ROS package in '/afs/inf.ed.ac.uk/user/s22/s2281597/ranger_object_finder/ranger_nav/ros_ws/src/slam_gmapping/openslam_gmapping' with build type 'ament_cmake'
[8.886s] INFO:colcon.colcon_cmake.task.cmake.build:Building CMake package in '/afs/inf.ed.ac.uk/user/s22/s2281597/ranger_object_finder/ranger_nav/ros_ws/src/slam_gmapping/openslam_gmapping'
[8.886s] DEBUG:colcon.colcon_core.shell:Skip shell extension 'dsv' for command environment
[8.898s] DEBUG:colcon.colcon_core.event_handler.log_command:Invoking command in '/afs/inf.ed.ac.uk/user/s22/s2281597/ranger_object_finder/ranger_nav/ros_ws/build/openslam_gmapping': BASH=/bin/sh CMAKE_PREFIX_PATH=${CMAKE_PREFIX_PATH}:/afs/inf.ed.ac.uk/user/s22/s2281597/ranger_object_finder/ranger_nav/ros_ws/install/movement_controller:/opt/ros/humble MODULES_CMD=${MODULES_CMD}
BASH_FUNC_rvirsh%%=() {  KVMHOST=$1;
 shift;
 if [ "$KVMHOST" ]; then
 if [ "$KVMHOST" = "." ]; then
 URI="qemu:///system";
 else
 URI="qemu+ssh://$KVMHOST/system";
 fi;
 else
 URI="qemu:///system";
 fi;
 virsh --connect $URI $@
}
BASH_FUNC_ml%%=() {  module ml "$@"
}
BASH_FUNC_module%%=() {  eval `/usr/bin/tclsh8.6 /usr/lib/x86_64-linux-gnu/modulecmd.tcl sh "$@"`;
 _mlstatus=$?;
 return $_mlstatus
}
BASH_FUNC_resize%%=() {  eval `command resize`
}
BASH_FUNC_command_not_found_handle%%=() {  unset command_not_found_handle;
 if [[ "$IFS" != '
' ]]; then
 _command_not_found $*;
 fi;
 function dbg ()
 {
 [[ -n $CRICHTON_DEBUG ]] && echo $1 1>&2
 };
 SORT="/usr/bin/_SortBashRC";
 PATTERN='[0-9][0-9][0-9].*';
 if [[ -n $CRICHTON_DEBUG ]]; then
 modules=$($SORT $CRICHTON_SYS/$PATTERN $CRICHTON_USR/$PATTERN);
 else
 modules=$($SORT $CRICHTON_SYS/$PATTERN $CRICHTON_USR/$PATTERN 2>&-);
 fi;
 dbg "- Found $(/bin/echo $modules | /usr/bin/wc -w 2>&-) modules.";
 for mod in ${modules} _command_not_found;
 do
 dbg "-- $(/bin/basename $mod 2>&-)";
 CRICHTON_SYS=$CRICHTON_SYS CRICHTON_USR=$CRICHTON_USR "$mod" $*;
 exit=$?;
 dbg "[exit $exit]";
 [[ $exit == 255 ]] && {
 _command_not_found $1;
 break
 };
 [[ $exit == 0 ]] && break;
 done;
 return 127
}
BASH_FUNC_setpath%%=() {  if [ -f /usr/bin/pathfix ]; then
 pathfix_binary=/usr/bin/pathfix;
 else
 pathfix_binary=/usr/local/bin/pathfix;
 fi;
 new_PATH=`$pathfix_binary $@`;
 [ "$new_PATH" ] && PATH="$new_PATH";
 export PATH
}
BASH_FUNC__command_not_found%%=() {  echo "bash: $1: command not found" 1>&2
}
BASH_FUNC_colloq%%=() {  more /usr/local/alert/misc/coll
}
BASH_FUNC_gnu%%=() {  command gnu -u $LOGNAME $*
}
BASH_FUNC_purge%%=() {  rm -f *~ .*~ \#*\# tmp*
}
BASH_FUNC_setup%%=() {  source /usr/local/share/setup/setup.sh $*
} _=/usr/bin/env /usr/bin/cmake /afs/inf.ed.ac.uk/user/s22/s2281597/ranger_object_finder/ranger_nav/ros_ws/src/slam_gmapping/openslam_gmapping -DAMENT_CMAKE_SYMLINK_INSTALL=1 -DCMAKE_INSTALL_PREFIX=/afs/inf.ed.ac.uk/user/s22/s2281597/ranger_object_finder/ranger_nav/ros_ws/install/openslam_gmapping
[10.240s] DEBUG:colcon.colcon_core.event_handler.log_command:Invoked command in '/afs/inf.ed.ac.uk/user/s22/s2281597/ranger_object_finder/ranger_nav/ros_ws/build/openslam_gmapping' returned '0': BASH=/bin/sh CMAKE_PREFIX_PATH=${CMAKE_PREFIX_PATH}:/afs/inf.ed.ac.uk/user/s22/s2281597/ranger_object_finder/ranger_nav/ros_ws/install/movement_controller:/opt/ros/humble MODULES_CMD=${MODULES_CMD}
BASH_FUNC_rvirsh%%=() {  KVMHOST=$1;
 shift;
 if [ "$KVMHOST" ]; then
 if [ "$KVMHOST" = "." ]; then
 URI="qemu:///system";
 else
 URI="qemu+ssh://$KVMHOST/system";
 fi;
 else
 URI="qemu:///system";
 fi;
 virsh --connect $URI $@
}
BASH_FUNC_ml%%=() {  module ml "$@"
}
BASH_FUNC_module%%=() {  eval `/usr/bin/tclsh8.6 /usr/lib/x86_64-linux-gnu/modulecmd.tcl sh "$@"`;
 _mlstatus=$?;
 return $_mlstatus
}
BASH_FUNC_resize%%=() {  eval `command resize`
}
BASH_FUNC_command_not_found_handle%%=() {  unset command_not_found_handle;
 if [[ "$IFS" != '
' ]]; then
 _command_not_found $*;
 fi;
 function dbg ()
 {
 [[ -n $CRICHTON_DEBUG ]] && echo $1 1>&2
 };
 SORT="/usr/bin/_SortBashRC";
 PATTERN='[0-9][0-9][0-9].*';
 if [[ -n $CRICHTON_DEBUG ]]; then
 modules=$($SORT $CRICHTON_SYS/$PATTERN $CRICHTON_USR/$PATTERN);
 else
 modules=$($SORT $CRICHTON_SYS/$PATTERN $CRICHTON_USR/$PATTERN 2>&-);
 fi;
 dbg "- Found $(/bin/echo $modules | /usr/bin/wc -w 2>&-) modules.";
 for mod in ${modules} _command_not_found;
 do
 dbg "-- $(/bin/basename $mod 2>&-)";
 CRICHTON_SYS=$CRICHTON_SYS CRICHTON_USR=$CRICHTON_USR "$mod" $*;
 exit=$?;
 dbg "[exit $exit]";
 [[ $exit == 255 ]] && {
 _command_not_found $1;
 break
 };
 [[ $exit == 0 ]] && break;
 done;
 return 127
}
BASH_FUNC_setpath%%=() {  if [ -f /usr/bin/pathfix ]; then
 pathfix_binary=/usr/bin/pathfix;
 else
 pathfix_binary=/usr/local/bin/pathfix;
 fi;
 new_PATH=`$pathfix_binary $@`;
 [ "$new_PATH" ] && PATH="$new_PATH";
 export PATH
}
BASH_FUNC__command_not_found%%=() {  echo "bash: $1: command not found" 1>&2
}
BASH_FUNC_colloq%%=() {  more /usr/local/alert/misc/coll
}
BASH_FUNC_gnu%%=() {  command gnu -u $LOGNAME $*
}
BASH_FUNC_purge%%=() {  rm -f *~ .*~ \#*\# tmp*
}
BASH_FUNC_setup%%=() {  source /usr/local/share/setup/setup.sh $*
} _=/usr/bin/env /usr/bin/cmake /afs/inf.ed.ac.uk/user/s22/s2281597/ranger_object_finder/ranger_nav/ros_ws/src/slam_gmapping/openslam_gmapping -DAMENT_CMAKE_SYMLINK_INSTALL=1 -DCMAKE_INSTALL_PREFIX=/afs/inf.ed.ac.uk/user/s22/s2281597/ranger_object_finder/ranger_nav/ros_ws/install/openslam_gmapping
[10.240s] DEBUG:colcon.colcon_core.event_handler.log_command:Invoking command in '/afs/inf.ed.ac.uk/user/s22/s2281597/ranger_object_finder/ranger_nav/ros_ws/build/openslam_gmapping': BASH=/bin/sh CMAKE_PREFIX_PATH=${CMAKE_PREFIX_PATH}:/afs/inf.ed.ac.uk/user/s22/s2281597/ranger_object_finder/ranger_nav/ros_ws/install/movement_controller:/opt/ros/humble MODULES_CMD=${MODULES_CMD}
BASH_FUNC_rvirsh%%=() {  KVMHOST=$1;
 shift;
 if [ "$KVMHOST" ]; then
 if [ "$KVMHOST" = "." ]; then
 URI="qemu:///system";
 else
 URI="qemu+ssh://$KVMHOST/system";
 fi;
 else
 URI="qemu:///system";
 fi;
 virsh --connect $URI $@
}
BASH_FUNC_ml%%=() {  module ml "$@"
}
BASH_FUNC_module%%=() {  eval `/usr/bin/tclsh8.6 /usr/lib/x86_64-linux-gnu/modulecmd.tcl sh "$@"`;
 _mlstatus=$?;
 return $_mlstatus
}
BASH_FUNC_resize%%=() {  eval `command resize`
}
BASH_FUNC_command_not_found_handle%%=() {  unset command_not_found_handle;
 if [[ "$IFS" != '
' ]]; then
 _command_not_found $*;
 fi;
 function dbg ()
 {
 [[ -n $CRICHTON_DEBUG ]] && echo $1 1>&2
 };
 SORT="/usr/bin/_SortBashRC";
 PATTERN='[0-9][0-9][0-9].*';
 if [[ -n $CRICHTON_DEBUG ]]; then
 modules=$($SORT $CRICHTON_SYS/$PATTERN $CRICHTON_USR/$PATTERN);
 else
 modules=$($SORT $CRICHTON_SYS/$PATTERN $CRICHTON_USR/$PATTERN 2>&-);
 fi;
 dbg "- Found $(/bin/echo $modules | /usr/bin/wc -w 2>&-) modules.";
 for mod in ${modules} _command_not_found;
 do
 dbg "-- $(/bin/basename $mod 2>&-)";
 CRICHTON_SYS=$CRICHTON_SYS CRICHTON_USR=$CRICHTON_USR "$mod" $*;
 exit=$?;
 dbg "[exit $exit]";
 [[ $exit == 255 ]] && {
 _command_not_found $1;
 break
 };
 [[ $exit == 0 ]] && break;
 done;
 return 127
}
BASH_FUNC_setpath%%=() {  if [ -f /usr/bin/pathfix ]; then
 pathfix_binary=/usr/bin/pathfix;
 else
 pathfix_binary=/usr/local/bin/pathfix;
 fi;
 new_PATH=`$pathfix_binary $@`;
 [ "$new_PATH" ] && PATH="$new_PATH";
 export PATH
}
BASH_FUNC__command_not_found%%=() {  echo "bash: $1: command not found" 1>&2
}
BASH_FUNC_colloq%%=() {  more /usr/local/alert/misc/coll
}
BASH_FUNC_gnu%%=() {  command gnu -u $LOGNAME $*
}
BASH_FUNC_purge%%=() {  rm -f *~ .*~ \#*\# tmp*
}
BASH_FUNC_setup%%=() {  source /usr/local/share/setup/setup.sh $*
} _=/usr/bin/env /usr/bin/cmake --build /afs/inf.ed.ac.uk/user/s22/s2281597/ranger_object_finder/ranger_nav/ros_ws/build/openslam_gmapping -- -j12 -l12
[13.331s] DEBUG:colcon.colcon_core.event_handler.log_command:Invoked command in '/afs/inf.ed.ac.uk/user/s22/s2281597/ranger_object_finder/ranger_nav/ros_ws/build/openslam_gmapping' returned '0': BASH=/bin/sh CMAKE_PREFIX_PATH=${CMAKE_PREFIX_PATH}:/afs/inf.ed.ac.uk/user/s22/s2281597/ranger_object_finder/ranger_nav/ros_ws/install/movement_controller:/opt/ros/humble MODULES_CMD=${MODULES_CMD}
BASH_FUNC_rvirsh%%=() {  KVMHOST=$1;
 shift;
 if [ "$KVMHOST" ]; then
 if [ "$KVMHOST" = "." ]; then
 URI="qemu:///system";
 else
 URI="qemu+ssh://$KVMHOST/system";
 fi;
 else
 URI="qemu:///system";
 fi;
 virsh --connect $URI $@
}
BASH_FUNC_ml%%=() {  module ml "$@"
}
BASH_FUNC_module%%=() {  eval `/usr/bin/tclsh8.6 /usr/lib/x86_64-linux-gnu/modulecmd.tcl sh "$@"`;
 _mlstatus=$?;
 return $_mlstatus
}
BASH_FUNC_resize%%=() {  eval `command resize`
}
BASH_FUNC_command_not_found_handle%%=() {  unset command_not_found_handle;
 if [[ "$IFS" != '
' ]]; then
 _command_not_found $*;
 fi;
 function dbg ()
 {
 [[ -n $CRICHTON_DEBUG ]] && echo $1 1>&2
 };
 SORT="/usr/bin/_SortBashRC";
 PATTERN='[0-9][0-9][0-9].*';
 if [[ -n $CRICHTON_DEBUG ]]; then
 modules=$($SORT $CRICHTON_SYS/$PATTERN $CRICHTON_USR/$PATTERN);
 else
 modules=$($SORT $CRICHTON_SYS/$PATTERN $CRICHTON_USR/$PATTERN 2>&-);
 fi;
 dbg "- Found $(/bin/echo $modules | /usr/bin/wc -w 2>&-) modules.";
 for mod in ${modules} _command_not_found;
 do
 dbg "-- $(/bin/basename $mod 2>&-)";
 CRICHTON_SYS=$CRICHTON_SYS CRICHTON_USR=$CRICHTON_USR "$mod" $*;
 exit=$?;
 dbg "[exit $exit]";
 [[ $exit == 255 ]] && {
 _command_not_found $1;
 break
 };
 [[ $exit == 0 ]] && break;
 done;
 return 127
}
BASH_FUNC_setpath%%=() {  if [ -f /usr/bin/pathfix ]; then
 pathfix_binary=/usr/bin/pathfix;
 else
 pathfix_binary=/usr/local/bin/pathfix;
 fi;
 new_PATH=`$pathfix_binary $@`;
 [ "$new_PATH" ] && PATH="$new_PATH";
 export PATH
}
BASH_FUNC__command_not_found%%=() {  echo "bash: $1: command not found" 1>&2
}
BASH_FUNC_colloq%%=() {  more /usr/local/alert/misc/coll
}
BASH_FUNC_gnu%%=() {  command gnu -u $LOGNAME $*
}
BASH_FUNC_purge%%=() {  rm -f *~ .*~ \#*\# tmp*
}
BASH_FUNC_setup%%=() {  source /usr/local/share/setup/setup.sh $*
} _=/usr/bin/env /usr/bin/cmake --build /afs/inf.ed.ac.uk/user/s22/s2281597/ranger_object_finder/ranger_nav/ros_ws/build/openslam_gmapping -- -j12 -l12
[13.366s] DEBUG:colcon.colcon_core.event_handler.log_command:Invoking command in '/afs/inf.ed.ac.uk/user/s22/s2281597/ranger_object_finder/ranger_nav/ros_ws/build/openslam_gmapping': BASH=/bin/sh CMAKE_PREFIX_PATH=${CMAKE_PREFIX_PATH}:/afs/inf.ed.ac.uk/user/s22/s2281597/ranger_object_finder/ranger_nav/ros_ws/install/movement_controller:/opt/ros/humble MODULES_CMD=${MODULES_CMD}
BASH_FUNC_rvirsh%%=() {  KVMHOST=$1;
 shift;
 if [ "$KVMHOST" ]; then
 if [ "$KVMHOST" = "." ]; then
 URI="qemu:///system";
 else
 URI="qemu+ssh://$KVMHOST/system";
 fi;
 else
 URI="qemu:///system";
 fi;
 virsh --connect $URI $@
}
BASH_FUNC_ml%%=() {  module ml "$@"
}
BASH_FUNC_module%%=() {  eval `/usr/bin/tclsh8.6 /usr/lib/x86_64-linux-gnu/modulecmd.tcl sh "$@"`;
 _mlstatus=$?;
 return $_mlstatus
}
BASH_FUNC_resize%%=() {  eval `command resize`
}
BASH_FUNC_command_not_found_handle%%=() {  unset command_not_found_handle;
 if [[ "$IFS" != '
' ]]; then
 _command_not_found $*;
 fi;
 function dbg ()
 {
 [[ -n $CRICHTON_DEBUG ]] && echo $1 1>&2
 };
 SORT="/usr/bin/_SortBashRC";
 PATTERN='[0-9][0-9][0-9].*';
 if [[ -n $CRICHTON_DEBUG ]]; then
 modules=$($SORT $CRICHTON_SYS/$PATTERN $CRICHTON_USR/$PATTERN);
 else
 modules=$($SORT $CRICHTON_SYS/$PATTERN $CRICHTON_USR/$PATTERN 2>&-);
 fi;
 dbg "- Found $(/bin/echo $modules | /usr/bin/wc -w 2>&-) modules.";
 for mod in ${modules} _command_not_found;
 do
 dbg "-- $(/bin/basename $mod 2>&-)";
 CRICHTON_SYS=$CRICHTON_SYS CRICHTON_USR=$CRICHTON_USR "$mod" $*;
 exit=$?;
 dbg "[exit $exit]";
 [[ $exit == 255 ]] && {
 _command_not_found $1;
 break
 };
 [[ $exit == 0 ]] && break;
 done;
 return 127
}
BASH_FUNC_setpath%%=() {  if [ -f /usr/bin/pathfix ]; then
 pathfix_binary=/usr/bin/pathfix;
 else
 pathfix_binary=/usr/local/bin/pathfix;
 fi;
 new_PATH=`$pathfix_binary $@`;
 [ "$new_PATH" ] && PATH="$new_PATH";
 export PATH
}
BASH_FUNC__command_not_found%%=() {  echo "bash: $1: command not found" 1>&2
}
BASH_FUNC_colloq%%=() {  more /usr/local/alert/misc/coll
}
BASH_FUNC_gnu%%=() {  command gnu -u $LOGNAME $*
}
BASH_FUNC_purge%%=() {  rm -f *~ .*~ \#*\# tmp*
}
BASH_FUNC_setup%%=() {  source /usr/local/share/setup/setup.sh $*
} _=/usr/bin/env /usr/bin/cmake --install /afs/inf.ed.ac.uk/user/s22/s2281597/ranger_object_finder/ranger_nav/ros_ws/build/openslam_gmapping
[13.989s] Level 1:colcon.colcon_core.environment:create_environment_scripts_only(openslam_gmapping)
[13.989s] Level 1:colcon.colcon_core.environment:checking '/afs/inf.ed.ac.uk/user/s22/s2281597/ranger_object_finder/ranger_nav/ros_ws/install/openslam_gmapping' for CMake module files
[13.989s] DEBUG:colcon.colcon_core.event_handler.log_command:Invoked command in '/afs/inf.ed.ac.uk/user/s22/s2281597/ranger_object_finder/ranger_nav/ros_ws/build/openslam_gmapping' returned '0': BASH=/bin/sh CMAKE_PREFIX_PATH=${CMAKE_PREFIX_PATH}:/afs/inf.ed.ac.uk/user/s22/s2281597/ranger_object_finder/ranger_nav/ros_ws/install/movement_controller:/opt/ros/humble MODULES_CMD=${MODULES_CMD}
BASH_FUNC_rvirsh%%=() {  KVMHOST=$1;
 shift;
 if [ "$KVMHOST" ]; then
 if [ "$KVMHOST" = "." ]; then
 URI="qemu:///system";
 else
 URI="qemu+ssh://$KVMHOST/system";
 fi;
 else
 URI="qemu:///system";
 fi;
 virsh --connect $URI $@
}
BASH_FUNC_ml%%=() {  module ml "$@"
}
BASH_FUNC_module%%=() {  eval `/usr/bin/tclsh8.6 /usr/lib/x86_64-linux-gnu/modulecmd.tcl sh "$@"`;
 _mlstatus=$?;
 return $_mlstatus
}
BASH_FUNC_resize%%=() {  eval `command resize`
}
BASH_FUNC_command_not_found_handle%%=() {  unset command_not_found_handle;
 if [[ "$IFS" != '
' ]]; then
 _command_not_found $*;
 fi;
 function dbg ()
 {
 [[ -n $CRICHTON_DEBUG ]] && echo $1 1>&2
 };
 SORT="/usr/bin/_SortBashRC";
 PATTERN='[0-9][0-9][0-9].*';
 if [[ -n $CRICHTON_DEBUG ]]; then
 modules=$($SORT $CRICHTON_SYS/$PATTERN $CRICHTON_USR/$PATTERN);
 else
 modules=$($SORT $CRICHTON_SYS/$PATTERN $CRICHTON_USR/$PATTERN 2>&-);
 fi;
 dbg "- Found $(/bin/echo $modules | /usr/bin/wc -w 2>&-) modules.";
 for mod in ${modules} _command_not_found;
 do
 dbg "-- $(/bin/basename $mod 2>&-)";
 CRICHTON_SYS=$CRICHTON_SYS CRICHTON_USR=$CRICHTON_USR "$mod" $*;
 exit=$?;
 dbg "[exit $exit]";
 [[ $exit == 255 ]] && {
 _command_not_found $1;
 break
 };
 [[ $exit == 0 ]] && break;
 done;
 return 127
}
BASH_FUNC_setpath%%=() {  if [ -f /usr/bin/pathfix ]; then
 pathfix_binary=/usr/bin/pathfix;
 else
 pathfix_binary=/usr/local/bin/pathfix;
 fi;
 new_PATH=`$pathfix_binary $@`;
 [ "$new_PATH" ] && PATH="$new_PATH";
 export PATH
}
BASH_FUNC__command_not_found%%=() {  echo "bash: $1: command not found" 1>&2
}
BASH_FUNC_colloq%%=() {  more /usr/local/alert/misc/coll
}
BASH_FUNC_gnu%%=() {  command gnu -u $LOGNAME $*
}
BASH_FUNC_purge%%=() {  rm -f *~ .*~ \#*\# tmp*
}
BASH_FUNC_setup%%=() {  source /usr/local/share/setup/setup.sh $*
} _=/usr/bin/env /usr/bin/cmake --install /afs/inf.ed.ac.uk/user/s22/s2281597/ranger_object_finder/ranger_nav/ros_ws/build/openslam_gmapping
[13.990s] Level 1:colcon.colcon_core.environment:checking '/afs/inf.ed.ac.uk/user/s22/s2281597/ranger_object_finder/ranger_nav/ros_ws/install/openslam_gmapping' for CMake config files
[13.990s] Level 1:colcon.colcon_core.shell:create_environment_hook('openslam_gmapping', 'cmake_prefix_path')
[13.991s] INFO:colcon.colcon_core.shell:Creating environment descriptor '/afs/inf.ed.ac.uk/user/s22/s2281597/ranger_object_finder/ranger_nav/ros_ws/install/openslam_gmapping/share/openslam_gmapping/hook/cmake_prefix_path.dsv'
[13.995s] INFO:colcon.colcon_core.shell:Creating environment hook '/afs/inf.ed.ac.uk/user/s22/s2281597/ranger_object_finder/ranger_nav/ros_ws/install/openslam_gmapping/share/openslam_gmapping/hook/cmake_prefix_path.sh'
[13.996s] Level 1:colcon.colcon_core.environment:checking '/afs/inf.ed.ac.uk/user/s22/s2281597/ranger_object_finder/ranger_nav/ros_ws/install/openslam_gmapping/lib'
[13.996s] Level 1:colcon.colcon_core.environment:checking '/afs/inf.ed.ac.uk/user/s22/s2281597/ranger_object_finder/ranger_nav/ros_ws/install/openslam_gmapping/bin'
[13.996s] Level 1:colcon.colcon_core.environment:checking '/afs/inf.ed.ac.uk/user/s22/s2281597/ranger_object_finder/ranger_nav/ros_ws/install/openslam_gmapping/lib/pkgconfig/openslam_gmapping.pc'
[13.997s] Level 1:colcon.colcon_core.environment:checking '/afs/inf.ed.ac.uk/user/s22/s2281597/ranger_object_finder/ranger_nav/ros_ws/install/openslam_gmapping/lib/python3.10/site-packages'
[13.997s] Level 1:colcon.colcon_core.environment:checking '/afs/inf.ed.ac.uk/user/s22/s2281597/ranger_object_finder/ranger_nav/ros_ws/install/openslam_gmapping/bin'
[13.997s] INFO:colcon.colcon_core.shell:Creating package descriptor '/afs/inf.ed.ac.uk/user/s22/s2281597/ranger_object_finder/ranger_nav/ros_ws/install/openslam_gmapping/share/openslam_gmapping/package.dsv'
[14.000s] INFO:colcon.colcon_core.shell:Creating package script '/afs/inf.ed.ac.uk/user/s22/s2281597/ranger_object_finder/ranger_nav/ros_ws/install/openslam_gmapping/share/openslam_gmapping/package.sh'
[14.002s] Level 1:colcon.colcon_core.environment:create_file_with_runtime_dependencies(/afs/inf.ed.ac.uk/user/s22/s2281597/ranger_object_finder/ranger_nav/ros_ws/install/openslam_gmapping/share/colcon-core/packages/openslam_gmapping)
[14.032s] Level 1:colcon.colcon_core.environment:create_environment_scripts_only(openslam_gmapping)
[14.032s] Level 1:colcon.colcon_core.environment:checking '/afs/inf.ed.ac.uk/user/s22/s2281597/ranger_object_finder/ranger_nav/ros_ws/install/openslam_gmapping' for CMake module files
[14.033s] Level 1:colcon.colcon_core.environment:checking '/afs/inf.ed.ac.uk/user/s22/s2281597/ranger_object_finder/ranger_nav/ros_ws/install/openslam_gmapping' for CMake config files
[14.033s] Level 1:colcon.colcon_core.shell:create_environment_hook('openslam_gmapping', 'cmake_prefix_path')
[14.034s] INFO:colcon.colcon_core.shell:Creating environment descriptor '/afs/inf.ed.ac.uk/user/s22/s2281597/ranger_object_finder/ranger_nav/ros_ws/install/openslam_gmapping/share/openslam_gmapping/hook/cmake_prefix_path.dsv'
[14.035s] INFO:colcon.colcon_core.shell:Creating environment hook '/afs/inf.ed.ac.uk/user/s22/s2281597/ranger_object_finder/ranger_nav/ros_ws/install/openslam_gmapping/share/openslam_gmapping/hook/cmake_prefix_path.sh'
[14.036s] Level 1:colcon.colcon_core.environment:checking '/afs/inf.ed.ac.uk/user/s22/s2281597/ranger_object_finder/ranger_nav/ros_ws/install/openslam_gmapping/lib'
[14.036s] Level 1:colcon.colcon_core.environment:checking '/afs/inf.ed.ac.uk/user/s22/s2281597/ranger_object_finder/ranger_nav/ros_ws/install/openslam_gmapping/bin'
[14.036s] Level 1:colcon.colcon_core.environment:checking '/afs/inf.ed.ac.uk/user/s22/s2281597/ranger_object_finder/ranger_nav/ros_ws/install/openslam_gmapping/lib/pkgconfig/openslam_gmapping.pc'
[14.036s] Level 1:colcon.colcon_core.environment:checking '/afs/inf.ed.ac.uk/user/s22/s2281597/ranger_object_finder/ranger_nav/ros_ws/install/openslam_gmapping/lib/python3.10/site-packages'
[14.036s] Level 1:colcon.colcon_core.environment:checking '/afs/inf.ed.ac.uk/user/s22/s2281597/ranger_object_finder/ranger_nav/ros_ws/install/openslam_gmapping/bin'
[14.037s] INFO:colcon.colcon_core.shell:Creating package descriptor '/afs/inf.ed.ac.uk/user/s22/s2281597/ranger_object_finder/ranger_nav/ros_ws/install/openslam_gmapping/share/openslam_gmapping/package.dsv'
[14.038s] INFO:colcon.colcon_core.shell:Creating package script '/afs/inf.ed.ac.uk/user/s22/s2281597/ranger_object_finder/ranger_nav/ros_ws/install/openslam_gmapping/share/openslam_gmapping/package.sh'
[14.040s] Level 1:colcon.colcon_core.environment:create_file_with_runtime_dependencies(/afs/inf.ed.ac.uk/user/s22/s2281597/ranger_object_finder/ranger_nav/ros_ws/install/openslam_gmapping/share/colcon-core/packages/openslam_gmapping)
[14.040s] DEBUG:colcon.colcon_core.executor.sequential:run_until_complete 'openslam_gmapping' finished with '0'
[14.040s] DEBUG:colcon.colcon_core.executor.sequential:run_until_complete 'slam_gmapping'
[14.040s] INFO:colcon.colcon_ros.task.ament_cmake.build:Building ROS package in '/afs/inf.ed.ac.uk/user/s22/s2281597/ranger_object_finder/ranger_nav/ros_ws/src/slam_gmapping/slam_gmapping' with build type 'ament_cmake'
[14.040s] INFO:colcon.colcon_cmake.task.cmake.build:Building CMake package in '/afs/inf.ed.ac.uk/user/s22/s2281597/ranger_object_finder/ranger_nav/ros_ws/src/slam_gmapping/slam_gmapping'
[14.040s] DEBUG:colcon.colcon_core.shell:Skip shell extension 'dsv' for command environment
[14.054s] DEBUG:colcon.colcon_core.event_handler.log_command:Invoking command in '/afs/inf.ed.ac.uk/user/s22/s2281597/ranger_object_finder/ranger_nav/ros_ws/build/slam_gmapping': BASH=/bin/sh CMAKE_PREFIX_PATH=/afs/inf.ed.ac.uk/user/s22/s2281597/ranger_object_finder/ranger_nav/ros_ws/install/openslam_gmapping:/afs/inf.ed.ac.uk/user/s22/s2281597/ranger_object_finder/ranger_nav/ros_ws/install/slam_gmapping:/afs/inf.ed.ac.uk/user/s22/s2281597/ranger_object_finder/ranger_nav/ros_ws/install/hls_lfcd_lds_driver:/afs/inf.ed.ac.uk/user/s22/s2281597/ranger_object_finder/ranger_nav/ros_ws/install/movement_controller:/opt/ros/humble MODULES_CMD=${MODULES_CMD}
BASH_FUNC_rvirsh%%=() {  KVMHOST=$1;
 shift;
 if [ "$KVMHOST" ]; then
 if [ "$KVMHOST" = "." ]; then
 URI="qemu:///system";
 else
 URI="qemu+ssh://$KVMHOST/system";
 fi;
 else
 URI="qemu:///system";
 fi;
 virsh --connect $URI $@
}
BASH_FUNC_ml%%=() {  module ml "$@"
}
BASH_FUNC_module%%=() {  eval `/usr/bin/tclsh8.6 /usr/lib/x86_64-linux-gnu/modulecmd.tcl sh "$@"`;
 _mlstatus=$?;
 return $_mlstatus
}
BASH_FUNC_resize%%=() {  eval `command resize`
}
BASH_FUNC_command_not_found_handle%%=() {  unset command_not_found_handle;
 if [[ "$IFS" != '
' ]]; then
 _command_not_found $*;
 fi;
 function dbg ()
 {
 [[ -n $CRICHTON_DEBUG ]] && echo $1 1>&2
 };
 SORT="/usr/bin/_SortBashRC";
 PATTERN='[0-9][0-9][0-9].*';
 if [[ -n $CRICHTON_DEBUG ]]; then
 modules=$($SORT $CRICHTON_SYS/$PATTERN $CRICHTON_USR/$PATTERN);
 else
 modules=$($SORT $CRICHTON_SYS/$PATTERN $CRICHTON_USR/$PATTERN 2>&-);
 fi;
 dbg "- Found $(/bin/echo $modules | /usr/bin/wc -w 2>&-) modules.";
 for mod in ${modules} _command_not_found;
 do
 dbg "-- $(/bin/basename $mod 2>&-)";
 CRICHTON_SYS=$CRICHTON_SYS CRICHTON_USR=$CRICHTON_USR "$mod" $*;
 exit=$?;
 dbg "[exit $exit]";
 [[ $exit == 255 ]] && {
 _command_not_found $1;
 break
 };
 [[ $exit == 0 ]] && break;
 done;
 return 127
}
BASH_FUNC_setpath%%=() {  if [ -f /usr/bin/pathfix ]; then
 pathfix_binary=/usr/bin/pathfix;
 else
 pathfix_binary=/usr/local/bin/pathfix;
 fi;
 new_PATH=`$pathfix_binary $@`;
 [ "$new_PATH" ] && PATH="$new_PATH";
 export PATH
}
BASH_FUNC__command_not_found%%=() {  echo "bash: $1: command not found" 1>&2
}
BASH_FUNC_colloq%%=() {  more /usr/local/alert/misc/coll
}
BASH_FUNC_gnu%%=() {  command gnu -u $LOGNAME $*
}
BASH_FUNC_purge%%=() {  rm -f *~ .*~ \#*\# tmp*
}
BASH_FUNC_setup%%=() {  source /usr/local/share/setup/setup.sh $*
} _=/usr/bin/env /usr/bin/cmake /afs/inf.ed.ac.uk/user/s22/s2281597/ranger_object_finder/ranger_nav/ros_ws/src/slam_gmapping/slam_gmapping -DAMENT_CMAKE_SYMLINK_INSTALL=1 -DCMAKE_INSTALL_PREFIX=/afs/inf.ed.ac.uk/user/s22/s2281597/ranger_object_finder/ranger_nav/ros_ws/install/slam_gmapping
[15.830s] DEBUG:colcon.colcon_core.event_handler.log_command:Invoked command in '/afs/inf.ed.ac.uk/user/s22/s2281597/ranger_object_finder/ranger_nav/ros_ws/build/slam_gmapping' returned '0': BASH=/bin/sh CMAKE_PREFIX_PATH=/afs/inf.ed.ac.uk/user/s22/s2281597/ranger_object_finder/ranger_nav/ros_ws/install/openslam_gmapping:/afs/inf.ed.ac.uk/user/s22/s2281597/ranger_object_finder/ranger_nav/ros_ws/install/slam_gmapping:/afs/inf.ed.ac.uk/user/s22/s2281597/ranger_object_finder/ranger_nav/ros_ws/install/hls_lfcd_lds_driver:/afs/inf.ed.ac.uk/user/s22/s2281597/ranger_object_finder/ranger_nav/ros_ws/install/movement_controller:/opt/ros/humble MODULES_CMD=${MODULES_CMD}
BASH_FUNC_rvirsh%%=() {  KVMHOST=$1;
 shift;
 if [ "$KVMHOST" ]; then
 if [ "$KVMHOST" = "." ]; then
 URI="qemu:///system";
 else
 URI="qemu+ssh://$KVMHOST/system";
 fi;
 else
 URI="qemu:///system";
 fi;
 virsh --connect $URI $@
}
BASH_FUNC_ml%%=() {  module ml "$@"
}
BASH_FUNC_module%%=() {  eval `/usr/bin/tclsh8.6 /usr/lib/x86_64-linux-gnu/modulecmd.tcl sh "$@"`;
 _mlstatus=$?;
 return $_mlstatus
}
BASH_FUNC_resize%%=() {  eval `command resize`
}
BASH_FUNC_command_not_found_handle%%=() {  unset command_not_found_handle;
 if [[ "$IFS" != '
' ]]; then
 _command_not_found $*;
 fi;
 function dbg ()
 {
 [[ -n $CRICHTON_DEBUG ]] && echo $1 1>&2
 };
 SORT="/usr/bin/_SortBashRC";
 PATTERN='[0-9][0-9][0-9].*';
 if [[ -n $CRICHTON_DEBUG ]]; then
 modules=$($SORT $CRICHTON_SYS/$PATTERN $CRICHTON_USR/$PATTERN);
 else
 modules=$($SORT $CRICHTON_SYS/$PATTERN $CRICHTON_USR/$PATTERN 2>&-);
 fi;
 dbg "- Found $(/bin/echo $modules | /usr/bin/wc -w 2>&-) modules.";
 for mod in ${modules} _command_not_found;
 do
 dbg "-- $(/bin/basename $mod 2>&-)";
 CRICHTON_SYS=$CRICHTON_SYS CRICHTON_USR=$CRICHTON_USR "$mod" $*;
 exit=$?;
 dbg "[exit $exit]";
 [[ $exit == 255 ]] && {
 _command_not_found $1;
 break
 };
 [[ $exit == 0 ]] && break;
 done;
 return 127
}
BASH_FUNC_setpath%%=() {  if [ -f /usr/bin/pathfix ]; then
 pathfix_binary=/usr/bin/pathfix;
 else
 pathfix_binary=/usr/local/bin/pathfix;
 fi;
 new_PATH=`$pathfix_binary $@`;
 [ "$new_PATH" ] && PATH="$new_PATH";
 export PATH
}
BASH_FUNC__command_not_found%%=() {  echo "bash: $1: command not found" 1>&2
}
BASH_FUNC_colloq%%=() {  more /usr/local/alert/misc/coll
}
BASH_FUNC_gnu%%=() {  command gnu -u $LOGNAME $*
}
BASH_FUNC_purge%%=() {  rm -f *~ .*~ \#*\# tmp*
}
BASH_FUNC_setup%%=() {  source /usr/local/share/setup/setup.sh $*
} _=/usr/bin/env /usr/bin/cmake /afs/inf.ed.ac.uk/user/s22/s2281597/ranger_object_finder/ranger_nav/ros_ws/src/slam_gmapping/slam_gmapping -DAMENT_CMAKE_SYMLINK_INSTALL=1 -DCMAKE_INSTALL_PREFIX=/afs/inf.ed.ac.uk/user/s22/s2281597/ranger_object_finder/ranger_nav/ros_ws/install/slam_gmapping
[15.831s] DEBUG:colcon.colcon_core.event_handler.log_command:Invoking command in '/afs/inf.ed.ac.uk/user/s22/s2281597/ranger_object_finder/ranger_nav/ros_ws/build/slam_gmapping': BASH=/bin/sh CMAKE_PREFIX_PATH=/afs/inf.ed.ac.uk/user/s22/s2281597/ranger_object_finder/ranger_nav/ros_ws/install/openslam_gmapping:/afs/inf.ed.ac.uk/user/s22/s2281597/ranger_object_finder/ranger_nav/ros_ws/install/slam_gmapping:/afs/inf.ed.ac.uk/user/s22/s2281597/ranger_object_finder/ranger_nav/ros_ws/install/hls_lfcd_lds_driver:/afs/inf.ed.ac.uk/user/s22/s2281597/ranger_object_finder/ranger_nav/ros_ws/install/movement_controller:/opt/ros/humble MODULES_CMD=${MODULES_CMD}
BASH_FUNC_rvirsh%%=() {  KVMHOST=$1;
 shift;
 if [ "$KVMHOST" ]; then
 if [ "$KVMHOST" = "." ]; then
 URI="qemu:///system";
 else
 URI="qemu+ssh://$KVMHOST/system";
 fi;
 else
 URI="qemu:///system";
 fi;
 virsh --connect $URI $@
}
BASH_FUNC_ml%%=() {  module ml "$@"
}
BASH_FUNC_module%%=() {  eval `/usr/bin/tclsh8.6 /usr/lib/x86_64-linux-gnu/modulecmd.tcl sh "$@"`;
 _mlstatus=$?;
 return $_mlstatus
}
BASH_FUNC_resize%%=() {  eval `command resize`
}
BASH_FUNC_command_not_found_handle%%=() {  unset command_not_found_handle;
 if [[ "$IFS" != '
' ]]; then
 _command_not_found $*;
 fi;
 function dbg ()
 {
 [[ -n $CRICHTON_DEBUG ]] && echo $1 1>&2
 };
 SORT="/usr/bin/_SortBashRC";
 PATTERN='[0-9][0-9][0-9].*';
 if [[ -n $CRICHTON_DEBUG ]]; then
 modules=$($SORT $CRICHTON_SYS/$PATTERN $CRICHTON_USR/$PATTERN);
 else
 modules=$($SORT $CRICHTON_SYS/$PATTERN $CRICHTON_USR/$PATTERN 2>&-);
 fi;
 dbg "- Found $(/bin/echo $modules | /usr/bin/wc -w 2>&-) modules.";
 for mod in ${modules} _command_not_found;
 do
 dbg "-- $(/bin/basename $mod 2>&-)";
 CRICHTON_SYS=$CRICHTON_SYS CRICHTON_USR=$CRICHTON_USR "$mod" $*;
 exit=$?;
 dbg "[exit $exit]";
 [[ $exit == 255 ]] && {
 _command_not_found $1;
 break
 };
 [[ $exit == 0 ]] && break;
 done;
 return 127
}
BASH_FUNC_setpath%%=() {  if [ -f /usr/bin/pathfix ]; then
 pathfix_binary=/usr/bin/pathfix;
 else
 pathfix_binary=/usr/local/bin/pathfix;
 fi;
 new_PATH=`$pathfix_binary $@`;
 [ "$new_PATH" ] && PATH="$new_PATH";
 export PATH
}
BASH_FUNC__command_not_found%%=() {  echo "bash: $1: command not found" 1>&2
}
BASH_FUNC_colloq%%=() {  more /usr/local/alert/misc/coll
}
BASH_FUNC_gnu%%=() {  command gnu -u $LOGNAME $*
}
BASH_FUNC_purge%%=() {  rm -f *~ .*~ \#*\# tmp*
}
BASH_FUNC_setup%%=() {  source /usr/local/share/setup/setup.sh $*
} _=/usr/bin/env /usr/bin/cmake --build /afs/inf.ed.ac.uk/user/s22/s2281597/ranger_object_finder/ranger_nav/ros_ws/build/slam_gmapping -- -j12 -l12
[25.153s] DEBUG:colcon.colcon_core.event_handler.log_command:Invoked command in '/afs/inf.ed.ac.uk/user/s22/s2281597/ranger_object_finder/ranger_nav/ros_ws/build/slam_gmapping' returned '0': BASH=/bin/sh CMAKE_PREFIX_PATH=/afs/inf.ed.ac.uk/user/s22/s2281597/ranger_object_finder/ranger_nav/ros_ws/install/openslam_gmapping:/afs/inf.ed.ac.uk/user/s22/s2281597/ranger_object_finder/ranger_nav/ros_ws/install/slam_gmapping:/afs/inf.ed.ac.uk/user/s22/s2281597/ranger_object_finder/ranger_nav/ros_ws/install/hls_lfcd_lds_driver:/afs/inf.ed.ac.uk/user/s22/s2281597/ranger_object_finder/ranger_nav/ros_ws/install/movement_controller:/opt/ros/humble MODULES_CMD=${MODULES_CMD}
BASH_FUNC_rvirsh%%=() {  KVMHOST=$1;
 shift;
 if [ "$KVMHOST" ]; then
 if [ "$KVMHOST" = "." ]; then
 URI="qemu:///system";
 else
 URI="qemu+ssh://$KVMHOST/system";
 fi;
 else
 URI="qemu:///system";
 fi;
 virsh --connect $URI $@
}
BASH_FUNC_ml%%=() {  module ml "$@"
}
BASH_FUNC_module%%=() {  eval `/usr/bin/tclsh8.6 /usr/lib/x86_64-linux-gnu/modulecmd.tcl sh "$@"`;
 _mlstatus=$?;
 return $_mlstatus
}
BASH_FUNC_resize%%=() {  eval `command resize`
}
BASH_FUNC_command_not_found_handle%%=() {  unset command_not_found_handle;
 if [[ "$IFS" != '
' ]]; then
 _command_not_found $*;
 fi;
 function dbg ()
 {
 [[ -n $CRICHTON_DEBUG ]] && echo $1 1>&2
 };
 SORT="/usr/bin/_SortBashRC";
 PATTERN='[0-9][0-9][0-9].*';
 if [[ -n $CRICHTON_DEBUG ]]; then
 modules=$($SORT $CRICHTON_SYS/$PATTERN $CRICHTON_USR/$PATTERN);
 else
 modules=$($SORT $CRICHTON_SYS/$PATTERN $CRICHTON_USR/$PATTERN 2>&-);
 fi;
 dbg "- Found $(/bin/echo $modules | /usr/bin/wc -w 2>&-) modules.";
 for mod in ${modules} _command_not_found;
 do
 dbg "-- $(/bin/basename $mod 2>&-)";
 CRICHTON_SYS=$CRICHTON_SYS CRICHTON_USR=$CRICHTON_USR "$mod" $*;
 exit=$?;
 dbg "[exit $exit]";
 [[ $exit == 255 ]] && {
 _command_not_found $1;
 break
 };
 [[ $exit == 0 ]] && break;
 done;
 return 127
}
BASH_FUNC_setpath%%=() {  if [ -f /usr/bin/pathfix ]; then
 pathfix_binary=/usr/bin/pathfix;
 else
 pathfix_binary=/usr/local/bin/pathfix;
 fi;
 new_PATH=`$pathfix_binary $@`;
 [ "$new_PATH" ] && PATH="$new_PATH";
 export PATH
}
BASH_FUNC__command_not_found%%=() {  echo "bash: $1: command not found" 1>&2
}
BASH_FUNC_colloq%%=() {  more /usr/local/alert/misc/coll
}
BASH_FUNC_gnu%%=() {  command gnu -u $LOGNAME $*
}
BASH_FUNC_purge%%=() {  rm -f *~ .*~ \#*\# tmp*
}
BASH_FUNC_setup%%=() {  source /usr/local/share/setup/setup.sh $*
} _=/usr/bin/env /usr/bin/cmake --build /afs/inf.ed.ac.uk/user/s22/s2281597/ranger_object_finder/ranger_nav/ros_ws/build/slam_gmapping -- -j12 -l12
[25.178s] DEBUG:colcon.colcon_core.event_handler.log_command:Invoking command in '/afs/inf.ed.ac.uk/user/s22/s2281597/ranger_object_finder/ranger_nav/ros_ws/build/slam_gmapping': BASH=/bin/sh CMAKE_PREFIX_PATH=/afs/inf.ed.ac.uk/user/s22/s2281597/ranger_object_finder/ranger_nav/ros_ws/install/openslam_gmapping:/afs/inf.ed.ac.uk/user/s22/s2281597/ranger_object_finder/ranger_nav/ros_ws/install/slam_gmapping:/afs/inf.ed.ac.uk/user/s22/s2281597/ranger_object_finder/ranger_nav/ros_ws/install/hls_lfcd_lds_driver:/afs/inf.ed.ac.uk/user/s22/s2281597/ranger_object_finder/ranger_nav/ros_ws/install/movement_controller:/opt/ros/humble MODULES_CMD=${MODULES_CMD}
BASH_FUNC_rvirsh%%=() {  KVMHOST=$1;
 shift;
 if [ "$KVMHOST" ]; then
 if [ "$KVMHOST" = "." ]; then
 URI="qemu:///system";
 else
 URI="qemu+ssh://$KVMHOST/system";
 fi;
 else
 URI="qemu:///system";
 fi;
 virsh --connect $URI $@
}
BASH_FUNC_ml%%=() {  module ml "$@"
}
BASH_FUNC_module%%=() {  eval `/usr/bin/tclsh8.6 /usr/lib/x86_64-linux-gnu/modulecmd.tcl sh "$@"`;
 _mlstatus=$?;
 return $_mlstatus
}
BASH_FUNC_resize%%=() {  eval `command resize`
}
BASH_FUNC_command_not_found_handle%%=() {  unset command_not_found_handle;
 if [[ "$IFS" != '
' ]]; then
 _command_not_found $*;
 fi;
 function dbg ()
 {
 [[ -n $CRICHTON_DEBUG ]] && echo $1 1>&2
 };
 SORT="/usr/bin/_SortBashRC";
 PATTERN='[0-9][0-9][0-9].*';
 if [[ -n $CRICHTON_DEBUG ]]; then
 modules=$($SORT $CRICHTON_SYS/$PATTERN $CRICHTON_USR/$PATTERN);
 else
 modules=$($SORT $CRICHTON_SYS/$PATTERN $CRICHTON_USR/$PATTERN 2>&-);
 fi;
 dbg "- Found $(/bin/echo $modules | /usr/bin/wc -w 2>&-) modules.";
 for mod in ${modules} _command_not_found;
 do
 dbg "-- $(/bin/basename $mod 2>&-)";
 CRICHTON_SYS=$CRICHTON_SYS CRICHTON_USR=$CRICHTON_USR "$mod" $*;
 exit=$?;
 dbg "[exit $exit]";
 [[ $exit == 255 ]] && {
 _command_not_found $1;
 break
 };
 [[ $exit == 0 ]] && break;
 done;
 return 127
}
BASH_FUNC_setpath%%=() {  if [ -f /usr/bin/pathfix ]; then
 pathfix_binary=/usr/bin/pathfix;
 else
 pathfix_binary=/usr/local/bin/pathfix;
 fi;
 new_PATH=`$pathfix_binary $@`;
 [ "$new_PATH" ] && PATH="$new_PATH";
 export PATH
}
BASH_FUNC__command_not_found%%=() {  echo "bash: $1: command not found" 1>&2
}
BASH_FUNC_colloq%%=() {  more /usr/local/alert/misc/coll
}
BASH_FUNC_gnu%%=() {  command gnu -u $LOGNAME $*
}
BASH_FUNC_purge%%=() {  rm -f *~ .*~ \#*\# tmp*
}
BASH_FUNC_setup%%=() {  source /usr/local/share/setup/setup.sh $*
} _=/usr/bin/env /usr/bin/cmake --install /afs/inf.ed.ac.uk/user/s22/s2281597/ranger_object_finder/ranger_nav/ros_ws/build/slam_gmapping
[25.327s] Level 1:colcon.colcon_core.environment:create_environment_scripts_only(slam_gmapping)
[25.328s] DEBUG:colcon.colcon_core.event_handler.log_command:Invoked command in '/afs/inf.ed.ac.uk/user/s22/s2281597/ranger_object_finder/ranger_nav/ros_ws/build/slam_gmapping' returned '0': BASH=/bin/sh CMAKE_PREFIX_PATH=/afs/inf.ed.ac.uk/user/s22/s2281597/ranger_object_finder/ranger_nav/ros_ws/install/openslam_gmapping:/afs/inf.ed.ac.uk/user/s22/s2281597/ranger_object_finder/ranger_nav/ros_ws/install/slam_gmapping:/afs/inf.ed.ac.uk/user/s22/s2281597/ranger_object_finder/ranger_nav/ros_ws/install/hls_lfcd_lds_driver:/afs/inf.ed.ac.uk/user/s22/s2281597/ranger_object_finder/ranger_nav/ros_ws/install/movement_controller:/opt/ros/humble MODULES_CMD=${MODULES_CMD}
BASH_FUNC_rvirsh%%=() {  KVMHOST=$1;
 shift;
 if [ "$KVMHOST" ]; then
 if [ "$KVMHOST" = "." ]; then
 URI="qemu:///system";
 else
 URI="qemu+ssh://$KVMHOST/system";
 fi;
 else
 URI="qemu:///system";
 fi;
 virsh --connect $URI $@
}
BASH_FUNC_ml%%=() {  module ml "$@"
}
BASH_FUNC_module%%=() {  eval `/usr/bin/tclsh8.6 /usr/lib/x86_64-linux-gnu/modulecmd.tcl sh "$@"`;
 _mlstatus=$?;
 return $_mlstatus
}
BASH_FUNC_resize%%=() {  eval `command resize`
}
BASH_FUNC_command_not_found_handle%%=() {  unset command_not_found_handle;
 if [[ "$IFS" != '
' ]]; then
 _command_not_found $*;
 fi;
 function dbg ()
 {
 [[ -n $CRICHTON_DEBUG ]] && echo $1 1>&2
 };
 SORT="/usr/bin/_SortBashRC";
 PATTERN='[0-9][0-9][0-9].*';
 if [[ -n $CRICHTON_DEBUG ]]; then
 modules=$($SORT $CRICHTON_SYS/$PATTERN $CRICHTON_USR/$PATTERN);
 else
 modules=$($SORT $CRICHTON_SYS/$PATTERN $CRICHTON_USR/$PATTERN 2>&-);
 fi;
 dbg "- Found $(/bin/echo $modules | /usr/bin/wc -w 2>&-) modules.";
 for mod in ${modules} _command_not_found;
 do
 dbg "-- $(/bin/basename $mod 2>&-)";
 CRICHTON_SYS=$CRICHTON_SYS CRICHTON_USR=$CRICHTON_USR "$mod" $*;
 exit=$?;
 dbg "[exit $exit]";
 [[ $exit == 255 ]] && {
 _command_not_found $1;
 break
 };
 [[ $exit == 0 ]] && break;
 done;
 return 127
}
BASH_FUNC_setpath%%=() {  if [ -f /usr/bin/pathfix ]; then
 pathfix_binary=/usr/bin/pathfix;
 else
 pathfix_binary=/usr/local/bin/pathfix;
 fi;
 new_PATH=`$pathfix_binary $@`;
 [ "$new_PATH" ] && PATH="$new_PATH";
 export PATH
}
BASH_FUNC__command_not_found%%=() {  echo "bash: $1: command not found" 1>&2
}
BASH_FUNC_colloq%%=() {  more /usr/local/alert/misc/coll
}
BASH_FUNC_gnu%%=() {  command gnu -u $LOGNAME $*
}
BASH_FUNC_purge%%=() {  rm -f *~ .*~ \#*\# tmp*
}
BASH_FUNC_setup%%=() {  source /usr/local/share/setup/setup.sh $*
} _=/usr/bin/env /usr/bin/cmake --install /afs/inf.ed.ac.uk/user/s22/s2281597/ranger_object_finder/ranger_nav/ros_ws/build/slam_gmapping
[25.328s] Level 1:colcon.colcon_core.environment:checking '/afs/inf.ed.ac.uk/user/s22/s2281597/ranger_object_finder/ranger_nav/ros_ws/install/slam_gmapping' for CMake module files
[25.329s] Level 1:colcon.colcon_core.environment:checking '/afs/inf.ed.ac.uk/user/s22/s2281597/ranger_object_finder/ranger_nav/ros_ws/install/slam_gmapping' for CMake config files
[25.329s] Level 1:colcon.colcon_core.shell:create_environment_hook('slam_gmapping', 'cmake_prefix_path')
[25.329s] INFO:colcon.colcon_core.shell:Creating environment descriptor '/afs/inf.ed.ac.uk/user/s22/s2281597/ranger_object_finder/ranger_nav/ros_ws/install/slam_gmapping/share/slam_gmapping/hook/cmake_prefix_path.dsv'
[25.334s] INFO:colcon.colcon_core.shell:Creating environment hook '/afs/inf.ed.ac.uk/user/s22/s2281597/ranger_object_finder/ranger_nav/ros_ws/install/slam_gmapping/share/slam_gmapping/hook/cmake_prefix_path.sh'
[25.338s] Level 1:colcon.colcon_core.environment:checking '/afs/inf.ed.ac.uk/user/s22/s2281597/ranger_object_finder/ranger_nav/ros_ws/install/slam_gmapping/lib'
[25.338s] Level 1:colcon.colcon_core.environment:checking '/afs/inf.ed.ac.uk/user/s22/s2281597/ranger_object_finder/ranger_nav/ros_ws/install/slam_gmapping/bin'
[25.338s] Level 1:colcon.colcon_core.environment:checking '/afs/inf.ed.ac.uk/user/s22/s2281597/ranger_object_finder/ranger_nav/ros_ws/install/slam_gmapping/lib/pkgconfig/slam_gmapping.pc'
[25.339s] Level 1:colcon.colcon_core.environment:checking '/afs/inf.ed.ac.uk/user/s22/s2281597/ranger_object_finder/ranger_nav/ros_ws/install/slam_gmapping/lib/python3.10/site-packages'
[25.340s] Level 1:colcon.colcon_core.environment:checking '/afs/inf.ed.ac.uk/user/s22/s2281597/ranger_object_finder/ranger_nav/ros_ws/install/slam_gmapping/bin'
[25.340s] INFO:colcon.colcon_core.shell:Creating package descriptor '/afs/inf.ed.ac.uk/user/s22/s2281597/ranger_object_finder/ranger_nav/ros_ws/install/slam_gmapping/share/slam_gmapping/package.dsv'
[25.345s] INFO:colcon.colcon_core.shell:Creating package script '/afs/inf.ed.ac.uk/user/s22/s2281597/ranger_object_finder/ranger_nav/ros_ws/install/slam_gmapping/share/slam_gmapping/package.sh'
[25.348s] Level 1:colcon.colcon_core.environment:create_file_with_runtime_dependencies(/afs/inf.ed.ac.uk/user/s22/s2281597/ranger_object_finder/ranger_nav/ros_ws/install/slam_gmapping/share/colcon-core/packages/slam_gmapping)
[25.439s] Level 1:colcon.colcon_core.environment:create_environment_scripts_only(slam_gmapping)
[25.440s] Level 1:colcon.colcon_core.environment:checking '/afs/inf.ed.ac.uk/user/s22/s2281597/ranger_object_finder/ranger_nav/ros_ws/install/slam_gmapping' for CMake module files
[25.441s] Level 1:colcon.colcon_core.environment:checking '/afs/inf.ed.ac.uk/user/s22/s2281597/ranger_object_finder/ranger_nav/ros_ws/install/slam_gmapping' for CMake config files
[25.443s] Level 1:colcon.colcon_core.shell:create_environment_hook('slam_gmapping', 'cmake_prefix_path')
[25.443s] INFO:colcon.colcon_core.shell:Creating environment descriptor '/afs/inf.ed.ac.uk/user/s22/s2281597/ranger_object_finder/ranger_nav/ros_ws/install/slam_gmapping/share/slam_gmapping/hook/cmake_prefix_path.dsv'
[25.447s] INFO:colcon.colcon_core.shell:Creating environment hook '/afs/inf.ed.ac.uk/user/s22/s2281597/ranger_object_finder/ranger_nav/ros_ws/install/slam_gmapping/share/slam_gmapping/hook/cmake_prefix_path.sh'
[25.450s] Level 1:colcon.colcon_core.environment:checking '/afs/inf.ed.ac.uk/user/s22/s2281597/ranger_object_finder/ranger_nav/ros_ws/install/slam_gmapping/lib'
[25.451s] Level 1:colcon.colcon_core.environment:checking '/afs/inf.ed.ac.uk/user/s22/s2281597/ranger_object_finder/ranger_nav/ros_ws/install/slam_gmapping/bin'
[25.451s] Level 1:colcon.colcon_core.environment:checking '/afs/inf.ed.ac.uk/user/s22/s2281597/ranger_object_finder/ranger_nav/ros_ws/install/slam_gmapping/lib/pkgconfig/slam_gmapping.pc'
[25.452s] Level 1:colcon.colcon_core.environment:checking '/afs/inf.ed.ac.uk/user/s22/s2281597/ranger_object_finder/ranger_nav/ros_ws/install/slam_gmapping/lib/python3.10/site-packages'
[25.452s] Level 1:colcon.colcon_core.environment:checking '/afs/inf.ed.ac.uk/user/s22/s2281597/ranger_object_finder/ranger_nav/ros_ws/install/slam_gmapping/bin'
[25.453s] INFO:colcon.colcon_core.shell:Creating package descriptor '/afs/inf.ed.ac.uk/user/s22/s2281597/ranger_object_finder/ranger_nav/ros_ws/install/slam_gmapping/share/slam_gmapping/package.dsv'
[25.456s] INFO:colcon.colcon_core.shell:Creating package script '/afs/inf.ed.ac.uk/user/s22/s2281597/ranger_object_finder/ranger_nav/ros_ws/install/slam_gmapping/share/slam_gmapping/package.sh'
[25.459s] Level 1:colcon.colcon_core.environment:create_file_with_runtime_dependencies(/afs/inf.ed.ac.uk/user/s22/s2281597/ranger_object_finder/ranger_nav/ros_ws/install/slam_gmapping/share/colcon-core/packages/slam_gmapping)
[25.462s] DEBUG:colcon.colcon_core.executor.sequential:run_until_complete 'slam_gmapping' finished with '0'
[25.462s] DEBUG:colcon.colcon_core.executor.sequential:closing loop
[25.463s] DEBUG:colcon.colcon_core.executor.sequential:loop closed
[25.463s] DEBUG:colcon.colcon_core.event_reactor:joining thread
[25.464s] DEBUG:colcon.colcon_core.event_reactor:joined thread
[25.464s] INFO:colcon.colcon_core.shell:Creating prefix script '/afs/inf.ed.ac.uk/user/s22/s2281597/ranger_object_finder/ranger_nav/ros_ws/install/local_setup.sh'
[25.468s] INFO:colcon.colcon_core.shell:Creating prefix util module '/afs/inf.ed.ac.uk/user/s22/s2281597/ranger_object_finder/ranger_nav/ros_ws/install/_local_setup_util_sh.py'
[25.476s] INFO:colcon.colcon_core.shell:Creating prefix chain script '/afs/inf.ed.ac.uk/user/s22/s2281597/ranger_object_finder/ranger_nav/ros_ws/install/setup.sh'
