[0.000000] (-) TimerEvent: {}
[0.000105] (openslam_gmapping) JobQueued: {'identifier': 'openslam_gmapping', 'dependencies': OrderedDict()}
[0.000191] (slam_gmapping) JobQueued: {'identifier': 'slam_gmapping', 'dependencies': OrderedDict([('openslam_gmapping', '/afs/inf.ed.ac.uk/user/s22/s2281597/Ranger-object-finder/ros_ws/install/openslam_gmapping')])}
[0.000259] (openslam_gmapping) JobStarted: {'identifier': 'openslam_gmapping'}
[0.036089] (openslam_gmapping) JobProgress: {'identifier': 'openslam_gmapping', 'progress': 'cmake'}
[0.039987] (openslam_gmapping) Command: {'cmd': ['/usr/bin/cmake', '/afs/inf.ed.ac.uk/user/s22/s2281597/Ranger-object-finder/ros_ws/src/slam_gmapping/openslam_gmapping', '-DCMAKE_INSTALL_PREFIX=/afs/inf.ed.ac.uk/user/s22/s2281597/Ranger-object-finder/ros_ws/install/openslam_gmapping'], 'cwd': '/afs/inf.ed.ac.uk/user/s22/s2281597/Ranger-object-finder/ros_ws/build/openslam_gmapping', 'env': OrderedDict([('SHELL', '/bin/bash'), ('ROS_VERSION', '2'), ('SESSION_MANAGER', 'local/hextech.inf.ed.ac.uk:@/tmp/.ICE-unix/129621,unix/hextech.inf.ed.ac.uk:/tmp/.ICE-unix/129621'), ('XPRINTER', 'xp_ps_spooldir_tmp_Xprintjobs'), ('QT_ACCESSIBILITY', '1'), ('COLORTERM', 'truecolor'), ('XDG_CONFIG_DIRS', '/etc/xdg/xdg-dice:/etc/xdg'), ('XDG_SESSION_PATH', '/org/freedesktop/DisplayManager/Session2'), ('TERM_PROGRAM_VERSION', '1.93.1'), ('GTK_IM_MODULE', 'ibus'), ('SshAgent', '/usr/bin/ssh-agent'), ('ROS_PYTHON_VERSION', '3'), ('LANGUAGE', 'en_GB:en'), ('SSH_AUTH_SOCK', '/run/user/2661391/keyring/ssh'), ('XMODIFIERS', '@im=ibus'), ('DESKTOP_SESSION', 'dice'), ('EDITOR', '/usr/bin/emacs'), ('GTK_MODULES', 'appmenu-gtk-module:gail:atk-bridge:appmenu-gtk-module'), ('XDG_SEAT', 'seat0'), ('MATE_DESKTOP_SESSION_ID', 'this-is-deprecated'), ('KRB5CCNAME', 'FILE:/tmp/krb5cc_2661391_L1jX4m'), ('PWD', '/afs/inf.ed.ac.uk/user/s22/s2281597/Ranger-object-finder/ros_ws/build/openslam_gmapping'), ('LOGNAME', 's2281597'), ('XDG_SESSION_DESKTOP', 'dice'), ('XDG_SESSION_TYPE', 'x11'), ('MODULESHOME', '/usr/share/modules'), ('CRICHTON_SYS', '/etc/crichton.d'), ('MANPATH', ':'), ('GPG_AGENT_INFO', '/run/user/2661391/gnupg/S.gpg-agent:0:1'), ('XAUTHORITY', '/var/run/lightdm/s2281597/xauthority'), ('VSCODE_GIT_ASKPASS_NODE', '/usr/share/code/code'), ('XDG_GREETER_DATA_DIR', '/var/lib/lightdm-data/s2281597'), ('BASH', '/bin/sh'), ('MAPPATH', '/etc/amd:/etc'), ('HOME', '/afs/inf.ed.ac.uk/user/s22/s2281597'), ('LANG', 'en_GB.UTF-8'), ('XDG_CURRENT_DESKTOP', 'MATE'), ('ASPELL_CONF', 'master british'), ('GIO_USE_NETWORK_MONITOR', 'netlink'), ('AMENT_PREFIX_PATH', '/afs/inf.ed.ac.uk/user/s22/s2281597/ros_ws/install/stage_ros2:/afs/inf.ed.ac.uk/user/s22/s2281597/ros_ws/install/socspioneer:/afs/inf.ed.ac.uk/user/s22/s2281597/ros_ws/install/pf_localisation:/opt/ros/humble'), ('GIT_ASKPASS', '/usr/share/code/resources/app/extensions/git/dist/askpass.sh'), ('CMAKE_PREFIX_PATH', '/afs/inf.ed.ac.uk/user/s22/s2281597/ros_ws/install/stage_ros2:/afs/inf.ed.ac.uk/user/s22/s2281597/ros_ws/install/pf_localisation:/afs/inf.ed.ac.uk/user/s22/s2281597/ros_ws/install/Stage:/afs/inf.ed.ac.uk/user/s22/s2281597/ros_ws/install/socspioneer:/opt/ros/humble'), ('XDG_SEAT_PATH', '/org/freedesktop/DisplayManager/Seat0'), ('XILINXD_LICENSE_FILE', '2100@xilinx-lm.inf.ed.ac.uk'), ('COLCON_PREFIX_PATH', '/afs/inf.ed.ac.uk/user/s22/s2281597/ros_ws/install'), ('CHROME_DESKTOP', 'code-url-handler.desktop'), ('CLUTTER_IM_MODULE', 'ibus'), ('VSCODE_GIT_ASKPASS_EXTRA_ARGS', ''), ('SHORT_HOSTNAME', 'hextech'), ('LESSCLOSE', '/usr/bin/lesspipe %s %s'), ('XDG_SESSION_CLASS', 'user'), ('PYTHONPATH', '/afs/inf.ed.ac.uk/user/s22/s2281597/ros_ws/install/socspioneer/lib/python3.10/site-packages:/afs/inf.ed.ac.uk/user/s22/s2281597/ros_ws/install/pf_localisation/local/lib/python3.10/dist-packages:/opt/ros/humble/lib/python3.10/site-packages:/opt/ros/humble/local/lib/python3.10/dist-packages'), ('COLCON', '1'), ('TERM', 'xterm-256color'), ('GTK_OVERLAY_SCROLLING', '0'), ('LESSOPEN', '| /usr/bin/lesspipe %s'), ('USER', 's2281597'), ('VSCODE_GIT_IPC_HANDLE', '/run/user/2661391/vscode-git-abaf8762fb.sock'), ('ENVIRONMENT', 'ubu2204'), ('CRICHTON_USR', '/afs/inf.ed.ac.uk/user/s22/s2281597/.crichton.d'), ('LOADEDMODULES', ''), ('DISPLAY', ':0'), ('SHLVL', '1'), ('QT_IM_MODULE', 'ibus'), ('XDG_VTNR', '7'), ('UBUNTU_MENUPROXY', '1'), ('GVFS_DISABLE_FUSE', '1'), ('XDG_SESSION_ID', '360'), ('ROLES', 'cohort-ug course-csec-10 course-fnlp course-ilp course-mob course-pi course-sdp degree-aics dice-account-holder matlabclassroom person student teachingcluster-student year-ug3'), ('LD_LIBRARY_PATH', '/afs/inf.ed.ac.uk/user/s22/s2281597/ros_ws/install/stage_ros2/lib:/afs/inf.ed.ac.uk/user/s22/s2281597/ros_ws/install/Stage/lib:/usr/lib/x86_64-linux-gnu/gazebo-11/plugins:/opt/ros/humble/opt/rviz_ogre_vendor/lib:/opt/ros/humble/lib/x86_64-linux-gnu:/opt/ros/humble/lib'), ('XDG_RUNTIME_DIR', '/run/user/2661391'), ('ROS_LOCALHOST_ONLY', '0'), ('ENV_ROOT', '/usr/share/defenv/bash'), ('VSCODE_GIT_ASKPASS_MAIN', '/usr/share/code/resources/app/extensions/git/dist/askpass-main.js'), ('XDG_DATA_DIRS', '/usr/share/dice:/usr/share/gnome:/usr/local/share/:/usr/share/'), ('GDK_BACKEND', 'x11'), ('PATH', '/afs/inf.ed.ac.uk/user/s22/s2281597/ros_ws/install/Stage/bin:/opt/ros/humble/bin:/usr/games:/usr/local/games:/usr/bin:/usr/sbin:/usr/local/bin:/usr/local/sbin'), ('MODULEPATH', '/etc/environment-modules/modules:/usr/share/modules/versions:/usr/share/modules/$MODULE_VERSION/modulefiles:/usr/share/modules/modulefiles'), ('GDMSESSION', 'dice'), ('ORIGINAL_XDG_CURRENT_DESKTOP', 'MATE'), ('DBUS_SESSION_BUS_ADDRESS', 'unix:abstract=/tmp/dbus-siNKrLa6WN,guid=df425f11f96530649d8a14da6798fbda'), ('QT_FONT_DPI', '96'), ('QT_SCALE_FACTOR', '1'), ('ROS_DISTRO', 'humble'), ('GIO_LAUNCHED_DESKTOP_FILE_PID', '131436'), ('GIO_LAUNCHED_DESKTOP_FILE', '/afs/inf.ed.ac.uk/user/s22/s2281597/Desktop/code.desktop'), ('OLDPWD', '/afs/inf.ed.ac.uk/user/s22/s2281597/Ranger-object-finder'), ('MODULES_CMD', '/usr/lib/x86_64-linux-gnu/modulecmd.tcl'), ('TERM_PROGRAM', 'vscode\nBASH_FUNC_rvirsh%%=() {  KVMHOST=$1;\n shift;\n if [ "$KVMHOST" ]; then\n if [ "$KVMHOST" = "." ]; then\n URI="qemu:///system";\n else\n URI="qemu+ssh://$KVMHOST/system";\n fi;\n else\n URI="qemu:///system";\n fi;\n virsh --connect $URI $@\n}\nBASH_FUNC_ml%%=() {  module ml "$@"\n}\nBASH_FUNC_module%%=() {  eval `/usr/bin/tclsh8.6 /usr/lib/x86_64-linux-gnu/modulecmd.tcl bash "$@"`;\n _mlstatus=$?;\n return $_mlstatus\n}\nBASH_FUNC_resize%%=() {  eval `command resize`\n}\nBASH_FUNC_command_not_found_handle%%=() {  unset command_not_found_handle;\n if [[ "$IFS" != \'\n\' ]]; then\n _command_not_found $*;\n fi;\n function dbg ()\n {\n [[ -n $CRICHTON_DEBUG ]] && echo $1 1>&2\n };\n SORT="/usr/bin/_SortBashRC";\n PATTERN=\'[0-9][0-9][0-9].*\';\n if [[ -n $CRICHTON_DEBUG ]]; then\n modules=$($SORT $CRICHTON_SYS/$PATTERN $CRICHTON_USR/$PATTERN);\n else\n modules=$($SORT $CRICHTON_SYS/$PATTERN $CRICHTON_USR/$PATTERN 2>&-);\n fi;\n dbg "- Found $(/bin/echo $modules | /usr/bin/wc -w 2>&-) modules.";\n for mod in ${modules} _command_not_found;\n do\n dbg "-- $(/bin/basename $mod 2>&-)";\n CRICHTON_SYS=$CRICHTON_SYS CRICHTON_USR=$CRICHTON_USR "$mod" $*;\n exit=$?;\n dbg "[exit $exit]";\n [[ $exit == 255 ]] && {\n _command_not_found $1;\n break\n };\n [[ $exit == 0 ]] && break;\n done;\n return 127\n}\nBASH_FUNC_setpath%%=() {  if [ -f /usr/bin/pathfix ]; then\n pathfix_binary=/usr/bin/pathfix;\n else\n pathfix_binary=/usr/local/bin/pathfix;\n fi;\n new_PATH=`$pathfix_binary $@`;\n [ "$new_PATH" ] && PATH="$new_PATH";\n export PATH\n}\nBASH_FUNC__command_not_found%%=() {  echo "bash: $1: command not found" 1>&2\n}\nBASH_FUNC_colloq%%=() {  more /usr/local/alert/misc/coll\n}\nBASH_FUNC_gnu%%=() {  command gnu -u $LOGNAME $*\n}\nBASH_FUNC_purge%%=() {  rm -f *~ .*~ \\#*\\# tmp*\n}\nBASH_FUNC_setup%%=() {  source /usr/local/share/setup/setup.sh $*\n}'), ('_', '/usr/bin/env')]), 'shell': False}
[0.097903] (-) TimerEvent: {}
[0.198118] (-) TimerEvent: {}
[0.226634] (openslam_gmapping) StdoutLine: {'line': b'-- The C compiler identification is GNU 11.4.0\n'}
[0.298206] (-) TimerEvent: {}
[0.363311] (openslam_gmapping) StdoutLine: {'line': b'-- The CXX compiler identification is GNU 11.4.0\n'}
[0.391284] (openslam_gmapping) StdoutLine: {'line': b'-- Detecting C compiler ABI info\n'}
[0.398286] (-) TimerEvent: {}
[0.498483] (-) TimerEvent: {}
[0.570977] (openslam_gmapping) StdoutLine: {'line': b'-- Detecting C compiler ABI info - done\n'}
[0.583359] (openslam_gmapping) StdoutLine: {'line': b'-- Check for working C compiler: /usr/bin/cc - skipped\n'}
[0.584061] (openslam_gmapping) StdoutLine: {'line': b'-- Detecting C compile features\n'}
[0.584717] (openslam_gmapping) StdoutLine: {'line': b'-- Detecting C compile features - done\n'}
[0.594359] (openslam_gmapping) StdoutLine: {'line': b'-- Detecting CXX compiler ABI info\n'}
[0.598546] (-) TimerEvent: {}
[0.698751] (-) TimerEvent: {}
[0.707177] (openslam_gmapping) StdoutLine: {'line': b'-- Detecting CXX compiler ABI info - done\n'}
[0.728150] (openslam_gmapping) StdoutLine: {'line': b'-- Check for working CXX compiler: /usr/bin/c++ - skipped\n'}
[0.728371] (openslam_gmapping) StdoutLine: {'line': b'-- Detecting CXX compile features\n'}
[0.728937] (openslam_gmapping) StdoutLine: {'line': b'-- Detecting CXX compile features - done\n'}
[0.743049] (openslam_gmapping) StdoutLine: {'line': b'-- Found ament_cmake: 1.3.10 (/opt/ros/humble/share/ament_cmake/cmake)\n'}
[0.798831] (-) TimerEvent: {}
[0.879333] (openslam_gmapping) StdoutLine: {'line': b'-- Found Python3: /usr/bin/python3 (found version "3.10.12") found components: Interpreter \n'}
[0.898920] (-) TimerEvent: {}
[0.999174] (-) TimerEvent: {}
[1.099424] (-) TimerEvent: {}
[1.173192] (openslam_gmapping) StdoutLine: {'line': b'-- Configuring done\n'}
[1.199511] (-) TimerEvent: {}
[1.299729] (-) TimerEvent: {}
[1.333235] (openslam_gmapping) StdoutLine: {'line': b'-- Generating done\n'}
[1.361759] (openslam_gmapping) StdoutLine: {'line': b'-- Build files have been written to: /afs/inf.ed.ac.uk/user/s22/s2281597/Ranger-object-finder/ros_ws/build/openslam_gmapping\n'}
[1.365154] (openslam_gmapping) CommandEnded: {'returncode': 0}
[1.365604] (openslam_gmapping) JobProgress: {'identifier': 'openslam_gmapping', 'progress': 'build'}
[1.366522] (openslam_gmapping) Command: {'cmd': ['/usr/bin/cmake', '--build', '/afs/inf.ed.ac.uk/user/s22/s2281597/Ranger-object-finder/ros_ws/build/openslam_gmapping', '--', '-j12', '-l12'], 'cwd': '/afs/inf.ed.ac.uk/user/s22/s2281597/Ranger-object-finder/ros_ws/build/openslam_gmapping', 'env': OrderedDict([('SHELL', '/bin/bash'), ('ROS_VERSION', '2'), ('SESSION_MANAGER', 'local/hextech.inf.ed.ac.uk:@/tmp/.ICE-unix/129621,unix/hextech.inf.ed.ac.uk:/tmp/.ICE-unix/129621'), ('XPRINTER', 'xp_ps_spooldir_tmp_Xprintjobs'), ('QT_ACCESSIBILITY', '1'), ('COLORTERM', 'truecolor'), ('XDG_CONFIG_DIRS', '/etc/xdg/xdg-dice:/etc/xdg'), ('XDG_SESSION_PATH', '/org/freedesktop/DisplayManager/Session2'), ('TERM_PROGRAM_VERSION', '1.93.1'), ('GTK_IM_MODULE', 'ibus'), ('SshAgent', '/usr/bin/ssh-agent'), ('ROS_PYTHON_VERSION', '3'), ('LANGUAGE', 'en_GB:en'), ('SSH_AUTH_SOCK', '/run/user/2661391/keyring/ssh'), ('XMODIFIERS', '@im=ibus'), ('DESKTOP_SESSION', 'dice'), ('EDITOR', '/usr/bin/emacs'), ('GTK_MODULES', 'appmenu-gtk-module:gail:atk-bridge:appmenu-gtk-module'), ('XDG_SEAT', 'seat0'), ('MATE_DESKTOP_SESSION_ID', 'this-is-deprecated'), ('KRB5CCNAME', 'FILE:/tmp/krb5cc_2661391_L1jX4m'), ('PWD', '/afs/inf.ed.ac.uk/user/s22/s2281597/Ranger-object-finder/ros_ws/build/openslam_gmapping'), ('LOGNAME', 's2281597'), ('XDG_SESSION_DESKTOP', 'dice'), ('XDG_SESSION_TYPE', 'x11'), ('MODULESHOME', '/usr/share/modules'), ('CRICHTON_SYS', '/etc/crichton.d'), ('MANPATH', ':'), ('GPG_AGENT_INFO', '/run/user/2661391/gnupg/S.gpg-agent:0:1'), ('XAUTHORITY', '/var/run/lightdm/s2281597/xauthority'), ('VSCODE_GIT_ASKPASS_NODE', '/usr/share/code/code'), ('XDG_GREETER_DATA_DIR', '/var/lib/lightdm-data/s2281597'), ('BASH', '/bin/sh'), ('MAPPATH', '/etc/amd:/etc'), ('HOME', '/afs/inf.ed.ac.uk/user/s22/s2281597'), ('LANG', 'en_GB.UTF-8'), ('XDG_CURRENT_DESKTOP', 'MATE'), ('ASPELL_CONF', 'master british'), ('GIO_USE_NETWORK_MONITOR', 'netlink'), ('AMENT_PREFIX_PATH', '/afs/inf.ed.ac.uk/user/s22/s2281597/ros_ws/install/stage_ros2:/afs/inf.ed.ac.uk/user/s22/s2281597/ros_ws/install/socspioneer:/afs/inf.ed.ac.uk/user/s22/s2281597/ros_ws/install/pf_localisation:/opt/ros/humble'), ('GIT_ASKPASS', '/usr/share/code/resources/app/extensions/git/dist/askpass.sh'), ('CMAKE_PREFIX_PATH', '/afs/inf.ed.ac.uk/user/s22/s2281597/ros_ws/install/stage_ros2:/afs/inf.ed.ac.uk/user/s22/s2281597/ros_ws/install/pf_localisation:/afs/inf.ed.ac.uk/user/s22/s2281597/ros_ws/install/Stage:/afs/inf.ed.ac.uk/user/s22/s2281597/ros_ws/install/socspioneer:/opt/ros/humble'), ('XDG_SEAT_PATH', '/org/freedesktop/DisplayManager/Seat0'), ('XILINXD_LICENSE_FILE', '2100@xilinx-lm.inf.ed.ac.uk'), ('COLCON_PREFIX_PATH', '/afs/inf.ed.ac.uk/user/s22/s2281597/ros_ws/install'), ('CHROME_DESKTOP', 'code-url-handler.desktop'), ('CLUTTER_IM_MODULE', 'ibus'), ('VSCODE_GIT_ASKPASS_EXTRA_ARGS', ''), ('SHORT_HOSTNAME', 'hextech'), ('LESSCLOSE', '/usr/bin/lesspipe %s %s'), ('XDG_SESSION_CLASS', 'user'), ('PYTHONPATH', '/afs/inf.ed.ac.uk/user/s22/s2281597/ros_ws/install/socspioneer/lib/python3.10/site-packages:/afs/inf.ed.ac.uk/user/s22/s2281597/ros_ws/install/pf_localisation/local/lib/python3.10/dist-packages:/opt/ros/humble/lib/python3.10/site-packages:/opt/ros/humble/local/lib/python3.10/dist-packages'), ('COLCON', '1'), ('TERM', 'xterm-256color'), ('GTK_OVERLAY_SCROLLING', '0'), ('LESSOPEN', '| /usr/bin/lesspipe %s'), ('USER', 's2281597'), ('VSCODE_GIT_IPC_HANDLE', '/run/user/2661391/vscode-git-abaf8762fb.sock'), ('ENVIRONMENT', 'ubu2204'), ('CRICHTON_USR', '/afs/inf.ed.ac.uk/user/s22/s2281597/.crichton.d'), ('LOADEDMODULES', ''), ('DISPLAY', ':0'), ('SHLVL', '1'), ('QT_IM_MODULE', 'ibus'), ('XDG_VTNR', '7'), ('UBUNTU_MENUPROXY', '1'), ('GVFS_DISABLE_FUSE', '1'), ('XDG_SESSION_ID', '360'), ('ROLES', 'cohort-ug course-csec-10 course-fnlp course-ilp course-mob course-pi course-sdp degree-aics dice-account-holder matlabclassroom person student teachingcluster-student year-ug3'), ('LD_LIBRARY_PATH', '/afs/inf.ed.ac.uk/user/s22/s2281597/ros_ws/install/stage_ros2/lib:/afs/inf.ed.ac.uk/user/s22/s2281597/ros_ws/install/Stage/lib:/usr/lib/x86_64-linux-gnu/gazebo-11/plugins:/opt/ros/humble/opt/rviz_ogre_vendor/lib:/opt/ros/humble/lib/x86_64-linux-gnu:/opt/ros/humble/lib'), ('XDG_RUNTIME_DIR', '/run/user/2661391'), ('ROS_LOCALHOST_ONLY', '0'), ('ENV_ROOT', '/usr/share/defenv/bash'), ('VSCODE_GIT_ASKPASS_MAIN', '/usr/share/code/resources/app/extensions/git/dist/askpass-main.js'), ('XDG_DATA_DIRS', '/usr/share/dice:/usr/share/gnome:/usr/local/share/:/usr/share/'), ('GDK_BACKEND', 'x11'), ('PATH', '/afs/inf.ed.ac.uk/user/s22/s2281597/ros_ws/install/Stage/bin:/opt/ros/humble/bin:/usr/games:/usr/local/games:/usr/bin:/usr/sbin:/usr/local/bin:/usr/local/sbin'), ('MODULEPATH', '/etc/environment-modules/modules:/usr/share/modules/versions:/usr/share/modules/$MODULE_VERSION/modulefiles:/usr/share/modules/modulefiles'), ('GDMSESSION', 'dice'), ('ORIGINAL_XDG_CURRENT_DESKTOP', 'MATE'), ('DBUS_SESSION_BUS_ADDRESS', 'unix:abstract=/tmp/dbus-siNKrLa6WN,guid=df425f11f96530649d8a14da6798fbda'), ('QT_FONT_DPI', '96'), ('QT_SCALE_FACTOR', '1'), ('ROS_DISTRO', 'humble'), ('GIO_LAUNCHED_DESKTOP_FILE_PID', '131436'), ('GIO_LAUNCHED_DESKTOP_FILE', '/afs/inf.ed.ac.uk/user/s22/s2281597/Desktop/code.desktop'), ('OLDPWD', '/afs/inf.ed.ac.uk/user/s22/s2281597/Ranger-object-finder'), ('MODULES_CMD', '/usr/lib/x86_64-linux-gnu/modulecmd.tcl'), ('TERM_PROGRAM', 'vscode\nBASH_FUNC_rvirsh%%=() {  KVMHOST=$1;\n shift;\n if [ "$KVMHOST" ]; then\n if [ "$KVMHOST" = "." ]; then\n URI="qemu:///system";\n else\n URI="qemu+ssh://$KVMHOST/system";\n fi;\n else\n URI="qemu:///system";\n fi;\n virsh --connect $URI $@\n}\nBASH_FUNC_ml%%=() {  module ml "$@"\n}\nBASH_FUNC_module%%=() {  eval `/usr/bin/tclsh8.6 /usr/lib/x86_64-linux-gnu/modulecmd.tcl bash "$@"`;\n _mlstatus=$?;\n return $_mlstatus\n}\nBASH_FUNC_resize%%=() {  eval `command resize`\n}\nBASH_FUNC_command_not_found_handle%%=() {  unset command_not_found_handle;\n if [[ "$IFS" != \'\n\' ]]; then\n _command_not_found $*;\n fi;\n function dbg ()\n {\n [[ -n $CRICHTON_DEBUG ]] && echo $1 1>&2\n };\n SORT="/usr/bin/_SortBashRC";\n PATTERN=\'[0-9][0-9][0-9].*\';\n if [[ -n $CRICHTON_DEBUG ]]; then\n modules=$($SORT $CRICHTON_SYS/$PATTERN $CRICHTON_USR/$PATTERN);\n else\n modules=$($SORT $CRICHTON_SYS/$PATTERN $CRICHTON_USR/$PATTERN 2>&-);\n fi;\n dbg "- Found $(/bin/echo $modules | /usr/bin/wc -w 2>&-) modules.";\n for mod in ${modules} _command_not_found;\n do\n dbg "-- $(/bin/basename $mod 2>&-)";\n CRICHTON_SYS=$CRICHTON_SYS CRICHTON_USR=$CRICHTON_USR "$mod" $*;\n exit=$?;\n dbg "[exit $exit]";\n [[ $exit == 255 ]] && {\n _command_not_found $1;\n break\n };\n [[ $exit == 0 ]] && break;\n done;\n return 127\n}\nBASH_FUNC_setpath%%=() {  if [ -f /usr/bin/pathfix ]; then\n pathfix_binary=/usr/bin/pathfix;\n else\n pathfix_binary=/usr/local/bin/pathfix;\n fi;\n new_PATH=`$pathfix_binary $@`;\n [ "$new_PATH" ] && PATH="$new_PATH";\n export PATH\n}\nBASH_FUNC__command_not_found%%=() {  echo "bash: $1: command not found" 1>&2\n}\nBASH_FUNC_colloq%%=() {  more /usr/local/alert/misc/coll\n}\nBASH_FUNC_gnu%%=() {  command gnu -u $LOGNAME $*\n}\nBASH_FUNC_purge%%=() {  rm -f *~ .*~ \\#*\\# tmp*\n}\nBASH_FUNC_setup%%=() {  source /usr/local/share/setup/setup.sh $*\n}'), ('_', '/usr/bin/env')]), 'shell': False}
[1.399827] (-) TimerEvent: {}
[1.409859] (openslam_gmapping) StdoutLine: {'line': b'[ 18%] \x1b[32mBuilding CXX object utils/CMakeFiles/utils.dir/stat.cpp.o\x1b[0m\n'}
[1.410074] (openslam_gmapping) StdoutLine: {'line': b'[ 18%] \x1b[32mBuilding CXX object utils/CMakeFiles/utils.dir/movement.cpp.o\x1b[0m\n'}
[1.410266] (openslam_gmapping) StdoutLine: {'line': b'[ 18%] \x1b[32mBuilding CXX object sensor/sensor_base/CMakeFiles/sensor_base.dir/sensorreading.cpp.o\x1b[0m\n'}
[1.410354] (openslam_gmapping) StdoutLine: {'line': b'[ 18%] \x1b[32mBuilding CXX object sensor/sensor_base/CMakeFiles/sensor_base.dir/sensor.cpp.o\x1b[0m\n'}
[1.499944] (-) TimerEvent: {}
[1.600226] (-) TimerEvent: {}
[1.610965] (openslam_gmapping) StdoutLine: {'line': b'[ 22%] \x1b[32m\x1b[1mLinking CXX static library libsensor_base.a\x1b[0m\n'}
[1.675564] (openslam_gmapping) StdoutLine: {'line': b'[ 27%] \x1b[32m\x1b[1mLinking CXX static library libutils.a\x1b[0m\n'}
[1.676425] (openslam_gmapping) StdoutLine: {'line': b'[ 27%] Built target sensor_base\n'}
[1.696742] (openslam_gmapping) StdoutLine: {'line': b'[ 45%] \x1b[32mBuilding CXX object sensor/sensor_odometry/CMakeFiles/sensor_odometry.dir/odometryreading.cpp.o\x1b[0m\n'}
[1.696944] (openslam_gmapping) StdoutLine: {'line': b'[ 45%] \x1b[32mBuilding CXX object sensor/sensor_range/CMakeFiles/sensor_range.dir/rangereading.cpp.o\x1b[0m\n'}
[1.697104] (openslam_gmapping) StdoutLine: {'line': b'[ 45%] \x1b[32mBuilding CXX object sensor/sensor_range/CMakeFiles/sensor_range.dir/rangesensor.cpp.o\x1b[0m\n'}
[1.697226] (openslam_gmapping) StdoutLine: {'line': b'[ 45%] \x1b[32mBuilding CXX object sensor/sensor_odometry/CMakeFiles/sensor_odometry.dir/odometrysensor.cpp.o\x1b[0m\n'}
[1.700310] (-) TimerEvent: {}
[1.740222] (openslam_gmapping) StdoutLine: {'line': b'[ 45%] Built target utils\n'}
[1.800413] (-) TimerEvent: {}
[1.900747] (-) TimerEvent: {}
[1.955290] (openslam_gmapping) StdoutLine: {'line': b'[ 50%] \x1b[32m\x1b[1mLinking CXX static library libsensor_odometry.a\x1b[0m\n'}
[2.000838] (-) TimerEvent: {}
[2.014606] (openslam_gmapping) StdoutLine: {'line': b'[ 50%] Built target sensor_odometry\n'}
[2.060136] (openslam_gmapping) StdoutLine: {'line': b'[ 54%] \x1b[32m\x1b[1mLinking CXX static library libsensor_range.a\x1b[0m\n'}
[2.100934] (-) TimerEvent: {}
[2.129354] (openslam_gmapping) StdoutLine: {'line': b'[ 54%] Built target sensor_range\n'}
[2.154090] (openslam_gmapping) StdoutLine: {'line': b'[ 72%] \x1b[32mBuilding CXX object scanmatcher/CMakeFiles/scanmatcher.dir/eig3.cpp.o\x1b[0m\n'}
[2.154439] (openslam_gmapping) StdoutLine: {'line': b'[ 72%] \x1b[32mBuilding CXX object scanmatcher/CMakeFiles/scanmatcher.dir/scanmatcher.cpp.o\x1b[0m\n'}
[2.154589] (openslam_gmapping) StdoutLine: {'line': b'[ 72%] \x1b[32mBuilding CXX object scanmatcher/CMakeFiles/scanmatcher.dir/smmap.cpp.o\x1b[0m\n'}
[2.154737] (openslam_gmapping) StdoutLine: {'line': b'[ 72%] \x1b[32mBuilding CXX object scanmatcher/CMakeFiles/scanmatcher.dir/scanmatcherprocessor.cpp.o\x1b[0m\n'}
[2.201038] (-) TimerEvent: {}
[2.301335] (-) TimerEvent: {}
[2.401648] (-) TimerEvent: {}
[2.501965] (-) TimerEvent: {}
[2.602363] (-) TimerEvent: {}
[2.702692] (-) TimerEvent: {}
[2.803156] (-) TimerEvent: {}
[2.903476] (-) TimerEvent: {}
[3.003924] (-) TimerEvent: {}
[3.104203] (-) TimerEvent: {}
[3.150545] (openslam_gmapping) StdoutLine: {'line': b'[ 77%] \x1b[32m\x1b[1mLinking CXX static library libscanmatcher.a\x1b[0m\n'}
[3.204297] (-) TimerEvent: {}
[3.248837] (openslam_gmapping) StdoutLine: {'line': b'[ 77%] Built target scanmatcher\n'}
[3.267809] (openslam_gmapping) StdoutLine: {'line': b'[ 86%] \x1b[32mBuilding CXX object gridfastslam/CMakeFiles/gridfastslam.dir/gfsreader.cpp.o\x1b[0m\n'}
[3.269054] (openslam_gmapping) StdoutLine: {'line': b'[ 95%] \x1b[32mBuilding CXX object gridfastslam/CMakeFiles/gridfastslam.dir/gridslamprocessor.cpp.o\x1b[0m\n'}
[3.269207] (openslam_gmapping) StdoutLine: {'line': b'[ 95%] \x1b[32mBuilding CXX object gridfastslam/CMakeFiles/gridfastslam.dir/gridslamprocessor_tree.cpp.o\x1b[0m\n'}
[3.269383] (openslam_gmapping) StdoutLine: {'line': b'[ 95%] \x1b[32mBuilding CXX object gridfastslam/CMakeFiles/gridfastslam.dir/motionmodel.cpp.o\x1b[0m\n'}
[3.304384] (-) TimerEvent: {}
[3.404665] (-) TimerEvent: {}
[3.504966] (-) TimerEvent: {}
[3.605264] (-) TimerEvent: {}
[3.705553] (-) TimerEvent: {}
[3.805873] (-) TimerEvent: {}
[3.906154] (-) TimerEvent: {}
[4.006425] (-) TimerEvent: {}
[4.106686] (-) TimerEvent: {}
[4.206974] (-) TimerEvent: {}
[4.307253] (-) TimerEvent: {}
[4.407533] (-) TimerEvent: {}
[4.416574] (openslam_gmapping) StdoutLine: {'line': b'[100%] \x1b[32m\x1b[1mLinking CXX static library libgridfastslam.a\x1b[0m\n'}
[4.507622] (-) TimerEvent: {}
[4.534586] (openslam_gmapping) StdoutLine: {'line': b'[100%] Built target gridfastslam\n'}
[4.559763] (openslam_gmapping) CommandEnded: {'returncode': 0}
[4.592705] (openslam_gmapping) JobProgress: {'identifier': 'openslam_gmapping', 'progress': 'install'}
[4.599775] (openslam_gmapping) Command: {'cmd': ['/usr/bin/cmake', '--install', '/afs/inf.ed.ac.uk/user/s22/s2281597/Ranger-object-finder/ros_ws/build/openslam_gmapping'], 'cwd': '/afs/inf.ed.ac.uk/user/s22/s2281597/Ranger-object-finder/ros_ws/build/openslam_gmapping', 'env': OrderedDict([('SHELL', '/bin/bash'), ('ROS_VERSION', '2'), ('SESSION_MANAGER', 'local/hextech.inf.ed.ac.uk:@/tmp/.ICE-unix/129621,unix/hextech.inf.ed.ac.uk:/tmp/.ICE-unix/129621'), ('XPRINTER', 'xp_ps_spooldir_tmp_Xprintjobs'), ('QT_ACCESSIBILITY', '1'), ('COLORTERM', 'truecolor'), ('XDG_CONFIG_DIRS', '/etc/xdg/xdg-dice:/etc/xdg'), ('XDG_SESSION_PATH', '/org/freedesktop/DisplayManager/Session2'), ('TERM_PROGRAM_VERSION', '1.93.1'), ('GTK_IM_MODULE', 'ibus'), ('SshAgent', '/usr/bin/ssh-agent'), ('ROS_PYTHON_VERSION', '3'), ('LANGUAGE', 'en_GB:en'), ('SSH_AUTH_SOCK', '/run/user/2661391/keyring/ssh'), ('XMODIFIERS', '@im=ibus'), ('DESKTOP_SESSION', 'dice'), ('EDITOR', '/usr/bin/emacs'), ('GTK_MODULES', 'appmenu-gtk-module:gail:atk-bridge:appmenu-gtk-module'), ('XDG_SEAT', 'seat0'), ('MATE_DESKTOP_SESSION_ID', 'this-is-deprecated'), ('KRB5CCNAME', 'FILE:/tmp/krb5cc_2661391_L1jX4m'), ('PWD', '/afs/inf.ed.ac.uk/user/s22/s2281597/Ranger-object-finder/ros_ws/build/openslam_gmapping'), ('LOGNAME', 's2281597'), ('XDG_SESSION_DESKTOP', 'dice'), ('XDG_SESSION_TYPE', 'x11'), ('MODULESHOME', '/usr/share/modules'), ('CRICHTON_SYS', '/etc/crichton.d'), ('MANPATH', ':'), ('GPG_AGENT_INFO', '/run/user/2661391/gnupg/S.gpg-agent:0:1'), ('XAUTHORITY', '/var/run/lightdm/s2281597/xauthority'), ('VSCODE_GIT_ASKPASS_NODE', '/usr/share/code/code'), ('XDG_GREETER_DATA_DIR', '/var/lib/lightdm-data/s2281597'), ('BASH', '/bin/sh'), ('MAPPATH', '/etc/amd:/etc'), ('HOME', '/afs/inf.ed.ac.uk/user/s22/s2281597'), ('LANG', 'en_GB.UTF-8'), ('XDG_CURRENT_DESKTOP', 'MATE'), ('ASPELL_CONF', 'master british'), ('GIO_USE_NETWORK_MONITOR', 'netlink'), ('AMENT_PREFIX_PATH', '/afs/inf.ed.ac.uk/user/s22/s2281597/ros_ws/install/stage_ros2:/afs/inf.ed.ac.uk/user/s22/s2281597/ros_ws/install/socspioneer:/afs/inf.ed.ac.uk/user/s22/s2281597/ros_ws/install/pf_localisation:/opt/ros/humble'), ('GIT_ASKPASS', '/usr/share/code/resources/app/extensions/git/dist/askpass.sh'), ('CMAKE_PREFIX_PATH', '/afs/inf.ed.ac.uk/user/s22/s2281597/ros_ws/install/stage_ros2:/afs/inf.ed.ac.uk/user/s22/s2281597/ros_ws/install/pf_localisation:/afs/inf.ed.ac.uk/user/s22/s2281597/ros_ws/install/Stage:/afs/inf.ed.ac.uk/user/s22/s2281597/ros_ws/install/socspioneer:/opt/ros/humble'), ('XDG_SEAT_PATH', '/org/freedesktop/DisplayManager/Seat0'), ('XILINXD_LICENSE_FILE', '2100@xilinx-lm.inf.ed.ac.uk'), ('COLCON_PREFIX_PATH', '/afs/inf.ed.ac.uk/user/s22/s2281597/ros_ws/install'), ('CHROME_DESKTOP', 'code-url-handler.desktop'), ('CLUTTER_IM_MODULE', 'ibus'), ('VSCODE_GIT_ASKPASS_EXTRA_ARGS', ''), ('SHORT_HOSTNAME', 'hextech'), ('LESSCLOSE', '/usr/bin/lesspipe %s %s'), ('XDG_SESSION_CLASS', 'user'), ('PYTHONPATH', '/afs/inf.ed.ac.uk/user/s22/s2281597/ros_ws/install/socspioneer/lib/python3.10/site-packages:/afs/inf.ed.ac.uk/user/s22/s2281597/ros_ws/install/pf_localisation/local/lib/python3.10/dist-packages:/opt/ros/humble/lib/python3.10/site-packages:/opt/ros/humble/local/lib/python3.10/dist-packages'), ('COLCON', '1'), ('TERM', 'xterm-256color'), ('GTK_OVERLAY_SCROLLING', '0'), ('LESSOPEN', '| /usr/bin/lesspipe %s'), ('USER', 's2281597'), ('VSCODE_GIT_IPC_HANDLE', '/run/user/2661391/vscode-git-abaf8762fb.sock'), ('ENVIRONMENT', 'ubu2204'), ('CRICHTON_USR', '/afs/inf.ed.ac.uk/user/s22/s2281597/.crichton.d'), ('LOADEDMODULES', ''), ('DISPLAY', ':0'), ('SHLVL', '1'), ('QT_IM_MODULE', 'ibus'), ('XDG_VTNR', '7'), ('UBUNTU_MENUPROXY', '1'), ('GVFS_DISABLE_FUSE', '1'), ('XDG_SESSION_ID', '360'), ('ROLES', 'cohort-ug course-csec-10 course-fnlp course-ilp course-mob course-pi course-sdp degree-aics dice-account-holder matlabclassroom person student teachingcluster-student year-ug3'), ('LD_LIBRARY_PATH', '/afs/inf.ed.ac.uk/user/s22/s2281597/ros_ws/install/stage_ros2/lib:/afs/inf.ed.ac.uk/user/s22/s2281597/ros_ws/install/Stage/lib:/usr/lib/x86_64-linux-gnu/gazebo-11/plugins:/opt/ros/humble/opt/rviz_ogre_vendor/lib:/opt/ros/humble/lib/x86_64-linux-gnu:/opt/ros/humble/lib'), ('XDG_RUNTIME_DIR', '/run/user/2661391'), ('ROS_LOCALHOST_ONLY', '0'), ('ENV_ROOT', '/usr/share/defenv/bash'), ('VSCODE_GIT_ASKPASS_MAIN', '/usr/share/code/resources/app/extensions/git/dist/askpass-main.js'), ('XDG_DATA_DIRS', '/usr/share/dice:/usr/share/gnome:/usr/local/share/:/usr/share/'), ('GDK_BACKEND', 'x11'), ('PATH', '/afs/inf.ed.ac.uk/user/s22/s2281597/ros_ws/install/Stage/bin:/opt/ros/humble/bin:/usr/games:/usr/local/games:/usr/bin:/usr/sbin:/usr/local/bin:/usr/local/sbin'), ('MODULEPATH', '/etc/environment-modules/modules:/usr/share/modules/versions:/usr/share/modules/$MODULE_VERSION/modulefiles:/usr/share/modules/modulefiles'), ('GDMSESSION', 'dice'), ('ORIGINAL_XDG_CURRENT_DESKTOP', 'MATE'), ('DBUS_SESSION_BUS_ADDRESS', 'unix:abstract=/tmp/dbus-siNKrLa6WN,guid=df425f11f96530649d8a14da6798fbda'), ('QT_FONT_DPI', '96'), ('QT_SCALE_FACTOR', '1'), ('ROS_DISTRO', 'humble'), ('GIO_LAUNCHED_DESKTOP_FILE_PID', '131436'), ('GIO_LAUNCHED_DESKTOP_FILE', '/afs/inf.ed.ac.uk/user/s22/s2281597/Desktop/code.desktop'), ('OLDPWD', '/afs/inf.ed.ac.uk/user/s22/s2281597/Ranger-object-finder'), ('MODULES_CMD', '/usr/lib/x86_64-linux-gnu/modulecmd.tcl'), ('TERM_PROGRAM', 'vscode\nBASH_FUNC_rvirsh%%=() {  KVMHOST=$1;\n shift;\n if [ "$KVMHOST" ]; then\n if [ "$KVMHOST" = "." ]; then\n URI="qemu:///system";\n else\n URI="qemu+ssh://$KVMHOST/system";\n fi;\n else\n URI="qemu:///system";\n fi;\n virsh --connect $URI $@\n}\nBASH_FUNC_ml%%=() {  module ml "$@"\n}\nBASH_FUNC_module%%=() {  eval `/usr/bin/tclsh8.6 /usr/lib/x86_64-linux-gnu/modulecmd.tcl bash "$@"`;\n _mlstatus=$?;\n return $_mlstatus\n}\nBASH_FUNC_resize%%=() {  eval `command resize`\n}\nBASH_FUNC_command_not_found_handle%%=() {  unset command_not_found_handle;\n if [[ "$IFS" != \'\n\' ]]; then\n _command_not_found $*;\n fi;\n function dbg ()\n {\n [[ -n $CRICHTON_DEBUG ]] && echo $1 1>&2\n };\n SORT="/usr/bin/_SortBashRC";\n PATTERN=\'[0-9][0-9][0-9].*\';\n if [[ -n $CRICHTON_DEBUG ]]; then\n modules=$($SORT $CRICHTON_SYS/$PATTERN $CRICHTON_USR/$PATTERN);\n else\n modules=$($SORT $CRICHTON_SYS/$PATTERN $CRICHTON_USR/$PATTERN 2>&-);\n fi;\n dbg "- Found $(/bin/echo $modules | /usr/bin/wc -w 2>&-) modules.";\n for mod in ${modules} _command_not_found;\n do\n dbg "-- $(/bin/basename $mod 2>&-)";\n CRICHTON_SYS=$CRICHTON_SYS CRICHTON_USR=$CRICHTON_USR "$mod" $*;\n exit=$?;\n dbg "[exit $exit]";\n [[ $exit == 255 ]] && {\n _command_not_found $1;\n break\n };\n [[ $exit == 0 ]] && break;\n done;\n return 127\n}\nBASH_FUNC_setpath%%=() {  if [ -f /usr/bin/pathfix ]; then\n pathfix_binary=/usr/bin/pathfix;\n else\n pathfix_binary=/usr/local/bin/pathfix;\n fi;\n new_PATH=`$pathfix_binary $@`;\n [ "$new_PATH" ] && PATH="$new_PATH";\n export PATH\n}\nBASH_FUNC__command_not_found%%=() {  echo "bash: $1: command not found" 1>&2\n}\nBASH_FUNC_colloq%%=() {  more /usr/local/alert/misc/coll\n}\nBASH_FUNC_gnu%%=() {  command gnu -u $LOGNAME $*\n}\nBASH_FUNC_purge%%=() {  rm -f *~ .*~ \\#*\\# tmp*\n}\nBASH_FUNC_setup%%=() {  source /usr/local/share/setup/setup.sh $*\n}'), ('_', '/usr/bin/env')]), 'shell': False}
[4.605987] (openslam_gmapping) StdoutLine: {'line': b'-- Install configuration: ""\n'}
[4.607687] (-) TimerEvent: {}
[4.611595] (openslam_gmapping) StdoutLine: {'line': b'-- Installing: /afs/inf.ed.ac.uk/user/s22/s2281597/Ranger-object-finder/ros_ws/install/openslam_gmapping/share/openslam_gmapping/environment/library_path.sh\n'}
[4.614307] (openslam_gmapping) StdoutLine: {'line': b'-- Installing: /afs/inf.ed.ac.uk/user/s22/s2281597/Ranger-object-finder/ros_ws/install/openslam_gmapping/share/openslam_gmapping/environment/library_path.dsv\n'}
[4.616836] (openslam_gmapping) StdoutLine: {'line': b'-- Installing: /afs/inf.ed.ac.uk/user/s22/s2281597/Ranger-object-finder/ros_ws/install/openslam_gmapping/include/\n'}
[4.618612] (openslam_gmapping) StdoutLine: {'line': b'-- Installing: /afs/inf.ed.ac.uk/user/s22/s2281597/Ranger-object-finder/ros_ws/install/openslam_gmapping/include//gmapping\n'}
[4.620581] (openslam_gmapping) StdoutLine: {'line': b'-- Installing: /afs/inf.ed.ac.uk/user/s22/s2281597/Ranger-object-finder/ros_ws/install/openslam_gmapping/include//gmapping/grid\n'}
[4.622461] (openslam_gmapping) StdoutLine: {'line': b'-- Installing: /afs/inf.ed.ac.uk/user/s22/s2281597/Ranger-object-finder/ros_ws/install/openslam_gmapping/include//gmapping/grid/accessstate.h\n'}
[4.624866] (openslam_gmapping) StdoutLine: {'line': b'-- Installing: /afs/inf.ed.ac.uk/user/s22/s2281597/Ranger-object-finder/ros_ws/install/openslam_gmapping/include//gmapping/grid/array2d.h\n'}
[4.627647] (openslam_gmapping) StdoutLine: {'line': b'-- Installing: /afs/inf.ed.ac.uk/user/s22/s2281597/Ranger-object-finder/ros_ws/install/openslam_gmapping/include//gmapping/grid/harray2d.h\n'}
[4.630602] (openslam_gmapping) StdoutLine: {'line': b'-- Installing: /afs/inf.ed.ac.uk/user/s22/s2281597/Ranger-object-finder/ros_ws/install/openslam_gmapping/include//gmapping/grid/map.h\n'}
[4.634003] (openslam_gmapping) StdoutLine: {'line': b'-- Installing: /afs/inf.ed.ac.uk/user/s22/s2281597/Ranger-object-finder/ros_ws/install/openslam_gmapping/include//gmapping/gridfastslam\n'}
[4.635408] (openslam_gmapping) StdoutLine: {'line': b'-- Installing: /afs/inf.ed.ac.uk/user/s22/s2281597/Ranger-object-finder/ros_ws/install/openslam_gmapping/include//gmapping/gridfastslam/gridslamprocessor.h\n'}
[4.639331] (openslam_gmapping) StdoutLine: {'line': b'-- Installing: /afs/inf.ed.ac.uk/user/s22/s2281597/Ranger-object-finder/ros_ws/install/openslam_gmapping/include//gmapping/gridfastslam/gridslamprocessor.hxx\n'}
[4.642191] (openslam_gmapping) StdoutLine: {'line': b'-- Installing: /afs/inf.ed.ac.uk/user/s22/s2281597/Ranger-object-finder/ros_ws/install/openslam_gmapping/include//gmapping/gridfastslam/motionmodel.h\n'}
[4.644439] (openslam_gmapping) StdoutLine: {'line': b'-- Installing: /afs/inf.ed.ac.uk/user/s22/s2281597/Ranger-object-finder/ros_ws/install/openslam_gmapping/include//gmapping/log\n'}
[4.645803] (openslam_gmapping) StdoutLine: {'line': b'-- Installing: /afs/inf.ed.ac.uk/user/s22/s2281597/Ranger-object-finder/ros_ws/install/openslam_gmapping/include//gmapping/log/configuration.h\n'}
[4.648031] (openslam_gmapping) StdoutLine: {'line': b'-- Installing: /afs/inf.ed.ac.uk/user/s22/s2281597/Ranger-object-finder/ros_ws/install/openslam_gmapping/include//gmapping/log/sensorlog.h\n'}
[4.650260] (openslam_gmapping) StdoutLine: {'line': b'-- Installing: /afs/inf.ed.ac.uk/user/s22/s2281597/Ranger-object-finder/ros_ws/install/openslam_gmapping/include//gmapping/particlefilter\n'}
[4.651674] (openslam_gmapping) StdoutLine: {'line': b'-- Installing: /afs/inf.ed.ac.uk/user/s22/s2281597/Ranger-object-finder/ros_ws/install/openslam_gmapping/include//gmapping/particlefilter/particlefilter.h\n'}
[4.655137] (openslam_gmapping) StdoutLine: {'line': b'-- Installing: /afs/inf.ed.ac.uk/user/s22/s2281597/Ranger-object-finder/ros_ws/install/openslam_gmapping/include//gmapping/scanmatcher\n'}
[4.656472] (openslam_gmapping) StdoutLine: {'line': b'-- Installing: /afs/inf.ed.ac.uk/user/s22/s2281597/Ranger-object-finder/ros_ws/install/openslam_gmapping/include//gmapping/scanmatcher/icp.h\n'}
[4.658904] (openslam_gmapping) StdoutLine: {'line': b'-- Installing: /afs/inf.ed.ac.uk/user/s22/s2281597/Ranger-object-finder/ros_ws/install/openslam_gmapping/include//gmapping/scanmatcher/scanmatcher.h\n'}
[4.662201] (openslam_gmapping) StdoutLine: {'line': b'-- Installing: /afs/inf.ed.ac.uk/user/s22/s2281597/Ranger-object-finder/ros_ws/install/openslam_gmapping/include//gmapping/scanmatcher/smmap.h\n'}
[4.664508] (openslam_gmapping) StdoutLine: {'line': b'-- Installing: /afs/inf.ed.ac.uk/user/s22/s2281597/Ranger-object-finder/ros_ws/install/openslam_gmapping/include//gmapping/sensor\n'}
[4.665859] (openslam_gmapping) StdoutLine: {'line': b'-- Installing: /afs/inf.ed.ac.uk/user/s22/s2281597/Ranger-object-finder/ros_ws/install/openslam_gmapping/include//gmapping/sensor/sensor_base\n'}
[4.667211] (openslam_gmapping) StdoutLine: {'line': b'-- Installing: /afs/inf.ed.ac.uk/user/s22/s2281597/Ranger-object-finder/ros_ws/install/openslam_gmapping/include//gmapping/sensor/sensor_base/sensor.h\n'}
[4.669427] (openslam_gmapping) StdoutLine: {'line': b'-- Installing: /afs/inf.ed.ac.uk/user/s22/s2281597/Ranger-object-finder/ros_ws/install/openslam_gmapping/include//gmapping/sensor/sensor_base/sensorreading.h\n'}
[4.671869] (openslam_gmapping) StdoutLine: {'line': b'-- Installing: /afs/inf.ed.ac.uk/user/s22/s2281597/Ranger-object-finder/ros_ws/install/openslam_gmapping/include//gmapping/sensor/sensor_odometry\n'}
[4.673284] (openslam_gmapping) StdoutLine: {'line': b'-- Installing: /afs/inf.ed.ac.uk/user/s22/s2281597/Ranger-object-finder/ros_ws/install/openslam_gmapping/include//gmapping/sensor/sensor_odometry/odometryreading.h\n'}
[4.675488] (openslam_gmapping) StdoutLine: {'line': b'-- Installing: /afs/inf.ed.ac.uk/user/s22/s2281597/Ranger-object-finder/ros_ws/install/openslam_gmapping/include//gmapping/sensor/sensor_odometry/odometrysensor.h\n'}
[4.677580] (openslam_gmapping) StdoutLine: {'line': b'-- Installing: /afs/inf.ed.ac.uk/user/s22/s2281597/Ranger-object-finder/ros_ws/install/openslam_gmapping/include//gmapping/sensor/sensor_range\n'}
[4.678975] (openslam_gmapping) StdoutLine: {'line': b'-- Installing: /afs/inf.ed.ac.uk/user/s22/s2281597/Ranger-object-finder/ros_ws/install/openslam_gmapping/include//gmapping/sensor/sensor_range/rangereading.h\n'}
[4.681085] (openslam_gmapping) StdoutLine: {'line': b'-- Installing: /afs/inf.ed.ac.uk/user/s22/s2281597/Ranger-object-finder/ros_ws/install/openslam_gmapping/include//gmapping/sensor/sensor_range/rangesensor.h\n'}
[4.683192] (openslam_gmapping) StdoutLine: {'line': b'-- Installing: /afs/inf.ed.ac.uk/user/s22/s2281597/Ranger-object-finder/ros_ws/install/openslam_gmapping/include//gmapping/utils\n'}
[4.684588] (openslam_gmapping) StdoutLine: {'line': b'-- Installing: /afs/inf.ed.ac.uk/user/s22/s2281597/Ranger-object-finder/ros_ws/install/openslam_gmapping/include//gmapping/utils/autoptr.h\n'}
[4.687250] (openslam_gmapping) StdoutLine: {'line': b'-- Installing: /afs/inf.ed.ac.uk/user/s22/s2281597/Ranger-object-finder/ros_ws/install/openslam_gmapping/include//gmapping/utils/commandline.h\n'}
[4.689750] (openslam_gmapping) StdoutLine: {'line': b'-- Installing: /afs/inf.ed.ac.uk/user/s22/s2281597/Ranger-object-finder/ros_ws/install/openslam_gmapping/include//gmapping/utils/gvalues.h\n'}
[4.691835] (openslam_gmapping) StdoutLine: {'line': b'-- Installing: /afs/inf.ed.ac.uk/user/s22/s2281597/Ranger-object-finder/ros_ws/install/openslam_gmapping/include//gmapping/utils/macro_params.h\n'}
[4.694098] (openslam_gmapping) StdoutLine: {'line': b'-- Installing: /afs/inf.ed.ac.uk/user/s22/s2281597/Ranger-object-finder/ros_ws/install/openslam_gmapping/include//gmapping/utils/point.h\n'}
[4.696825] (openslam_gmapping) StdoutLine: {'line': b'-- Installing: /afs/inf.ed.ac.uk/user/s22/s2281597/Ranger-object-finder/ros_ws/install/openslam_gmapping/include//gmapping/utils/stat.h\n'}
[4.707779] (-) TimerEvent: {}
[4.716999] (openslam_gmapping) StdoutLine: {'line': b'-- Installing: /afs/inf.ed.ac.uk/user/s22/s2281597/Ranger-object-finder/ros_ws/install/openslam_gmapping/share/ament_index/resource_index/package_run_dependencies/openslam_gmapping\n'}
[4.721128] (openslam_gmapping) StdoutLine: {'line': b'-- Installing: /afs/inf.ed.ac.uk/user/s22/s2281597/Ranger-object-finder/ros_ws/install/openslam_gmapping/share/ament_index/resource_index/parent_prefix_path/openslam_gmapping\n'}
[4.723933] (openslam_gmapping) StdoutLine: {'line': b'-- Installing: /afs/inf.ed.ac.uk/user/s22/s2281597/Ranger-object-finder/ros_ws/install/openslam_gmapping/share/openslam_gmapping/environment/ament_prefix_path.sh\n'}
[4.726381] (openslam_gmapping) StdoutLine: {'line': b'-- Installing: /afs/inf.ed.ac.uk/user/s22/s2281597/Ranger-object-finder/ros_ws/install/openslam_gmapping/share/openslam_gmapping/environment/ament_prefix_path.dsv\n'}
[4.728800] (openslam_gmapping) StdoutLine: {'line': b'-- Installing: /afs/inf.ed.ac.uk/user/s22/s2281597/Ranger-object-finder/ros_ws/install/openslam_gmapping/share/openslam_gmapping/environment/path.sh\n'}
[4.731137] (openslam_gmapping) StdoutLine: {'line': b'-- Installing: /afs/inf.ed.ac.uk/user/s22/s2281597/Ranger-object-finder/ros_ws/install/openslam_gmapping/share/openslam_gmapping/environment/path.dsv\n'}
[4.733454] (openslam_gmapping) StdoutLine: {'line': b'-- Installing: /afs/inf.ed.ac.uk/user/s22/s2281597/Ranger-object-finder/ros_ws/install/openslam_gmapping/share/openslam_gmapping/local_setup.bash\n'}
[4.735912] (openslam_gmapping) StdoutLine: {'line': b'-- Installing: /afs/inf.ed.ac.uk/user/s22/s2281597/Ranger-object-finder/ros_ws/install/openslam_gmapping/share/openslam_gmapping/local_setup.sh\n'}
[4.739005] (openslam_gmapping) StdoutLine: {'line': b'-- Installing: /afs/inf.ed.ac.uk/user/s22/s2281597/Ranger-object-finder/ros_ws/install/openslam_gmapping/share/openslam_gmapping/local_setup.zsh\n'}
[4.741445] (openslam_gmapping) StdoutLine: {'line': b'-- Installing: /afs/inf.ed.ac.uk/user/s22/s2281597/Ranger-object-finder/ros_ws/install/openslam_gmapping/share/openslam_gmapping/local_setup.dsv\n'}
[4.743673] (openslam_gmapping) StdoutLine: {'line': b'-- Installing: /afs/inf.ed.ac.uk/user/s22/s2281597/Ranger-object-finder/ros_ws/install/openslam_gmapping/share/openslam_gmapping/package.dsv\n'}
[4.746835] (openslam_gmapping) StdoutLine: {'line': b'-- Installing: /afs/inf.ed.ac.uk/user/s22/s2281597/Ranger-object-finder/ros_ws/install/openslam_gmapping/share/ament_index/resource_index/packages/openslam_gmapping\n'}
[4.749785] (openslam_gmapping) StdoutLine: {'line': b'-- Installing: /afs/inf.ed.ac.uk/user/s22/s2281597/Ranger-object-finder/ros_ws/install/openslam_gmapping/share/openslam_gmapping/cmake/ament_cmake_export_libraries-extras.cmake\n'}
[4.752568] (openslam_gmapping) StdoutLine: {'line': b'-- Installing: /afs/inf.ed.ac.uk/user/s22/s2281597/Ranger-object-finder/ros_ws/install/openslam_gmapping/share/openslam_gmapping/cmake/ament_cmake_export_include_directories-extras.cmake\n'}
[4.755072] (openslam_gmapping) StdoutLine: {'line': b'-- Installing: /afs/inf.ed.ac.uk/user/s22/s2281597/Ranger-object-finder/ros_ws/install/openslam_gmapping/share/openslam_gmapping/cmake/openslam_gmappingConfig.cmake\n'}
[4.757352] (openslam_gmapping) StdoutLine: {'line': b'-- Installing: /afs/inf.ed.ac.uk/user/s22/s2281597/Ranger-object-finder/ros_ws/install/openslam_gmapping/share/openslam_gmapping/cmake/openslam_gmappingConfig-version.cmake\n'}
[4.759484] (openslam_gmapping) StdoutLine: {'line': b'-- Installing: /afs/inf.ed.ac.uk/user/s22/s2281597/Ranger-object-finder/ros_ws/install/openslam_gmapping/share/openslam_gmapping/package.xml\n'}
[4.762797] (openslam_gmapping) StdoutLine: {'line': b'-- Installing: /afs/inf.ed.ac.uk/user/s22/s2281597/Ranger-object-finder/ros_ws/install/openslam_gmapping/lib/libgridfastslam.a\n'}
[4.786721] (openslam_gmapping) StdoutLine: {'line': b'-- Installing: /afs/inf.ed.ac.uk/user/s22/s2281597/Ranger-object-finder/ros_ws/install/openslam_gmapping/lib/libscanmatcher.a\n'}
[4.798973] (openslam_gmapping) StdoutLine: {'line': b'-- Up-to-date: /afs/inf.ed.ac.uk/user/s22/s2281597/Ranger-object-finder/ros_ws/install/openslam_gmapping/share/openslam_gmapping/environment/library_path.sh\n'}
[4.799359] (openslam_gmapping) StdoutLine: {'line': b'-- Up-to-date: /afs/inf.ed.ac.uk/user/s22/s2281597/Ranger-object-finder/ros_ws/install/openslam_gmapping/share/openslam_gmapping/environment/library_path.dsv\n'}
[4.799813] (openslam_gmapping) StdoutLine: {'line': b'-- Installing: /afs/inf.ed.ac.uk/user/s22/s2281597/Ranger-object-finder/ros_ws/install/openslam_gmapping/lib/libsensor_base.a\n'}
[4.803057] (openslam_gmapping) StdoutLine: {'line': b'-- Up-to-date: /afs/inf.ed.ac.uk/user/s22/s2281597/Ranger-object-finder/ros_ws/install/openslam_gmapping/share/openslam_gmapping/environment/library_path.sh\n'}
[4.803417] (openslam_gmapping) StdoutLine: {'line': b'-- Up-to-date: /afs/inf.ed.ac.uk/user/s22/s2281597/Ranger-object-finder/ros_ws/install/openslam_gmapping/share/openslam_gmapping/environment/library_path.dsv\n'}
[4.803825] (openslam_gmapping) StdoutLine: {'line': b'-- Installing: /afs/inf.ed.ac.uk/user/s22/s2281597/Ranger-object-finder/ros_ws/install/openslam_gmapping/lib/libsensor_odometry.a\n'}
[4.807414] (openslam_gmapping) StdoutLine: {'line': b'-- Installing: /afs/inf.ed.ac.uk/user/s22/s2281597/Ranger-object-finder/ros_ws/install/openslam_gmapping/lib/libsensor_range.a\n'}
[4.807836] (-) TimerEvent: {}
[4.812230] (openslam_gmapping) StdoutLine: {'line': b'-- Installing: /afs/inf.ed.ac.uk/user/s22/s2281597/Ranger-object-finder/ros_ws/install/openslam_gmapping/lib/libutils.a\n'}
[4.816394] (openslam_gmapping) StdoutLine: {'line': b'-- Up-to-date: /afs/inf.ed.ac.uk/user/s22/s2281597/Ranger-object-finder/ros_ws/install/openslam_gmapping/share/openslam_gmapping/environment/library_path.sh\n'}
[4.816635] (openslam_gmapping) StdoutLine: {'line': b'-- Up-to-date: /afs/inf.ed.ac.uk/user/s22/s2281597/Ranger-object-finder/ros_ws/install/openslam_gmapping/share/openslam_gmapping/environment/library_path.dsv\n'}
[4.820299] (openslam_gmapping) CommandEnded: {'returncode': 0}
[4.899153] (openslam_gmapping) JobEnded: {'identifier': 'openslam_gmapping', 'rc': 0}
[4.910140] (-) TimerEvent: {}
[4.910221] (slam_gmapping) JobStarted: {'identifier': 'slam_gmapping'}
[4.914976] (slam_gmapping) JobProgress: {'identifier': 'slam_gmapping', 'progress': 'cmake'}
[4.916070] (slam_gmapping) Command: {'cmd': ['/usr/bin/cmake', '/afs/inf.ed.ac.uk/user/s22/s2281597/Ranger-object-finder/ros_ws/src/slam_gmapping/slam_gmapping', '-DCMAKE_INSTALL_PREFIX=/afs/inf.ed.ac.uk/user/s22/s2281597/Ranger-object-finder/ros_ws/install/slam_gmapping'], 'cwd': '/afs/inf.ed.ac.uk/user/s22/s2281597/Ranger-object-finder/ros_ws/build/slam_gmapping', 'env': OrderedDict([('SHELL', '/bin/bash'), ('ROS_VERSION', '2'), ('SESSION_MANAGER', 'local/hextech.inf.ed.ac.uk:@/tmp/.ICE-unix/129621,unix/hextech.inf.ed.ac.uk:/tmp/.ICE-unix/129621'), ('XPRINTER', 'xp_ps_spooldir_tmp_Xprintjobs'), ('QT_ACCESSIBILITY', '1'), ('COLORTERM', 'truecolor'), ('XDG_CONFIG_DIRS', '/etc/xdg/xdg-dice:/etc/xdg'), ('XDG_SESSION_PATH', '/org/freedesktop/DisplayManager/Session2'), ('TERM_PROGRAM_VERSION', '1.93.1'), ('GTK_IM_MODULE', 'ibus'), ('SshAgent', '/usr/bin/ssh-agent'), ('ROS_PYTHON_VERSION', '3'), ('LANGUAGE', 'en_GB:en'), ('SSH_AUTH_SOCK', '/run/user/2661391/keyring/ssh'), ('XMODIFIERS', '@im=ibus'), ('DESKTOP_SESSION', 'dice'), ('EDITOR', '/usr/bin/emacs'), ('GTK_MODULES', 'appmenu-gtk-module:gail:atk-bridge:appmenu-gtk-module'), ('XDG_SEAT', 'seat0'), ('MATE_DESKTOP_SESSION_ID', 'this-is-deprecated'), ('KRB5CCNAME', 'FILE:/tmp/krb5cc_2661391_L1jX4m'), ('PWD', '/afs/inf.ed.ac.uk/user/s22/s2281597/Ranger-object-finder/ros_ws/build/slam_gmapping'), ('LOGNAME', 's2281597'), ('XDG_SESSION_DESKTOP', 'dice'), ('XDG_SESSION_TYPE', 'x11'), ('MODULESHOME', '/usr/share/modules'), ('CRICHTON_SYS', '/etc/crichton.d'), ('MANPATH', ':'), ('GPG_AGENT_INFO', '/run/user/2661391/gnupg/S.gpg-agent:0:1'), ('XAUTHORITY', '/var/run/lightdm/s2281597/xauthority'), ('VSCODE_GIT_ASKPASS_NODE', '/usr/share/code/code'), ('XDG_GREETER_DATA_DIR', '/var/lib/lightdm-data/s2281597'), ('BASH', '/bin/sh'), ('MAPPATH', '/etc/amd:/etc'), ('HOME', '/afs/inf.ed.ac.uk/user/s22/s2281597'), ('LANG', 'en_GB.UTF-8'), ('XDG_CURRENT_DESKTOP', 'MATE'), ('ASPELL_CONF', 'master british'), ('GIO_USE_NETWORK_MONITOR', 'netlink'), ('AMENT_PREFIX_PATH', '/afs/inf.ed.ac.uk/user/s22/s2281597/Ranger-object-finder/ros_ws/install/openslam_gmapping:/afs/inf.ed.ac.uk/user/s22/s2281597/ros_ws/install/stage_ros2:/afs/inf.ed.ac.uk/user/s22/s2281597/ros_ws/install/socspioneer:/afs/inf.ed.ac.uk/user/s22/s2281597/ros_ws/install/pf_localisation:/opt/ros/humble'), ('GIT_ASKPASS', '/usr/share/code/resources/app/extensions/git/dist/askpass.sh'), ('CMAKE_PREFIX_PATH', '/afs/inf.ed.ac.uk/user/s22/s2281597/Ranger-object-finder/ros_ws/install/openslam_gmapping:/afs/inf.ed.ac.uk/user/s22/s2281597/ros_ws/install/stage_ros2:/afs/inf.ed.ac.uk/user/s22/s2281597/ros_ws/install/pf_localisation:/afs/inf.ed.ac.uk/user/s22/s2281597/ros_ws/install/Stage:/afs/inf.ed.ac.uk/user/s22/s2281597/ros_ws/install/socspioneer:/opt/ros/humble'), ('XDG_SEAT_PATH', '/org/freedesktop/DisplayManager/Seat0'), ('XILINXD_LICENSE_FILE', '2100@xilinx-lm.inf.ed.ac.uk'), ('COLCON_PREFIX_PATH', '/afs/inf.ed.ac.uk/user/s22/s2281597/ros_ws/install'), ('CHROME_DESKTOP', 'code-url-handler.desktop'), ('CLUTTER_IM_MODULE', 'ibus'), ('VSCODE_GIT_ASKPASS_EXTRA_ARGS', ''), ('SHORT_HOSTNAME', 'hextech'), ('LESSCLOSE', '/usr/bin/lesspipe %s %s'), ('XDG_SESSION_CLASS', 'user'), ('PYTHONPATH', '/afs/inf.ed.ac.uk/user/s22/s2281597/ros_ws/install/socspioneer/lib/python3.10/site-packages:/afs/inf.ed.ac.uk/user/s22/s2281597/ros_ws/install/pf_localisation/local/lib/python3.10/dist-packages:/opt/ros/humble/lib/python3.10/site-packages:/opt/ros/humble/local/lib/python3.10/dist-packages'), ('COLCON', '1'), ('TERM', 'xterm-256color'), ('GTK_OVERLAY_SCROLLING', '0'), ('LESSOPEN', '| /usr/bin/lesspipe %s'), ('USER', 's2281597'), ('VSCODE_GIT_IPC_HANDLE', '/run/user/2661391/vscode-git-abaf8762fb.sock'), ('ENVIRONMENT', 'ubu2204'), ('CRICHTON_USR', '/afs/inf.ed.ac.uk/user/s22/s2281597/.crichton.d'), ('LOADEDMODULES', ''), ('DISPLAY', ':0'), ('SHLVL', '1'), ('QT_IM_MODULE', 'ibus'), ('XDG_VTNR', '7'), ('UBUNTU_MENUPROXY', '1'), ('GVFS_DISABLE_FUSE', '1'), ('XDG_SESSION_ID', '360'), ('ROLES', 'cohort-ug course-csec-10 course-fnlp course-ilp course-mob course-pi course-sdp degree-aics dice-account-holder matlabclassroom person student teachingcluster-student year-ug3'), ('LD_LIBRARY_PATH', '/afs/inf.ed.ac.uk/user/s22/s2281597/Ranger-object-finder/ros_ws/install/openslam_gmapping/lib:/afs/inf.ed.ac.uk/user/s22/s2281597/ros_ws/install/stage_ros2/lib:/afs/inf.ed.ac.uk/user/s22/s2281597/ros_ws/install/Stage/lib:/usr/lib/x86_64-linux-gnu/gazebo-11/plugins:/opt/ros/humble/opt/rviz_ogre_vendor/lib:/opt/ros/humble/lib/x86_64-linux-gnu:/opt/ros/humble/lib'), ('XDG_RUNTIME_DIR', '/run/user/2661391'), ('ROS_LOCALHOST_ONLY', '0'), ('ENV_ROOT', '/usr/share/defenv/bash'), ('VSCODE_GIT_ASKPASS_MAIN', '/usr/share/code/resources/app/extensions/git/dist/askpass-main.js'), ('XDG_DATA_DIRS', '/usr/share/dice:/usr/share/gnome:/usr/local/share/:/usr/share/'), ('GDK_BACKEND', 'x11'), ('PATH', '/afs/inf.ed.ac.uk/user/s22/s2281597/ros_ws/install/Stage/bin:/opt/ros/humble/bin:/usr/games:/usr/local/games:/usr/bin:/usr/sbin:/usr/local/bin:/usr/local/sbin'), ('MODULEPATH', '/etc/environment-modules/modules:/usr/share/modules/versions:/usr/share/modules/$MODULE_VERSION/modulefiles:/usr/share/modules/modulefiles'), ('GDMSESSION', 'dice'), ('ORIGINAL_XDG_CURRENT_DESKTOP', 'MATE'), ('DBUS_SESSION_BUS_ADDRESS', 'unix:abstract=/tmp/dbus-siNKrLa6WN,guid=df425f11f96530649d8a14da6798fbda'), ('QT_FONT_DPI', '96'), ('QT_SCALE_FACTOR', '1'), ('ROS_DISTRO', 'humble'), ('GIO_LAUNCHED_DESKTOP_FILE_PID', '131436'), ('GIO_LAUNCHED_DESKTOP_FILE', '/afs/inf.ed.ac.uk/user/s22/s2281597/Desktop/code.desktop'), ('OLDPWD', '/afs/inf.ed.ac.uk/user/s22/s2281597/Ranger-object-finder'), ('MODULES_CMD', '/usr/lib/x86_64-linux-gnu/modulecmd.tcl'), ('TERM_PROGRAM', 'vscode\nBASH_FUNC_rvirsh%%=() {  KVMHOST=$1;\n shift;\n if [ "$KVMHOST" ]; then\n if [ "$KVMHOST" = "." ]; then\n URI="qemu:///system";\n else\n URI="qemu+ssh://$KVMHOST/system";\n fi;\n else\n URI="qemu:///system";\n fi;\n virsh --connect $URI $@\n}\nBASH_FUNC_ml%%=() {  module ml "$@"\n}\nBASH_FUNC_module%%=() {  eval `/usr/bin/tclsh8.6 /usr/lib/x86_64-linux-gnu/modulecmd.tcl bash "$@"`;\n _mlstatus=$?;\n return $_mlstatus\n}\nBASH_FUNC_resize%%=() {  eval `command resize`\n}\nBASH_FUNC_command_not_found_handle%%=() {  unset command_not_found_handle;\n if [[ "$IFS" != \'\n\' ]]; then\n _command_not_found $*;\n fi;\n function dbg ()\n {\n [[ -n $CRICHTON_DEBUG ]] && echo $1 1>&2\n };\n SORT="/usr/bin/_SortBashRC";\n PATTERN=\'[0-9][0-9][0-9].*\';\n if [[ -n $CRICHTON_DEBUG ]]; then\n modules=$($SORT $CRICHTON_SYS/$PATTERN $CRICHTON_USR/$PATTERN);\n else\n modules=$($SORT $CRICHTON_SYS/$PATTERN $CRICHTON_USR/$PATTERN 2>&-);\n fi;\n dbg "- Found $(/bin/echo $modules | /usr/bin/wc -w 2>&-) modules.";\n for mod in ${modules} _command_not_found;\n do\n dbg "-- $(/bin/basename $mod 2>&-)";\n CRICHTON_SYS=$CRICHTON_SYS CRICHTON_USR=$CRICHTON_USR "$mod" $*;\n exit=$?;\n dbg "[exit $exit]";\n [[ $exit == 255 ]] && {\n _command_not_found $1;\n break\n };\n [[ $exit == 0 ]] && break;\n done;\n return 127\n}\nBASH_FUNC_setpath%%=() {  if [ -f /usr/bin/pathfix ]; then\n pathfix_binary=/usr/bin/pathfix;\n else\n pathfix_binary=/usr/local/bin/pathfix;\n fi;\n new_PATH=`$pathfix_binary $@`;\n [ "$new_PATH" ] && PATH="$new_PATH";\n export PATH\n}\nBASH_FUNC__command_not_found%%=() {  echo "bash: $1: command not found" 1>&2\n}\nBASH_FUNC_colloq%%=() {  more /usr/local/alert/misc/coll\n}\nBASH_FUNC_gnu%%=() {  command gnu -u $LOGNAME $*\n}\nBASH_FUNC_purge%%=() {  rm -f *~ .*~ \\#*\\# tmp*\n}\nBASH_FUNC_setup%%=() {  source /usr/local/share/setup/setup.sh $*\n}'), ('_', '/usr/bin/env')]), 'shell': False}
[4.983613] (slam_gmapping) StdoutLine: {'line': b'-- The C compiler identification is GNU 11.4.0\n'}
[5.010236] (-) TimerEvent: {}
[5.042980] (slam_gmapping) StdoutLine: {'line': b'-- The CXX compiler identification is GNU 11.4.0\n'}
[5.053967] (slam_gmapping) StdoutLine: {'line': b'-- Detecting C compiler ABI info\n'}
[5.110341] (-) TimerEvent: {}
[5.170816] (slam_gmapping) StdoutLine: {'line': b'-- Detecting C compiler ABI info - done\n'}
[5.183841] (slam_gmapping) StdoutLine: {'line': b'-- Check for working C compiler: /usr/bin/cc - skipped\n'}
[5.184076] (slam_gmapping) StdoutLine: {'line': b'-- Detecting C compile features\n'}
[5.184412] (slam_gmapping) StdoutLine: {'line': b'-- Detecting C compile features - done\n'}
[5.192419] (slam_gmapping) StdoutLine: {'line': b'-- Detecting CXX compiler ABI info\n'}
[5.210431] (-) TimerEvent: {}
[5.309288] (slam_gmapping) StdoutLine: {'line': b'-- Detecting CXX compiler ABI info - done\n'}
[5.310488] (-) TimerEvent: {}
[5.329761] (slam_gmapping) StdoutLine: {'line': b'-- Check for working CXX compiler: /usr/bin/c++ - skipped\n'}
[5.330055] (slam_gmapping) StdoutLine: {'line': b'-- Detecting CXX compile features\n'}
[5.330485] (slam_gmapping) StdoutLine: {'line': b'-- Detecting CXX compile features - done\n'}
[5.337549] (slam_gmapping) StderrLine: {'line': b'\x1b[0m -fuse-ld=lld -Wl,--disable-new-dtags\x1b[0m\n'}
[5.340748] (slam_gmapping) StdoutLine: {'line': b'-- Found ament_cmake: 1.3.10 (/opt/ros/humble/share/ament_cmake/cmake)\n'}
[5.410608] (-) TimerEvent: {}
[5.471603] (slam_gmapping) StdoutLine: {'line': b'-- Found Python3: /usr/bin/python3 (found version "3.10.12") found components: Interpreter \n'}
[5.510691] (-) TimerEvent: {}
[5.585423] (slam_gmapping) StdoutLine: {'line': b'-- Found std_msgs: 4.2.4 (/opt/ros/humble/share/std_msgs/cmake)\n'}
[5.610811] (-) TimerEvent: {}
[5.636579] (slam_gmapping) StdoutLine: {'line': b'-- Found rosidl_generator_c: 3.1.5 (/opt/ros/humble/share/rosidl_generator_c/cmake)\n'}
[5.645328] (slam_gmapping) StdoutLine: {'line': b'-- Found rosidl_adapter: 3.1.5 (/opt/ros/humble/share/rosidl_adapter/cmake)\n'}
[5.658238] (slam_gmapping) StdoutLine: {'line': b'-- Found rosidl_generator_cpp: 3.1.5 (/opt/ros/humble/share/rosidl_generator_cpp/cmake)\n'}
[5.676011] (slam_gmapping) StdoutLine: {'line': b'-- Using all available rosidl_typesupport_c: rosidl_typesupport_fastrtps_c;rosidl_typesupport_introspection_c\n'}
[5.696875] (slam_gmapping) StdoutLine: {'line': b'-- Using all available rosidl_typesupport_cpp: rosidl_typesupport_fastrtps_cpp;rosidl_typesupport_introspection_cpp\n'}
[5.710928] (-) TimerEvent: {}
[5.729988] (slam_gmapping) StdoutLine: {'line': b'-- Found nav_msgs: 4.2.4 (/opt/ros/humble/share/nav_msgs/cmake)\n'}
[5.765869] (slam_gmapping) StdoutLine: {'line': b'-- Found tf2: 0.25.8 (/opt/ros/humble/share/tf2/cmake)\n'}
[5.779536] (slam_gmapping) StdoutLine: {'line': b'-- Found tf2_ros: 0.25.8 (/opt/ros/humble/share/tf2_ros/cmake)\n'}
[5.811051] (-) TimerEvent: {}
[5.870224] (slam_gmapping) StdoutLine: {'line': b'-- Found rmw_implementation_cmake: 6.1.2 (/opt/ros/humble/share/rmw_implementation_cmake/cmake)\n'}
[5.875429] (slam_gmapping) StdoutLine: {'line': b'-- Found rmw_fastrtps_cpp: 6.2.7 (/opt/ros/humble/share/rmw_fastrtps_cpp/cmake)\n'}
[5.911178] (-) TimerEvent: {}
[5.968396] (slam_gmapping) StdoutLine: {'line': b'-- Found OpenSSL: /usr/lib/x86_64-linux-gnu/libcrypto.so (found version "3.0.2")  \n'}
[5.997249] (slam_gmapping) StdoutLine: {'line': b'-- Found FastRTPS: /opt/ros/humble/include  \n'}
[6.011296] (-) TimerEvent: {}
[6.037622] (slam_gmapping) StdoutLine: {'line': b"-- Using RMW implementation 'rmw_fastrtps_cpp' as default\n"}
[6.055107] (slam_gmapping) StdoutLine: {'line': b'-- Looking for pthread.h\n'}
[6.111420] (-) TimerEvent: {}
[6.166738] (slam_gmapping) StdoutLine: {'line': b'-- Looking for pthread.h - found\n'}
[6.173806] (slam_gmapping) StdoutLine: {'line': b'-- Performing Test CMAKE_HAVE_LIBC_PTHREAD\n'}
[6.211538] (-) TimerEvent: {}
[6.289248] (slam_gmapping) StdoutLine: {'line': b'-- Performing Test CMAKE_HAVE_LIBC_PTHREAD - Success\n'}
[6.296082] (slam_gmapping) StdoutLine: {'line': b'-- Found Threads: TRUE  \n'}
[6.311639] (-) TimerEvent: {}
[6.411907] (-) TimerEvent: {}
[6.417294] (slam_gmapping) StdoutLine: {'line': b'-- Found tf2_geometry_msgs: 0.25.8 (/opt/ros/humble/share/tf2_geometry_msgs/cmake)\n'}
[6.435631] (slam_gmapping) StdoutLine: {'line': b'-- Found eigen3_cmake_module: 0.1.1 (/opt/ros/humble/share/eigen3_cmake_module/cmake)\n'}
[6.437198] (slam_gmapping) StdoutLine: {'line': b'-- Found Eigen3: TRUE (found version "3.4.0") \n'}
[6.437489] (slam_gmapping) StdoutLine: {'line': b'-- Ensuring Eigen3 include directory is part of orocos-kdl CMake target\n'}
[6.442718] (slam_gmapping) StdoutLine: {'line': b'-- Found sensor_msgs: 4.2.4 (/opt/ros/humble/share/sensor_msgs/cmake)\n'}
[6.462783] (slam_gmapping) StdoutLine: {'line': b'-- Found visualization_msgs: 4.2.4 (/opt/ros/humble/share/visualization_msgs/cmake)\n'}
[6.483117] (slam_gmapping) StdoutLine: {'line': b'-- Found openslam_gmapping: 0.1.2 (/afs/inf.ed.ac.uk/user/s22/s2281597/Ranger-object-finder/ros_ws/install/openslam_gmapping/share/openslam_gmapping/cmake)\n'}
[6.487383] (slam_gmapping) StdoutLine: {'line': b'-- Found ament_lint_auto: 0.12.11 (/opt/ros/humble/share/ament_lint_auto/cmake)\n'}
[6.512017] (-) TimerEvent: {}
[6.598185] (slam_gmapping) StdoutLine: {'line': b"-- Added test 'cppcheck' to perform static code analysis on C / C++ code\n"}
[6.598431] (slam_gmapping) StdoutLine: {'line': b'-- Configured cppcheck include dirs: /afs/inf.ed.ac.uk/user/s22/s2281597/Ranger-object-finder/ros_ws/src/slam_gmapping/slam_gmapping/include\n'}
[6.598578] (slam_gmapping) StdoutLine: {'line': b'-- Configured cppcheck exclude dirs and/or files: \n'}
[6.600191] (slam_gmapping) StdoutLine: {'line': b"-- Added test 'flake8' to check Python code syntax and style conventions\n"}
[6.601980] (slam_gmapping) StdoutLine: {'line': b"-- Added test 'lint_cmake' to check CMake code style\n"}
[6.603796] (slam_gmapping) StdoutLine: {'line': b"-- Added test 'pep257' to check Python code against some of the docstring style conventions in PEP 257\n"}
[6.606654] (slam_gmapping) StdoutLine: {'line': b"-- Added test 'uncrustify' to check C / C++ code style\n"}
[6.606836] (slam_gmapping) StdoutLine: {'line': b'-- Configured uncrustify additional arguments: \n'}
[6.608513] (slam_gmapping) StdoutLine: {'line': b"-- Added test 'xmllint' to check XML markup files\n"}
[6.612079] (-) TimerEvent: {}
[6.623413] (slam_gmapping) StdoutLine: {'line': b'-- Configuring done\n'}
[6.687697] (slam_gmapping) StdoutLine: {'line': b'-- Generating done\n'}
[6.711290] (slam_gmapping) StdoutLine: {'line': b'-- Build files have been written to: /afs/inf.ed.ac.uk/user/s22/s2281597/Ranger-object-finder/ros_ws/build/slam_gmapping\n'}
[6.712151] (-) TimerEvent: {}
[6.720239] (slam_gmapping) CommandEnded: {'returncode': 0}
[6.720970] (slam_gmapping) JobProgress: {'identifier': 'slam_gmapping', 'progress': 'build'}
[6.721195] (slam_gmapping) Command: {'cmd': ['/usr/bin/cmake', '--build', '/afs/inf.ed.ac.uk/user/s22/s2281597/Ranger-object-finder/ros_ws/build/slam_gmapping', '--', '-j12', '-l12'], 'cwd': '/afs/inf.ed.ac.uk/user/s22/s2281597/Ranger-object-finder/ros_ws/build/slam_gmapping', 'env': OrderedDict([('SHELL', '/bin/bash'), ('ROS_VERSION', '2'), ('SESSION_MANAGER', 'local/hextech.inf.ed.ac.uk:@/tmp/.ICE-unix/129621,unix/hextech.inf.ed.ac.uk:/tmp/.ICE-unix/129621'), ('XPRINTER', 'xp_ps_spooldir_tmp_Xprintjobs'), ('QT_ACCESSIBILITY', '1'), ('COLORTERM', 'truecolor'), ('XDG_CONFIG_DIRS', '/etc/xdg/xdg-dice:/etc/xdg'), ('XDG_SESSION_PATH', '/org/freedesktop/DisplayManager/Session2'), ('TERM_PROGRAM_VERSION', '1.93.1'), ('GTK_IM_MODULE', 'ibus'), ('SshAgent', '/usr/bin/ssh-agent'), ('ROS_PYTHON_VERSION', '3'), ('LANGUAGE', 'en_GB:en'), ('SSH_AUTH_SOCK', '/run/user/2661391/keyring/ssh'), ('XMODIFIERS', '@im=ibus'), ('DESKTOP_SESSION', 'dice'), ('EDITOR', '/usr/bin/emacs'), ('GTK_MODULES', 'appmenu-gtk-module:gail:atk-bridge:appmenu-gtk-module'), ('XDG_SEAT', 'seat0'), ('MATE_DESKTOP_SESSION_ID', 'this-is-deprecated'), ('KRB5CCNAME', 'FILE:/tmp/krb5cc_2661391_L1jX4m'), ('PWD', '/afs/inf.ed.ac.uk/user/s22/s2281597/Ranger-object-finder/ros_ws/build/slam_gmapping'), ('LOGNAME', 's2281597'), ('XDG_SESSION_DESKTOP', 'dice'), ('XDG_SESSION_TYPE', 'x11'), ('MODULESHOME', '/usr/share/modules'), ('CRICHTON_SYS', '/etc/crichton.d'), ('MANPATH', ':'), ('GPG_AGENT_INFO', '/run/user/2661391/gnupg/S.gpg-agent:0:1'), ('XAUTHORITY', '/var/run/lightdm/s2281597/xauthority'), ('VSCODE_GIT_ASKPASS_NODE', '/usr/share/code/code'), ('XDG_GREETER_DATA_DIR', '/var/lib/lightdm-data/s2281597'), ('BASH', '/bin/sh'), ('MAPPATH', '/etc/amd:/etc'), ('HOME', '/afs/inf.ed.ac.uk/user/s22/s2281597'), ('LANG', 'en_GB.UTF-8'), ('XDG_CURRENT_DESKTOP', 'MATE'), ('ASPELL_CONF', 'master british'), ('GIO_USE_NETWORK_MONITOR', 'netlink'), ('AMENT_PREFIX_PATH', '/afs/inf.ed.ac.uk/user/s22/s2281597/Ranger-object-finder/ros_ws/install/openslam_gmapping:/afs/inf.ed.ac.uk/user/s22/s2281597/ros_ws/install/stage_ros2:/afs/inf.ed.ac.uk/user/s22/s2281597/ros_ws/install/socspioneer:/afs/inf.ed.ac.uk/user/s22/s2281597/ros_ws/install/pf_localisation:/opt/ros/humble'), ('GIT_ASKPASS', '/usr/share/code/resources/app/extensions/git/dist/askpass.sh'), ('CMAKE_PREFIX_PATH', '/afs/inf.ed.ac.uk/user/s22/s2281597/Ranger-object-finder/ros_ws/install/openslam_gmapping:/afs/inf.ed.ac.uk/user/s22/s2281597/ros_ws/install/stage_ros2:/afs/inf.ed.ac.uk/user/s22/s2281597/ros_ws/install/pf_localisation:/afs/inf.ed.ac.uk/user/s22/s2281597/ros_ws/install/Stage:/afs/inf.ed.ac.uk/user/s22/s2281597/ros_ws/install/socspioneer:/opt/ros/humble'), ('XDG_SEAT_PATH', '/org/freedesktop/DisplayManager/Seat0'), ('XILINXD_LICENSE_FILE', '2100@xilinx-lm.inf.ed.ac.uk'), ('COLCON_PREFIX_PATH', '/afs/inf.ed.ac.uk/user/s22/s2281597/ros_ws/install'), ('CHROME_DESKTOP', 'code-url-handler.desktop'), ('CLUTTER_IM_MODULE', 'ibus'), ('VSCODE_GIT_ASKPASS_EXTRA_ARGS', ''), ('SHORT_HOSTNAME', 'hextech'), ('LESSCLOSE', '/usr/bin/lesspipe %s %s'), ('XDG_SESSION_CLASS', 'user'), ('PYTHONPATH', '/afs/inf.ed.ac.uk/user/s22/s2281597/ros_ws/install/socspioneer/lib/python3.10/site-packages:/afs/inf.ed.ac.uk/user/s22/s2281597/ros_ws/install/pf_localisation/local/lib/python3.10/dist-packages:/opt/ros/humble/lib/python3.10/site-packages:/opt/ros/humble/local/lib/python3.10/dist-packages'), ('COLCON', '1'), ('TERM', 'xterm-256color'), ('GTK_OVERLAY_SCROLLING', '0'), ('LESSOPEN', '| /usr/bin/lesspipe %s'), ('USER', 's2281597'), ('VSCODE_GIT_IPC_HANDLE', '/run/user/2661391/vscode-git-abaf8762fb.sock'), ('ENVIRONMENT', 'ubu2204'), ('CRICHTON_USR', '/afs/inf.ed.ac.uk/user/s22/s2281597/.crichton.d'), ('LOADEDMODULES', ''), ('DISPLAY', ':0'), ('SHLVL', '1'), ('QT_IM_MODULE', 'ibus'), ('XDG_VTNR', '7'), ('UBUNTU_MENUPROXY', '1'), ('GVFS_DISABLE_FUSE', '1'), ('XDG_SESSION_ID', '360'), ('ROLES', 'cohort-ug course-csec-10 course-fnlp course-ilp course-mob course-pi course-sdp degree-aics dice-account-holder matlabclassroom person student teachingcluster-student year-ug3'), ('LD_LIBRARY_PATH', '/afs/inf.ed.ac.uk/user/s22/s2281597/Ranger-object-finder/ros_ws/install/openslam_gmapping/lib:/afs/inf.ed.ac.uk/user/s22/s2281597/ros_ws/install/stage_ros2/lib:/afs/inf.ed.ac.uk/user/s22/s2281597/ros_ws/install/Stage/lib:/usr/lib/x86_64-linux-gnu/gazebo-11/plugins:/opt/ros/humble/opt/rviz_ogre_vendor/lib:/opt/ros/humble/lib/x86_64-linux-gnu:/opt/ros/humble/lib'), ('XDG_RUNTIME_DIR', '/run/user/2661391'), ('ROS_LOCALHOST_ONLY', '0'), ('ENV_ROOT', '/usr/share/defenv/bash'), ('VSCODE_GIT_ASKPASS_MAIN', '/usr/share/code/resources/app/extensions/git/dist/askpass-main.js'), ('XDG_DATA_DIRS', '/usr/share/dice:/usr/share/gnome:/usr/local/share/:/usr/share/'), ('GDK_BACKEND', 'x11'), ('PATH', '/afs/inf.ed.ac.uk/user/s22/s2281597/ros_ws/install/Stage/bin:/opt/ros/humble/bin:/usr/games:/usr/local/games:/usr/bin:/usr/sbin:/usr/local/bin:/usr/local/sbin'), ('MODULEPATH', '/etc/environment-modules/modules:/usr/share/modules/versions:/usr/share/modules/$MODULE_VERSION/modulefiles:/usr/share/modules/modulefiles'), ('GDMSESSION', 'dice'), ('ORIGINAL_XDG_CURRENT_DESKTOP', 'MATE'), ('DBUS_SESSION_BUS_ADDRESS', 'unix:abstract=/tmp/dbus-siNKrLa6WN,guid=df425f11f96530649d8a14da6798fbda'), ('QT_FONT_DPI', '96'), ('QT_SCALE_FACTOR', '1'), ('ROS_DISTRO', 'humble'), ('GIO_LAUNCHED_DESKTOP_FILE_PID', '131436'), ('GIO_LAUNCHED_DESKTOP_FILE', '/afs/inf.ed.ac.uk/user/s22/s2281597/Desktop/code.desktop'), ('OLDPWD', '/afs/inf.ed.ac.uk/user/s22/s2281597/Ranger-object-finder'), ('MODULES_CMD', '/usr/lib/x86_64-linux-gnu/modulecmd.tcl'), ('TERM_PROGRAM', 'vscode\nBASH_FUNC_rvirsh%%=() {  KVMHOST=$1;\n shift;\n if [ "$KVMHOST" ]; then\n if [ "$KVMHOST" = "." ]; then\n URI="qemu:///system";\n else\n URI="qemu+ssh://$KVMHOST/system";\n fi;\n else\n URI="qemu:///system";\n fi;\n virsh --connect $URI $@\n}\nBASH_FUNC_ml%%=() {  module ml "$@"\n}\nBASH_FUNC_module%%=() {  eval `/usr/bin/tclsh8.6 /usr/lib/x86_64-linux-gnu/modulecmd.tcl bash "$@"`;\n _mlstatus=$?;\n return $_mlstatus\n}\nBASH_FUNC_resize%%=() {  eval `command resize`\n}\nBASH_FUNC_command_not_found_handle%%=() {  unset command_not_found_handle;\n if [[ "$IFS" != \'\n\' ]]; then\n _command_not_found $*;\n fi;\n function dbg ()\n {\n [[ -n $CRICHTON_DEBUG ]] && echo $1 1>&2\n };\n SORT="/usr/bin/_SortBashRC";\n PATTERN=\'[0-9][0-9][0-9].*\';\n if [[ -n $CRICHTON_DEBUG ]]; then\n modules=$($SORT $CRICHTON_SYS/$PATTERN $CRICHTON_USR/$PATTERN);\n else\n modules=$($SORT $CRICHTON_SYS/$PATTERN $CRICHTON_USR/$PATTERN 2>&-);\n fi;\n dbg "- Found $(/bin/echo $modules | /usr/bin/wc -w 2>&-) modules.";\n for mod in ${modules} _command_not_found;\n do\n dbg "-- $(/bin/basename $mod 2>&-)";\n CRICHTON_SYS=$CRICHTON_SYS CRICHTON_USR=$CRICHTON_USR "$mod" $*;\n exit=$?;\n dbg "[exit $exit]";\n [[ $exit == 255 ]] && {\n _command_not_found $1;\n break\n };\n [[ $exit == 0 ]] && break;\n done;\n return 127\n}\nBASH_FUNC_setpath%%=() {  if [ -f /usr/bin/pathfix ]; then\n pathfix_binary=/usr/bin/pathfix;\n else\n pathfix_binary=/usr/local/bin/pathfix;\n fi;\n new_PATH=`$pathfix_binary $@`;\n [ "$new_PATH" ] && PATH="$new_PATH";\n export PATH\n}\nBASH_FUNC__command_not_found%%=() {  echo "bash: $1: command not found" 1>&2\n}\nBASH_FUNC_colloq%%=() {  more /usr/local/alert/misc/coll\n}\nBASH_FUNC_gnu%%=() {  command gnu -u $LOGNAME $*\n}\nBASH_FUNC_purge%%=() {  rm -f *~ .*~ \\#*\\# tmp*\n}\nBASH_FUNC_setup%%=() {  source /usr/local/share/setup/setup.sh $*\n}'), ('_', '/usr/bin/env')]), 'shell': False}
[6.769121] (slam_gmapping) StdoutLine: {'line': b'[ 50%] \x1b[32mBuilding CXX object CMakeFiles/slam_gmapping.dir/src/slam_gmapping.cpp.o\x1b[0m\n'}
[6.812276] (-) TimerEvent: {}
[6.912537] (-) TimerEvent: {}
[7.012795] (-) TimerEvent: {}
[7.045850] (slam_gmapping) StderrLine: {'line': b'In file included from \x1b[01m\x1b[K/afs/inf.ed.ac.uk/user/s22/s2281597/Ranger-object-finder/ros_ws/src/slam_gmapping/slam_gmapping/include/slam_gmapping/slam_gmapping.h:38\x1b[m\x1b[K,\n'}
[7.046025] (slam_gmapping) StderrLine: {'line': b'                 from \x1b[01m\x1b[K/afs/inf.ed.ac.uk/user/s22/s2281597/Ranger-object-finder/ros_ws/src/slam_gmapping/slam_gmapping/src/slam_gmapping.cpp:24\x1b[m\x1b[K:\n'}
[7.046101] (slam_gmapping) StderrLine: {'line': b'\x1b[01m\x1b[K/opt/ros/humble/include/tf2_geometry_msgs/tf2_geometry_msgs/tf2_geometry_msgs.h:35:2:\x1b[m\x1b[K \x1b[01;35m\x1b[Kwarning: \x1b[m\x1b[K#warning This header is obsolete, please include tf2_geometry_msgs/tf2_geometry_msgs.hpp instead [\x1b[01;35m\x1b[K\x1b]8;;https://gcc.gnu.org/onlinedocs/gcc/Warning-Options.html#index-Wcpp\x07-Wcpp\x1b]8;;\x07\x1b[m\x1b[K]\n'}
[7.046184] (slam_gmapping) StderrLine: {'line': b'   35 | #\x1b[01;35m\x1b[Kwarning\x1b[m\x1b[K This header is obsolete, please include tf2_geometry_msgs/tf2_geometry_msgs.hpp instead\n'}
[7.046255] (slam_gmapping) StderrLine: {'line': b'      |  \x1b[01;35m\x1b[K^~~~~~~\x1b[m\x1b[K\n'}
[7.112880] (-) TimerEvent: {}
[7.213141] (-) TimerEvent: {}
[7.313403] (-) TimerEvent: {}
[7.413692] (-) TimerEvent: {}
[7.513959] (-) TimerEvent: {}
[7.614206] (-) TimerEvent: {}
[7.714471] (-) TimerEvent: {}
[7.814763] (-) TimerEvent: {}
[7.915030] (-) TimerEvent: {}
[8.015293] (-) TimerEvent: {}
[8.115571] (-) TimerEvent: {}
[8.215868] (-) TimerEvent: {}
[8.316136] (-) TimerEvent: {}
[8.416404] (-) TimerEvent: {}
[8.516713] (-) TimerEvent: {}
[8.616976] (-) TimerEvent: {}
[8.717245] (-) TimerEvent: {}
[8.817510] (-) TimerEvent: {}
[8.917757] (-) TimerEvent: {}
[9.018033] (-) TimerEvent: {}
[9.038385] (slam_gmapping) StderrLine: {'line': b'In file included from \x1b[01m\x1b[K/afs/inf.ed.ac.uk/user/s22/s2281597/Ranger-object-finder/ros_ws/install/openslam_gmapping/include/gmapping/gridfastslam/gridslamprocessor.h:9\x1b[m\x1b[K,\n'}
[9.038729] (slam_gmapping) StderrLine: {'line': b'                 from \x1b[01m\x1b[K/afs/inf.ed.ac.uk/user/s22/s2281597/Ranger-object-finder/ros_ws/src/slam_gmapping/slam_gmapping/include/slam_gmapping/slam_gmapping.h:45\x1b[m\x1b[K,\n'}
[9.038883] (slam_gmapping) StderrLine: {'line': b'                 from \x1b[01m\x1b[K/afs/inf.ed.ac.uk/user/s22/s2281597/Ranger-object-finder/ros_ws/src/slam_gmapping/slam_gmapping/src/slam_gmapping.cpp:24\x1b[m\x1b[K:\n'}
[9.039008] (slam_gmapping) StderrLine: {'line': b'\x1b[01m\x1b[K/afs/inf.ed.ac.uk/user/s22/s2281597/Ranger-object-finder/ros_ws/install/openslam_gmapping/include/gmapping/particlefilter/particlefilter.h:\x1b[m\x1b[K In function \xe2\x80\x98\x1b[01m\x1b[Kvoid rle(OutputIterator&, const Iterator&, const Iterator&)\x1b[m\x1b[K\xe2\x80\x99:\n'}
[9.039201] (slam_gmapping) StderrLine: {'line': b'\x1b[01m\x1b[K/afs/inf.ed.ac.uk/user/s22/s2281597/Ranger-object-finder/ros_ws/install/openslam_gmapping/include/gmapping/particlefilter/particlefilter.h:140:9:\x1b[m\x1b[K \x1b[01;35m\x1b[Kwarning: \x1b[m\x1b[Kthis \xe2\x80\x98\x1b[01m\x1b[Kif\x1b[m\x1b[K\xe2\x80\x99 clause does not guard... [\x1b[01;35m\x1b[K\x1b]8;;https://gcc.gnu.org/onlinedocs/gcc/Warning-Options.html#index-Wmisleading-indentation\x07-Wmisleading-indentation\x1b]8;;\x07\x1b[m\x1b[K]\n'}
[9.039304] (slam_gmapping) StderrLine: {'line': b'  140 |         \x1b[01;35m\x1b[Kif\x1b[m\x1b[K (count>0)\n'}
[9.039392] (slam_gmapping) StderrLine: {'line': b'      |         \x1b[01;35m\x1b[K^~\x1b[m\x1b[K\n'}
[9.039458] (slam_gmapping) StderrLine: {'line': b'\x1b[01m\x1b[K/afs/inf.ed.ac.uk/user/s22/s2281597/Ranger-object-finder/ros_ws/install/openslam_gmapping/include/gmapping/particlefilter/particlefilter.h:142:17:\x1b[m\x1b[K \x1b[01;36m\x1b[Knote: \x1b[m\x1b[K...this statement, but the latter is misleadingly indented as if it were guarded by the \xe2\x80\x98\x1b[01m\x1b[Kif\x1b[m\x1b[K\xe2\x80\x99\n'}
[9.039533] (slam_gmapping) StderrLine: {'line': b'  142 |                 \x1b[01;36m\x1b[Kout\x1b[m\x1b[K++;\n'}
[9.039601] (slam_gmapping) StderrLine: {'line': b'      |                 \x1b[01;36m\x1b[K^~~\x1b[m\x1b[K\n'}
[9.118121] (-) TimerEvent: {}
[9.218462] (-) TimerEvent: {}
[9.318734] (-) TimerEvent: {}
[9.419009] (-) TimerEvent: {}
[9.519271] (-) TimerEvent: {}
[9.619536] (-) TimerEvent: {}
[9.719828] (-) TimerEvent: {}
[9.820127] (-) TimerEvent: {}
[9.920407] (-) TimerEvent: {}
[10.020733] (-) TimerEvent: {}
[10.120996] (-) TimerEvent: {}
[10.221275] (-) TimerEvent: {}
[10.321560] (-) TimerEvent: {}
[10.421820] (-) TimerEvent: {}
[10.522069] (-) TimerEvent: {}
[10.622352] (-) TimerEvent: {}
[10.722635] (-) TimerEvent: {}
[10.822924] (-) TimerEvent: {}
[10.923208] (-) TimerEvent: {}
[11.023514] (-) TimerEvent: {}
[11.123821] (-) TimerEvent: {}
[11.224109] (-) TimerEvent: {}
[11.324399] (-) TimerEvent: {}
[11.424689] (-) TimerEvent: {}
[11.524959] (-) TimerEvent: {}
[11.625249] (-) TimerEvent: {}
[11.725519] (-) TimerEvent: {}
[11.825800] (-) TimerEvent: {}
[11.926056] (-) TimerEvent: {}
[12.026320] (-) TimerEvent: {}
[12.126620] (-) TimerEvent: {}
[12.226903] (-) TimerEvent: {}
[12.327180] (-) TimerEvent: {}
[12.427458] (-) TimerEvent: {}
[12.527796] (-) TimerEvent: {}
[12.628097] (-) TimerEvent: {}
[12.728362] (-) TimerEvent: {}
[12.828642] (-) TimerEvent: {}
[12.928922] (-) TimerEvent: {}
[13.029201] (-) TimerEvent: {}
[13.129481] (-) TimerEvent: {}
[13.229742] (-) TimerEvent: {}
[13.329978] (-) TimerEvent: {}
[13.430230] (-) TimerEvent: {}
[13.530509] (-) TimerEvent: {}
[13.630788] (-) TimerEvent: {}
[13.731060] (-) TimerEvent: {}
[13.831335] (-) TimerEvent: {}
[13.931619] (-) TimerEvent: {}
[14.031886] (-) TimerEvent: {}
[14.132173] (-) TimerEvent: {}
[14.232466] (-) TimerEvent: {}
[14.332750] (-) TimerEvent: {}
[14.433041] (-) TimerEvent: {}
[14.533319] (-) TimerEvent: {}
[14.633624] (-) TimerEvent: {}
[14.733856] (-) TimerEvent: {}
[14.834091] (-) TimerEvent: {}
[14.934338] (-) TimerEvent: {}
[15.034618] (-) TimerEvent: {}
[15.134894] (-) TimerEvent: {}
[15.235172] (-) TimerEvent: {}
[15.335466] (-) TimerEvent: {}
[15.435737] (-) TimerEvent: {}
[15.536003] (-) TimerEvent: {}
[15.636272] (-) TimerEvent: {}
[15.736543] (-) TimerEvent: {}
[15.836814] (-) TimerEvent: {}
[15.937097] (-) TimerEvent: {}
[16.037397] (-) TimerEvent: {}
[16.137691] (-) TimerEvent: {}
[16.238210] (-) TimerEvent: {}
[16.338466] (-) TimerEvent: {}
[16.438705] (-) TimerEvent: {}
[16.538980] (-) TimerEvent: {}
[16.639275] (-) TimerEvent: {}
[16.641087] (slam_gmapping) StdoutLine: {'line': b'[100%] \x1b[32m\x1b[1mLinking CXX executable slam_gmapping\x1b[0m\n'}
[16.739394] (-) TimerEvent: {}
[16.839677] (-) TimerEvent: {}
[16.940029] (-) TimerEvent: {}
[17.040304] (-) TimerEvent: {}
[17.140581] (-) TimerEvent: {}
[17.240892] (-) TimerEvent: {}
[17.331437] (slam_gmapping) StdoutLine: {'line': b'[100%] Built target slam_gmapping\n'}
[17.340999] (-) TimerEvent: {}
[17.341483] (slam_gmapping) CommandEnded: {'returncode': 0}
[17.372535] (slam_gmapping) JobProgress: {'identifier': 'slam_gmapping', 'progress': 'install'}
[17.372805] (slam_gmapping) Command: {'cmd': ['/usr/bin/cmake', '--install', '/afs/inf.ed.ac.uk/user/s22/s2281597/Ranger-object-finder/ros_ws/build/slam_gmapping'], 'cwd': '/afs/inf.ed.ac.uk/user/s22/s2281597/Ranger-object-finder/ros_ws/build/slam_gmapping', 'env': OrderedDict([('SHELL', '/bin/bash'), ('ROS_VERSION', '2'), ('SESSION_MANAGER', 'local/hextech.inf.ed.ac.uk:@/tmp/.ICE-unix/129621,unix/hextech.inf.ed.ac.uk:/tmp/.ICE-unix/129621'), ('XPRINTER', 'xp_ps_spooldir_tmp_Xprintjobs'), ('QT_ACCESSIBILITY', '1'), ('COLORTERM', 'truecolor'), ('XDG_CONFIG_DIRS', '/etc/xdg/xdg-dice:/etc/xdg'), ('XDG_SESSION_PATH', '/org/freedesktop/DisplayManager/Session2'), ('TERM_PROGRAM_VERSION', '1.93.1'), ('GTK_IM_MODULE', 'ibus'), ('SshAgent', '/usr/bin/ssh-agent'), ('ROS_PYTHON_VERSION', '3'), ('LANGUAGE', 'en_GB:en'), ('SSH_AUTH_SOCK', '/run/user/2661391/keyring/ssh'), ('XMODIFIERS', '@im=ibus'), ('DESKTOP_SESSION', 'dice'), ('EDITOR', '/usr/bin/emacs'), ('GTK_MODULES', 'appmenu-gtk-module:gail:atk-bridge:appmenu-gtk-module'), ('XDG_SEAT', 'seat0'), ('MATE_DESKTOP_SESSION_ID', 'this-is-deprecated'), ('KRB5CCNAME', 'FILE:/tmp/krb5cc_2661391_L1jX4m'), ('PWD', '/afs/inf.ed.ac.uk/user/s22/s2281597/Ranger-object-finder/ros_ws/build/slam_gmapping'), ('LOGNAME', 's2281597'), ('XDG_SESSION_DESKTOP', 'dice'), ('XDG_SESSION_TYPE', 'x11'), ('MODULESHOME', '/usr/share/modules'), ('CRICHTON_SYS', '/etc/crichton.d'), ('MANPATH', ':'), ('GPG_AGENT_INFO', '/run/user/2661391/gnupg/S.gpg-agent:0:1'), ('XAUTHORITY', '/var/run/lightdm/s2281597/xauthority'), ('VSCODE_GIT_ASKPASS_NODE', '/usr/share/code/code'), ('XDG_GREETER_DATA_DIR', '/var/lib/lightdm-data/s2281597'), ('BASH', '/bin/sh'), ('MAPPATH', '/etc/amd:/etc'), ('HOME', '/afs/inf.ed.ac.uk/user/s22/s2281597'), ('LANG', 'en_GB.UTF-8'), ('XDG_CURRENT_DESKTOP', 'MATE'), ('ASPELL_CONF', 'master british'), ('GIO_USE_NETWORK_MONITOR', 'netlink'), ('AMENT_PREFIX_PATH', '/afs/inf.ed.ac.uk/user/s22/s2281597/Ranger-object-finder/ros_ws/install/openslam_gmapping:/afs/inf.ed.ac.uk/user/s22/s2281597/ros_ws/install/stage_ros2:/afs/inf.ed.ac.uk/user/s22/s2281597/ros_ws/install/socspioneer:/afs/inf.ed.ac.uk/user/s22/s2281597/ros_ws/install/pf_localisation:/opt/ros/humble'), ('GIT_ASKPASS', '/usr/share/code/resources/app/extensions/git/dist/askpass.sh'), ('CMAKE_PREFIX_PATH', '/afs/inf.ed.ac.uk/user/s22/s2281597/Ranger-object-finder/ros_ws/install/openslam_gmapping:/afs/inf.ed.ac.uk/user/s22/s2281597/ros_ws/install/stage_ros2:/afs/inf.ed.ac.uk/user/s22/s2281597/ros_ws/install/pf_localisation:/afs/inf.ed.ac.uk/user/s22/s2281597/ros_ws/install/Stage:/afs/inf.ed.ac.uk/user/s22/s2281597/ros_ws/install/socspioneer:/opt/ros/humble'), ('XDG_SEAT_PATH', '/org/freedesktop/DisplayManager/Seat0'), ('XILINXD_LICENSE_FILE', '2100@xilinx-lm.inf.ed.ac.uk'), ('COLCON_PREFIX_PATH', '/afs/inf.ed.ac.uk/user/s22/s2281597/ros_ws/install'), ('CHROME_DESKTOP', 'code-url-handler.desktop'), ('CLUTTER_IM_MODULE', 'ibus'), ('VSCODE_GIT_ASKPASS_EXTRA_ARGS', ''), ('SHORT_HOSTNAME', 'hextech'), ('LESSCLOSE', '/usr/bin/lesspipe %s %s'), ('XDG_SESSION_CLASS', 'user'), ('PYTHONPATH', '/afs/inf.ed.ac.uk/user/s22/s2281597/ros_ws/install/socspioneer/lib/python3.10/site-packages:/afs/inf.ed.ac.uk/user/s22/s2281597/ros_ws/install/pf_localisation/local/lib/python3.10/dist-packages:/opt/ros/humble/lib/python3.10/site-packages:/opt/ros/humble/local/lib/python3.10/dist-packages'), ('COLCON', '1'), ('TERM', 'xterm-256color'), ('GTK_OVERLAY_SCROLLING', '0'), ('LESSOPEN', '| /usr/bin/lesspipe %s'), ('USER', 's2281597'), ('VSCODE_GIT_IPC_HANDLE', '/run/user/2661391/vscode-git-abaf8762fb.sock'), ('ENVIRONMENT', 'ubu2204'), ('CRICHTON_USR', '/afs/inf.ed.ac.uk/user/s22/s2281597/.crichton.d'), ('LOADEDMODULES', ''), ('DISPLAY', ':0'), ('SHLVL', '1'), ('QT_IM_MODULE', 'ibus'), ('XDG_VTNR', '7'), ('UBUNTU_MENUPROXY', '1'), ('GVFS_DISABLE_FUSE', '1'), ('XDG_SESSION_ID', '360'), ('ROLES', 'cohort-ug course-csec-10 course-fnlp course-ilp course-mob course-pi course-sdp degree-aics dice-account-holder matlabclassroom person student teachingcluster-student year-ug3'), ('LD_LIBRARY_PATH', '/afs/inf.ed.ac.uk/user/s22/s2281597/Ranger-object-finder/ros_ws/install/openslam_gmapping/lib:/afs/inf.ed.ac.uk/user/s22/s2281597/ros_ws/install/stage_ros2/lib:/afs/inf.ed.ac.uk/user/s22/s2281597/ros_ws/install/Stage/lib:/usr/lib/x86_64-linux-gnu/gazebo-11/plugins:/opt/ros/humble/opt/rviz_ogre_vendor/lib:/opt/ros/humble/lib/x86_64-linux-gnu:/opt/ros/humble/lib'), ('XDG_RUNTIME_DIR', '/run/user/2661391'), ('ROS_LOCALHOST_ONLY', '0'), ('ENV_ROOT', '/usr/share/defenv/bash'), ('VSCODE_GIT_ASKPASS_MAIN', '/usr/share/code/resources/app/extensions/git/dist/askpass-main.js'), ('XDG_DATA_DIRS', '/usr/share/dice:/usr/share/gnome:/usr/local/share/:/usr/share/'), ('GDK_BACKEND', 'x11'), ('PATH', '/afs/inf.ed.ac.uk/user/s22/s2281597/ros_ws/install/Stage/bin:/opt/ros/humble/bin:/usr/games:/usr/local/games:/usr/bin:/usr/sbin:/usr/local/bin:/usr/local/sbin'), ('MODULEPATH', '/etc/environment-modules/modules:/usr/share/modules/versions:/usr/share/modules/$MODULE_VERSION/modulefiles:/usr/share/modules/modulefiles'), ('GDMSESSION', 'dice'), ('ORIGINAL_XDG_CURRENT_DESKTOP', 'MATE'), ('DBUS_SESSION_BUS_ADDRESS', 'unix:abstract=/tmp/dbus-siNKrLa6WN,guid=df425f11f96530649d8a14da6798fbda'), ('QT_FONT_DPI', '96'), ('QT_SCALE_FACTOR', '1'), ('ROS_DISTRO', 'humble'), ('GIO_LAUNCHED_DESKTOP_FILE_PID', '131436'), ('GIO_LAUNCHED_DESKTOP_FILE', '/afs/inf.ed.ac.uk/user/s22/s2281597/Desktop/code.desktop'), ('OLDPWD', '/afs/inf.ed.ac.uk/user/s22/s2281597/Ranger-object-finder'), ('MODULES_CMD', '/usr/lib/x86_64-linux-gnu/modulecmd.tcl'), ('TERM_PROGRAM', 'vscode\nBASH_FUNC_rvirsh%%=() {  KVMHOST=$1;\n shift;\n if [ "$KVMHOST" ]; then\n if [ "$KVMHOST" = "." ]; then\n URI="qemu:///system";\n else\n URI="qemu+ssh://$KVMHOST/system";\n fi;\n else\n URI="qemu:///system";\n fi;\n virsh --connect $URI $@\n}\nBASH_FUNC_ml%%=() {  module ml "$@"\n}\nBASH_FUNC_module%%=() {  eval `/usr/bin/tclsh8.6 /usr/lib/x86_64-linux-gnu/modulecmd.tcl bash "$@"`;\n _mlstatus=$?;\n return $_mlstatus\n}\nBASH_FUNC_resize%%=() {  eval `command resize`\n}\nBASH_FUNC_command_not_found_handle%%=() {  unset command_not_found_handle;\n if [[ "$IFS" != \'\n\' ]]; then\n _command_not_found $*;\n fi;\n function dbg ()\n {\n [[ -n $CRICHTON_DEBUG ]] && echo $1 1>&2\n };\n SORT="/usr/bin/_SortBashRC";\n PATTERN=\'[0-9][0-9][0-9].*\';\n if [[ -n $CRICHTON_DEBUG ]]; then\n modules=$($SORT $CRICHTON_SYS/$PATTERN $CRICHTON_USR/$PATTERN);\n else\n modules=$($SORT $CRICHTON_SYS/$PATTERN $CRICHTON_USR/$PATTERN 2>&-);\n fi;\n dbg "- Found $(/bin/echo $modules | /usr/bin/wc -w 2>&-) modules.";\n for mod in ${modules} _command_not_found;\n do\n dbg "-- $(/bin/basename $mod 2>&-)";\n CRICHTON_SYS=$CRICHTON_SYS CRICHTON_USR=$CRICHTON_USR "$mod" $*;\n exit=$?;\n dbg "[exit $exit]";\n [[ $exit == 255 ]] && {\n _command_not_found $1;\n break\n };\n [[ $exit == 0 ]] && break;\n done;\n return 127\n}\nBASH_FUNC_setpath%%=() {  if [ -f /usr/bin/pathfix ]; then\n pathfix_binary=/usr/bin/pathfix;\n else\n pathfix_binary=/usr/local/bin/pathfix;\n fi;\n new_PATH=`$pathfix_binary $@`;\n [ "$new_PATH" ] && PATH="$new_PATH";\n export PATH\n}\nBASH_FUNC__command_not_found%%=() {  echo "bash: $1: command not found" 1>&2\n}\nBASH_FUNC_colloq%%=() {  more /usr/local/alert/misc/coll\n}\nBASH_FUNC_gnu%%=() {  command gnu -u $LOGNAME $*\n}\nBASH_FUNC_purge%%=() {  rm -f *~ .*~ \\#*\\# tmp*\n}\nBASH_FUNC_setup%%=() {  source /usr/local/share/setup/setup.sh $*\n}'), ('_', '/usr/bin/env')]), 'shell': False}
[17.379174] (slam_gmapping) StdoutLine: {'line': b'-- Install configuration: ""\n'}
[17.392649] (slam_gmapping) StdoutLine: {'line': b'-- Installing: /afs/inf.ed.ac.uk/user/s22/s2281597/Ranger-object-finder/ros_ws/install/slam_gmapping/lib/slam_gmapping/slam_gmapping\n'}
[17.441126] (-) TimerEvent: {}
[17.541391] (-) TimerEvent: {}
[17.618842] (slam_gmapping) StdoutLine: {'line': b'-- Set runtime path of "/afs/inf.ed.ac.uk/user/s22/s2281597/Ranger-object-finder/ros_ws/install/slam_gmapping/lib/slam_gmapping/slam_gmapping" to ""\n'}
[17.619070] (slam_gmapping) StdoutLine: {'line': b'-- Installing: /afs/inf.ed.ac.uk/user/s22/s2281597/Ranger-object-finder/ros_ws/install/slam_gmapping/share/slam_gmapping/launch\n'}
[17.622334] (slam_gmapping) StdoutLine: {'line': b'-- Installing: /afs/inf.ed.ac.uk/user/s22/s2281597/Ranger-object-finder/ros_ws/install/slam_gmapping/share/slam_gmapping/launch/slam_gmapping.launch.py\n'}
[17.627471] (slam_gmapping) StdoutLine: {'line': b'-- Installing: /afs/inf.ed.ac.uk/user/s22/s2281597/Ranger-object-finder/ros_ws/install/slam_gmapping/share/ament_index/resource_index/package_run_dependencies/slam_gmapping\n'}
[17.631588] (slam_gmapping) StdoutLine: {'line': b'-- Installing: /afs/inf.ed.ac.uk/user/s22/s2281597/Ranger-object-finder/ros_ws/install/slam_gmapping/share/ament_index/resource_index/parent_prefix_path/slam_gmapping\n'}
[17.635459] (slam_gmapping) StdoutLine: {'line': b'-- Installing: /afs/inf.ed.ac.uk/user/s22/s2281597/Ranger-object-finder/ros_ws/install/slam_gmapping/share/slam_gmapping/environment/ament_prefix_path.sh\n'}
[17.638193] (slam_gmapping) StdoutLine: {'line': b'-- Installing: /afs/inf.ed.ac.uk/user/s22/s2281597/Ranger-object-finder/ros_ws/install/slam_gmapping/share/slam_gmapping/environment/ament_prefix_path.dsv\n'}
[17.640503] (slam_gmapping) StdoutLine: {'line': b'-- Installing: /afs/inf.ed.ac.uk/user/s22/s2281597/Ranger-object-finder/ros_ws/install/slam_gmapping/share/slam_gmapping/environment/path.sh\n'}
[17.641452] (-) TimerEvent: {}
[17.642909] (slam_gmapping) StdoutLine: {'line': b'-- Installing: /afs/inf.ed.ac.uk/user/s22/s2281597/Ranger-object-finder/ros_ws/install/slam_gmapping/share/slam_gmapping/environment/path.dsv\n'}
[17.645057] (slam_gmapping) StdoutLine: {'line': b'-- Installing: /afs/inf.ed.ac.uk/user/s22/s2281597/Ranger-object-finder/ros_ws/install/slam_gmapping/share/slam_gmapping/local_setup.bash\n'}
[17.647499] (slam_gmapping) StdoutLine: {'line': b'-- Installing: /afs/inf.ed.ac.uk/user/s22/s2281597/Ranger-object-finder/ros_ws/install/slam_gmapping/share/slam_gmapping/local_setup.sh\n'}
[17.650140] (slam_gmapping) StdoutLine: {'line': b'-- Installing: /afs/inf.ed.ac.uk/user/s22/s2281597/Ranger-object-finder/ros_ws/install/slam_gmapping/share/slam_gmapping/local_setup.zsh\n'}
[17.652510] (slam_gmapping) StdoutLine: {'line': b'-- Installing: /afs/inf.ed.ac.uk/user/s22/s2281597/Ranger-object-finder/ros_ws/install/slam_gmapping/share/slam_gmapping/local_setup.dsv\n'}
[17.654861] (slam_gmapping) StdoutLine: {'line': b'-- Installing: /afs/inf.ed.ac.uk/user/s22/s2281597/Ranger-object-finder/ros_ws/install/slam_gmapping/share/slam_gmapping/package.dsv\n'}
[17.658006] (slam_gmapping) StdoutLine: {'line': b'-- Installing: /afs/inf.ed.ac.uk/user/s22/s2281597/Ranger-object-finder/ros_ws/install/slam_gmapping/share/ament_index/resource_index/packages/slam_gmapping\n'}
[17.660717] (slam_gmapping) StdoutLine: {'line': b'-- Installing: /afs/inf.ed.ac.uk/user/s22/s2281597/Ranger-object-finder/ros_ws/install/slam_gmapping/share/slam_gmapping/cmake/slam_gmappingConfig.cmake\n'}
[17.662766] (slam_gmapping) StdoutLine: {'line': b'-- Installing: /afs/inf.ed.ac.uk/user/s22/s2281597/Ranger-object-finder/ros_ws/install/slam_gmapping/share/slam_gmapping/cmake/slam_gmappingConfig-version.cmake\n'}
[17.664767] (slam_gmapping) StdoutLine: {'line': b'-- Installing: /afs/inf.ed.ac.uk/user/s22/s2281597/Ranger-object-finder/ros_ws/install/slam_gmapping/share/slam_gmapping/package.xml\n'}
[17.668916] (slam_gmapping) CommandEnded: {'returncode': 0}
[17.725071] (slam_gmapping) JobEnded: {'identifier': 'slam_gmapping', 'rc': 0}
[17.734976] (-) EventReactorShutdown: {}
