[0.073s] DEBUG:colcon:Command line arguments: ['/usr/bin/colcon', 'build', '--symlink-install']
[0.073s] DEBUG:colcon:Parsed command line arguments: Namespace(log_base=None, log_level=None, verb_name='build', build_base='build', install_base='install', merge_install=False, symlink_install=True, test_result_base=None, continue_on_error=False, executor='sequential', event_handlers=None, base_paths=['.'], paths=None, cmake_args=None, cmake_target=None, cmake_target_skip_unavailable=False, cmake_clean_cache=False, cmake_clean_first=False, cmake_force_configure=False, ament_cmake_args=None, catkin_cmake_args=None, catkin_skip_building_tests=False, verb_parser=CustomArgumentParser(prog='colcon build', usage=None, description='Build a set of packages.', formatter_class=<class 'colcon_core.command.CustomFormatter'>, conflict_handler='error', add_help=True), verb_extension=<colcon_core.verb.build.BuildVerb object at 0x7f0f9cd42fe0>, main=<bound method BuildVerb.main of <colcon_core.verb.build.BuildVerb object at 0x7f0f9cd42fe0>>)
[0.263s] Level 1:colcon.colcon_core.package_discovery:discover_packages(recursive) check parameters
[0.263s] Level 1:colcon.colcon_core.package_discovery:discover_packages(path) check parameters
[0.263s] Level 1:colcon.colcon_core.package_discovery:discover_packages(recursive) discover
[0.263s] INFO:colcon.colcon_core.package_discovery:Crawling recursively for packages in '/afs/inf.ed.ac.uk/user/s22/s2281597/ranger_object_finder/ranger_nav/ros_ws'
[0.263s] Level 1:colcon.colcon_core.package_identification:_identify(.) by extensions ['ignore', 'ignore_ament_install']
[0.263s] Level 1:colcon.colcon_core.package_identification:_identify(.) by extension 'ignore'
[0.263s] Level 1:colcon.colcon_core.package_identification:_identify(.) by extension 'ignore_ament_install'
[0.263s] Level 1:colcon.colcon_core.package_identification:_identify(.) by extensions ['ros']
[0.263s] Level 1:colcon.colcon_core.package_identification:_identify(.) by extension 'ros'
[0.272s] Level 1:colcon.colcon_core.package_identification:_identify(.) by extensions ['cmake', 'python']
[0.272s] Level 1:colcon.colcon_core.package_identification:_identify(.) by extension 'cmake'
[0.272s] Level 1:colcon.colcon_core.package_identification:_identify(.) by extension 'python'
[0.272s] Level 1:colcon.colcon_core.package_identification:_identify(.) by extensions ['python_setup_py']
[0.272s] Level 1:colcon.colcon_core.package_identification:_identify(.) by extension 'python_setup_py'
[0.272s] Level 1:colcon.colcon_core.package_identification:_identify(build) by extensions ['ignore', 'ignore_ament_install']
[0.272s] Level 1:colcon.colcon_core.package_identification:_identify(build) by extension 'ignore'
[0.273s] Level 1:colcon.colcon_core.package_identification:_identify(build) ignored
[0.273s] Level 1:colcon.colcon_core.package_identification:_identify(install) by extensions ['ignore', 'ignore_ament_install']
[0.273s] Level 1:colcon.colcon_core.package_identification:_identify(install) by extension 'ignore'
[0.273s] Level 1:colcon.colcon_core.package_identification:_identify(install) ignored
[0.273s] Level 1:colcon.colcon_core.package_identification:_identify(log) by extensions ['ignore', 'ignore_ament_install']
[0.273s] Level 1:colcon.colcon_core.package_identification:_identify(log) by extension 'ignore'
[0.273s] Level 1:colcon.colcon_core.package_identification:_identify(log) ignored
[0.273s] Level 1:colcon.colcon_core.package_identification:_identify(src) by extensions ['ignore', 'ignore_ament_install']
[0.273s] Level 1:colcon.colcon_core.package_identification:_identify(src) by extension 'ignore'
[0.273s] Level 1:colcon.colcon_core.package_identification:_identify(src) by extension 'ignore_ament_install'
[0.273s] Level 1:colcon.colcon_core.package_identification:_identify(src) by extensions ['ros']
[0.273s] Level 1:colcon.colcon_core.package_identification:_identify(src) by extension 'ros'
[0.273s] Level 1:colcon.colcon_core.package_identification:_identify(src) by extensions ['cmake', 'python']
[0.273s] Level 1:colcon.colcon_core.package_identification:_identify(src) by extension 'cmake'
[0.273s] Level 1:colcon.colcon_core.package_identification:_identify(src) by extension 'python'
[0.274s] Level 1:colcon.colcon_core.package_identification:_identify(src) by extensions ['python_setup_py']
[0.274s] Level 1:colcon.colcon_core.package_identification:_identify(src) by extension 'python_setup_py'
[0.274s] Level 1:colcon.colcon_core.package_identification:_identify(src/hls_lfcd_lds_driver) by extensions ['ignore', 'ignore_ament_install']
[0.274s] Level 1:colcon.colcon_core.package_identification:_identify(src/hls_lfcd_lds_driver) by extension 'ignore'
[0.274s] Level 1:colcon.colcon_core.package_identification:_identify(src/hls_lfcd_lds_driver) by extension 'ignore_ament_install'
[0.274s] Level 1:colcon.colcon_core.package_identification:_identify(src/hls_lfcd_lds_driver) by extensions ['ros']
[0.274s] Level 1:colcon.colcon_core.package_identification:_identify(src/hls_lfcd_lds_driver) by extension 'ros'
[0.276s] DEBUG:colcon.colcon_core.package_identification:Package 'src/hls_lfcd_lds_driver' with type 'ros.ament_cmake' and name 'hls_lfcd_lds_driver'
[0.276s] Level 1:colcon.colcon_core.package_identification:_identify(src/ranger_nav) by extensions ['ignore', 'ignore_ament_install']
[0.276s] Level 1:colcon.colcon_core.package_identification:_identify(src/ranger_nav) by extension 'ignore'
[0.276s] Level 1:colcon.colcon_core.package_identification:_identify(src/ranger_nav) by extension 'ignore_ament_install'
[0.276s] Level 1:colcon.colcon_core.package_identification:_identify(src/ranger_nav) by extensions ['ros']
[0.276s] Level 1:colcon.colcon_core.package_identification:_identify(src/ranger_nav) by extension 'ros'
[0.277s] DEBUG:colcon.colcon_core.package_identification:Package 'src/ranger_nav' with type 'ros.ament_python' and name 'ranger_nav'
[0.277s] Level 1:colcon.colcon_core.package_identification:_identify(src/slam_gmapping) by extensions ['ignore', 'ignore_ament_install']
[0.277s] Level 1:colcon.colcon_core.package_identification:_identify(src/slam_gmapping) by extension 'ignore'
[0.277s] Level 1:colcon.colcon_core.package_identification:_identify(src/slam_gmapping) by extension 'ignore_ament_install'
[0.277s] Level 1:colcon.colcon_core.package_identification:_identify(src/slam_gmapping) by extensions ['ros']
[0.278s] Level 1:colcon.colcon_core.package_identification:_identify(src/slam_gmapping) by extension 'ros'
[0.278s] Level 1:colcon.colcon_core.package_identification:_identify(src/slam_gmapping) by extensions ['cmake', 'python']
[0.278s] Level 1:colcon.colcon_core.package_identification:_identify(src/slam_gmapping) by extension 'cmake'
[0.278s] Level 1:colcon.colcon_core.package_identification:_identify(src/slam_gmapping) by extension 'python'
[0.278s] Level 1:colcon.colcon_core.package_identification:_identify(src/slam_gmapping) by extensions ['python_setup_py']
[0.278s] Level 1:colcon.colcon_core.package_identification:_identify(src/slam_gmapping) by extension 'python_setup_py'
[0.278s] Level 1:colcon.colcon_core.package_identification:_identify(src/slam_gmapping/openslam_gmapping) by extensions ['ignore', 'ignore_ament_install']
[0.278s] Level 1:colcon.colcon_core.package_identification:_identify(src/slam_gmapping/openslam_gmapping) by extension 'ignore'
[0.278s] Level 1:colcon.colcon_core.package_identification:_identify(src/slam_gmapping/openslam_gmapping) by extension 'ignore_ament_install'
[0.278s] Level 1:colcon.colcon_core.package_identification:_identify(src/slam_gmapping/openslam_gmapping) by extensions ['ros']
[0.278s] Level 1:colcon.colcon_core.package_identification:_identify(src/slam_gmapping/openslam_gmapping) by extension 'ros'
[0.279s] DEBUG:colcon.colcon_core.package_identification:Package 'src/slam_gmapping/openslam_gmapping' with type 'ros.ament_cmake' and name 'openslam_gmapping'
[0.279s] Level 1:colcon.colcon_core.package_identification:_identify(src/slam_gmapping/slam_gmapping) by extensions ['ignore', 'ignore_ament_install']
[0.279s] Level 1:colcon.colcon_core.package_identification:_identify(src/slam_gmapping/slam_gmapping) by extension 'ignore'
[0.279s] Level 1:colcon.colcon_core.package_identification:_identify(src/slam_gmapping/slam_gmapping) by extension 'ignore_ament_install'
[0.279s] Level 1:colcon.colcon_core.package_identification:_identify(src/slam_gmapping/slam_gmapping) by extensions ['ros']
[0.279s] Level 1:colcon.colcon_core.package_identification:_identify(src/slam_gmapping/slam_gmapping) by extension 'ros'
[0.280s] DEBUG:colcon.colcon_core.package_identification:Package 'src/slam_gmapping/slam_gmapping' with type 'ros.ament_cmake' and name 'slam_gmapping'
[0.280s] Level 1:colcon.colcon_core.package_discovery:discover_packages(recursive) using defaults
[0.280s] Level 1:colcon.colcon_core.package_discovery:discover_packages(path) discover
[0.280s] Level 1:colcon.colcon_core.package_discovery:discover_packages(path) using defaults
[0.299s] Level 5:colcon.colcon_core.verb:set package 'hls_lfcd_lds_driver' build argument 'cmake_args' from command line to 'None'
[0.299s] Level 5:colcon.colcon_core.verb:set package 'hls_lfcd_lds_driver' build argument 'cmake_target' from command line to 'None'
[0.299s] Level 5:colcon.colcon_core.verb:set package 'hls_lfcd_lds_driver' build argument 'cmake_target_skip_unavailable' from command line to 'False'
[0.299s] Level 5:colcon.colcon_core.verb:set package 'hls_lfcd_lds_driver' build argument 'cmake_clean_cache' from command line to 'False'
[0.299s] Level 5:colcon.colcon_core.verb:set package 'hls_lfcd_lds_driver' build argument 'cmake_clean_first' from command line to 'False'
[0.299s] Level 5:colcon.colcon_core.verb:set package 'hls_lfcd_lds_driver' build argument 'cmake_force_configure' from command line to 'False'
[0.299s] Level 5:colcon.colcon_core.verb:set package 'hls_lfcd_lds_driver' build argument 'ament_cmake_args' from command line to 'None'
[0.299s] Level 5:colcon.colcon_core.verb:set package 'hls_lfcd_lds_driver' build argument 'catkin_cmake_args' from command line to 'None'
[0.299s] Level 5:colcon.colcon_core.verb:set package 'hls_lfcd_lds_driver' build argument 'catkin_skip_building_tests' from command line to 'False'
[0.299s] DEBUG:colcon.colcon_core.verb:Building package 'hls_lfcd_lds_driver' with the following arguments: {'ament_cmake_args': None, 'build_base': '/afs/inf.ed.ac.uk/user/s22/s2281597/ranger_object_finder/ranger_nav/ros_ws/build/hls_lfcd_lds_driver', 'catkin_cmake_args': None, 'catkin_skip_building_tests': False, 'cmake_args': None, 'cmake_clean_cache': False, 'cmake_clean_first': False, 'cmake_force_configure': False, 'cmake_target': None, 'cmake_target_skip_unavailable': False, 'install_base': '/afs/inf.ed.ac.uk/user/s22/s2281597/ranger_object_finder/ranger_nav/ros_ws/install/hls_lfcd_lds_driver', 'merge_install': False, 'path': '/afs/inf.ed.ac.uk/user/s22/s2281597/ranger_object_finder/ranger_nav/ros_ws/src/hls_lfcd_lds_driver', 'symlink_install': True, 'test_result_base': None}
[0.299s] Level 5:colcon.colcon_core.verb:set package 'openslam_gmapping' build argument 'cmake_args' from command line to 'None'
[0.299s] Level 5:colcon.colcon_core.verb:set package 'openslam_gmapping' build argument 'cmake_target' from command line to 'None'
[0.299s] Level 5:colcon.colcon_core.verb:set package 'openslam_gmapping' build argument 'cmake_target_skip_unavailable' from command line to 'False'
[0.299s] Level 5:colcon.colcon_core.verb:set package 'openslam_gmapping' build argument 'cmake_clean_cache' from command line to 'False'
[0.299s] Level 5:colcon.colcon_core.verb:set package 'openslam_gmapping' build argument 'cmake_clean_first' from command line to 'False'
[0.299s] Level 5:colcon.colcon_core.verb:set package 'openslam_gmapping' build argument 'cmake_force_configure' from command line to 'False'
[0.299s] Level 5:colcon.colcon_core.verb:set package 'openslam_gmapping' build argument 'ament_cmake_args' from command line to 'None'
[0.299s] Level 5:colcon.colcon_core.verb:set package 'openslam_gmapping' build argument 'catkin_cmake_args' from command line to 'None'
[0.299s] Level 5:colcon.colcon_core.verb:set package 'openslam_gmapping' build argument 'catkin_skip_building_tests' from command line to 'False'
[0.300s] DEBUG:colcon.colcon_core.verb:Building package 'openslam_gmapping' with the following arguments: {'ament_cmake_args': None, 'build_base': '/afs/inf.ed.ac.uk/user/s22/s2281597/ranger_object_finder/ranger_nav/ros_ws/build/openslam_gmapping', 'catkin_cmake_args': None, 'catkin_skip_building_tests': False, 'cmake_args': None, 'cmake_clean_cache': False, 'cmake_clean_first': False, 'cmake_force_configure': False, 'cmake_target': None, 'cmake_target_skip_unavailable': False, 'install_base': '/afs/inf.ed.ac.uk/user/s22/s2281597/ranger_object_finder/ranger_nav/ros_ws/install/openslam_gmapping', 'merge_install': False, 'path': '/afs/inf.ed.ac.uk/user/s22/s2281597/ranger_object_finder/ranger_nav/ros_ws/src/slam_gmapping/openslam_gmapping', 'symlink_install': True, 'test_result_base': None}
[0.300s] Level 5:colcon.colcon_core.verb:set package 'ranger_nav' build argument 'cmake_args' from command line to 'None'
[0.300s] Level 5:colcon.colcon_core.verb:set package 'ranger_nav' build argument 'cmake_target' from command line to 'None'
[0.300s] Level 5:colcon.colcon_core.verb:set package 'ranger_nav' build argument 'cmake_target_skip_unavailable' from command line to 'False'
[0.300s] Level 5:colcon.colcon_core.verb:set package 'ranger_nav' build argument 'cmake_clean_cache' from command line to 'False'
[0.300s] Level 5:colcon.colcon_core.verb:set package 'ranger_nav' build argument 'cmake_clean_first' from command line to 'False'
[0.300s] Level 5:colcon.colcon_core.verb:set package 'ranger_nav' build argument 'cmake_force_configure' from command line to 'False'
[0.300s] Level 5:colcon.colcon_core.verb:set package 'ranger_nav' build argument 'ament_cmake_args' from command line to 'None'
[0.300s] Level 5:colcon.colcon_core.verb:set package 'ranger_nav' build argument 'catkin_cmake_args' from command line to 'None'
[0.300s] Level 5:colcon.colcon_core.verb:set package 'ranger_nav' build argument 'catkin_skip_building_tests' from command line to 'False'
[0.300s] DEBUG:colcon.colcon_core.verb:Building package 'ranger_nav' with the following arguments: {'ament_cmake_args': None, 'build_base': '/afs/inf.ed.ac.uk/user/s22/s2281597/ranger_object_finder/ranger_nav/ros_ws/build/ranger_nav', 'catkin_cmake_args': None, 'catkin_skip_building_tests': False, 'cmake_args': None, 'cmake_clean_cache': False, 'cmake_clean_first': False, 'cmake_force_configure': False, 'cmake_target': None, 'cmake_target_skip_unavailable': False, 'install_base': '/afs/inf.ed.ac.uk/user/s22/s2281597/ranger_object_finder/ranger_nav/ros_ws/install/ranger_nav', 'merge_install': False, 'path': '/afs/inf.ed.ac.uk/user/s22/s2281597/ranger_object_finder/ranger_nav/ros_ws/src/ranger_nav', 'symlink_install': True, 'test_result_base': None}
[0.300s] Level 5:colcon.colcon_core.verb:set package 'slam_gmapping' build argument 'cmake_args' from command line to 'None'
[0.300s] Level 5:colcon.colcon_core.verb:set package 'slam_gmapping' build argument 'cmake_target' from command line to 'None'
[0.300s] Level 5:colcon.colcon_core.verb:set package 'slam_gmapping' build argument 'cmake_target_skip_unavailable' from command line to 'False'
[0.300s] Level 5:colcon.colcon_core.verb:set package 'slam_gmapping' build argument 'cmake_clean_cache' from command line to 'False'
[0.300s] Level 5:colcon.colcon_core.verb:set package 'slam_gmapping' build argument 'cmake_clean_first' from command line to 'False'
[0.300s] Level 5:colcon.colcon_core.verb:set package 'slam_gmapping' build argument 'cmake_force_configure' from command line to 'False'
[0.300s] Level 5:colcon.colcon_core.verb:set package 'slam_gmapping' build argument 'ament_cmake_args' from command line to 'None'
[0.301s] Level 5:colcon.colcon_core.verb:set package 'slam_gmapping' build argument 'catkin_cmake_args' from command line to 'None'
[0.301s] Level 5:colcon.colcon_core.verb:set package 'slam_gmapping' build argument 'catkin_skip_building_tests' from command line to 'False'
[0.301s] DEBUG:colcon.colcon_core.verb:Building package 'slam_gmapping' with the following arguments: {'ament_cmake_args': None, 'build_base': '/afs/inf.ed.ac.uk/user/s22/s2281597/ranger_object_finder/ranger_nav/ros_ws/build/slam_gmapping', 'catkin_cmake_args': None, 'catkin_skip_building_tests': False, 'cmake_args': None, 'cmake_clean_cache': False, 'cmake_clean_first': False, 'cmake_force_configure': False, 'cmake_target': None, 'cmake_target_skip_unavailable': False, 'install_base': '/afs/inf.ed.ac.uk/user/s22/s2281597/ranger_object_finder/ranger_nav/ros_ws/install/slam_gmapping', 'merge_install': False, 'path': '/afs/inf.ed.ac.uk/user/s22/s2281597/ranger_object_finder/ranger_nav/ros_ws/src/slam_gmapping/slam_gmapping', 'symlink_install': True, 'test_result_base': None}
[0.301s] INFO:colcon.colcon_core.executor:Executing jobs using 'sequential' executor
[0.308s] DEBUG:colcon.colcon_core.executor.sequential:run_until_complete 'hls_lfcd_lds_driver'
[0.308s] INFO:colcon.colcon_ros.task.ament_cmake.build:Building ROS package in '/afs/inf.ed.ac.uk/user/s22/s2281597/ranger_object_finder/ranger_nav/ros_ws/src/hls_lfcd_lds_driver' with build type 'ament_cmake'
[0.308s] INFO:colcon.colcon_cmake.task.cmake.build:Building CMake package in '/afs/inf.ed.ac.uk/user/s22/s2281597/ranger_object_finder/ranger_nav/ros_ws/src/hls_lfcd_lds_driver'
[0.308s] INFO:colcon.colcon_core.plugin_system:Skipping extension 'colcon_core.shell.bat': Not used on non-Windows systems
[0.309s] DEBUG:colcon.colcon_core.shell:Skip shell extension 'dsv' for command environment
[0.334s] DEBUG:colcon.colcon_core.event_handler.log_command:Invoking command in '/afs/inf.ed.ac.uk/user/s22/s2281597/ranger_object_finder/ranger_nav/ros_ws/build/hls_lfcd_lds_driver': BASH=/bin/sh CMAKE_PREFIX_PATH=${CMAKE_PREFIX_PATH}:/afs/inf.ed.ac.uk/user/s22/s2281597/ranger_object_finder/ranger_nav/ros_ws/install/ranger_nav:/afs/inf.ed.ac.uk/user/s22/s2281597/ros_ws/install/socspioneer:/opt/ros/humble CONDA_PROMPT_MODIFIER=(base) TERM_PROGRAM=${TERM_PROGRAM}
BASH_FUNC_rvirsh%%=() {  KVMHOST=$1;
 shift;
 if [ "$KVMHOST" ]; then
 if [ "$KVMHOST" = "." ]; then
 URI="qemu:///system";
 else
 URI="qemu+ssh://$KVMHOST/system";
 fi;
 else
 URI="qemu:///system";
 fi;
 virsh --connect $URI $@
}
BASH_FUNC_ml%%=() {  module ml "$@"
}
BASH_FUNC_module%%=() {  eval `/usr/bin/tclsh8.6 /usr/lib/x86_64-linux-gnu/modulecmd.tcl bash "$@"`;
 _mlstatus=$?;
 return $_mlstatus
}
BASH_FUNC_resize%%=() {  eval `command resize`
}
BASH_FUNC_command_not_found_handle%%=() {  unset command_not_found_handle;
 if [[ "$IFS" != '
' ]]; then
 _command_not_found $*;
 fi;
 function dbg ()
 {
 [[ -n $CRICHTON_DEBUG ]] && echo $1 1>&2
 };
 SORT="/usr/bin/_SortBashRC";
 PATTERN='[0-9][0-9][0-9].*';
 if [[ -n $CRICHTON_DEBUG ]]; then
 modules=$($SORT $CRICHTON_SYS/$PATTERN $CRICHTON_USR/$PATTERN);
 else
 modules=$($SORT $CRICHTON_SYS/$PATTERN $CRICHTON_USR/$PATTERN 2>&-);
 fi;
 dbg "- Found $(/bin/echo $modules | /usr/bin/wc -w 2>&-) modules.";
 for mod in ${modules} _command_not_found;
 do
 dbg "-- $(/bin/basename $mod 2>&-)";
 CRICHTON_SYS=$CRICHTON_SYS CRICHTON_USR=$CRICHTON_USR "$mod" $*;
 exit=$?;
 dbg "[exit $exit]";
 [[ $exit == 255 ]] && {
 _command_not_found $1;
 break
 };
 [[ $exit == 0 ]] && break;
 done;
 return 127
}
BASH_FUNC_setpath%%=() {  if [ -f /usr/bin/pathfix ]; then
 pathfix_binary=/usr/bin/pathfix;
 else
 pathfix_binary=/usr/local/bin/pathfix;
 fi;
 new_PATH=`$pathfix_binary $@`;
 [ "$new_PATH" ] && PATH="$new_PATH";
 export PATH
}
BASH_FUNC__command_not_found%%=() {  echo "bash: $1: command not found" 1>&2
}
BASH_FUNC_colloq%%=() {  more /usr/local/alert/misc/coll
}
BASH_FUNC_gnu%%=() {  command gnu -u $LOGNAME $*
}
BASH_FUNC_purge%%=() {  rm -f *~ .*~ \#*\# tmp*
}
BASH_FUNC_setup%%=() {  source /usr/local/share/setup/setup.sh $*
} _=/usr/bin/env /usr/bin/cmake --build /afs/inf.ed.ac.uk/user/s22/s2281597/ranger_object_finder/ranger_nav/ros_ws/build/hls_lfcd_lds_driver -- -j12 -l12
[0.441s] DEBUG:colcon.colcon_core.event_handler.log_command:Invoked command in '/afs/inf.ed.ac.uk/user/s22/s2281597/ranger_object_finder/ranger_nav/ros_ws/build/hls_lfcd_lds_driver' returned '0': BASH=/bin/sh CMAKE_PREFIX_PATH=${CMAKE_PREFIX_PATH}:/afs/inf.ed.ac.uk/user/s22/s2281597/ranger_object_finder/ranger_nav/ros_ws/install/ranger_nav:/afs/inf.ed.ac.uk/user/s22/s2281597/ros_ws/install/socspioneer:/opt/ros/humble CONDA_PROMPT_MODIFIER=(base) TERM_PROGRAM=${TERM_PROGRAM}
BASH_FUNC_rvirsh%%=() {  KVMHOST=$1;
 shift;
 if [ "$KVMHOST" ]; then
 if [ "$KVMHOST" = "." ]; then
 URI="qemu:///system";
 else
 URI="qemu+ssh://$KVMHOST/system";
 fi;
 else
 URI="qemu:///system";
 fi;
 virsh --connect $URI $@
}
BASH_FUNC_ml%%=() {  module ml "$@"
}
BASH_FUNC_module%%=() {  eval `/usr/bin/tclsh8.6 /usr/lib/x86_64-linux-gnu/modulecmd.tcl bash "$@"`;
 _mlstatus=$?;
 return $_mlstatus
}
BASH_FUNC_resize%%=() {  eval `command resize`
}
BASH_FUNC_command_not_found_handle%%=() {  unset command_not_found_handle;
 if [[ "$IFS" != '
' ]]; then
 _command_not_found $*;
 fi;
 function dbg ()
 {
 [[ -n $CRICHTON_DEBUG ]] && echo $1 1>&2
 };
 SORT="/usr/bin/_SortBashRC";
 PATTERN='[0-9][0-9][0-9].*';
 if [[ -n $CRICHTON_DEBUG ]]; then
 modules=$($SORT $CRICHTON_SYS/$PATTERN $CRICHTON_USR/$PATTERN);
 else
 modules=$($SORT $CRICHTON_SYS/$PATTERN $CRICHTON_USR/$PATTERN 2>&-);
 fi;
 dbg "- Found $(/bin/echo $modules | /usr/bin/wc -w 2>&-) modules.";
 for mod in ${modules} _command_not_found;
 do
 dbg "-- $(/bin/basename $mod 2>&-)";
 CRICHTON_SYS=$CRICHTON_SYS CRICHTON_USR=$CRICHTON_USR "$mod" $*;
 exit=$?;
 dbg "[exit $exit]";
 [[ $exit == 255 ]] && {
 _command_not_found $1;
 break
 };
 [[ $exit == 0 ]] && break;
 done;
 return 127
}
BASH_FUNC_setpath%%=() {  if [ -f /usr/bin/pathfix ]; then
 pathfix_binary=/usr/bin/pathfix;
 else
 pathfix_binary=/usr/local/bin/pathfix;
 fi;
 new_PATH=`$pathfix_binary $@`;
 [ "$new_PATH" ] && PATH="$new_PATH";
 export PATH
}
BASH_FUNC__command_not_found%%=() {  echo "bash: $1: command not found" 1>&2
}
BASH_FUNC_colloq%%=() {  more /usr/local/alert/misc/coll
}
BASH_FUNC_gnu%%=() {  command gnu -u $LOGNAME $*
}
BASH_FUNC_purge%%=() {  rm -f *~ .*~ \#*\# tmp*
}
BASH_FUNC_setup%%=() {  source /usr/local/share/setup/setup.sh $*
} _=/usr/bin/env /usr/bin/cmake --build /afs/inf.ed.ac.uk/user/s22/s2281597/ranger_object_finder/ranger_nav/ros_ws/build/hls_lfcd_lds_driver -- -j12 -l12
[0.485s] DEBUG:colcon.colcon_core.event_handler.log_command:Invoking command in '/afs/inf.ed.ac.uk/user/s22/s2281597/ranger_object_finder/ranger_nav/ros_ws/build/hls_lfcd_lds_driver': BASH=/bin/sh CMAKE_PREFIX_PATH=${CMAKE_PREFIX_PATH}:/afs/inf.ed.ac.uk/user/s22/s2281597/ranger_object_finder/ranger_nav/ros_ws/install/ranger_nav:/afs/inf.ed.ac.uk/user/s22/s2281597/ros_ws/install/socspioneer:/opt/ros/humble CONDA_PROMPT_MODIFIER=(base) TERM_PROGRAM=${TERM_PROGRAM}
BASH_FUNC_rvirsh%%=() {  KVMHOST=$1;
 shift;
 if [ "$KVMHOST" ]; then
 if [ "$KVMHOST" = "." ]; then
 URI="qemu:///system";
 else
 URI="qemu+ssh://$KVMHOST/system";
 fi;
 else
 URI="qemu:///system";
 fi;
 virsh --connect $URI $@
}
BASH_FUNC_ml%%=() {  module ml "$@"
}
BASH_FUNC_module%%=() {  eval `/usr/bin/tclsh8.6 /usr/lib/x86_64-linux-gnu/modulecmd.tcl bash "$@"`;
 _mlstatus=$?;
 return $_mlstatus
}
BASH_FUNC_resize%%=() {  eval `command resize`
}
BASH_FUNC_command_not_found_handle%%=() {  unset command_not_found_handle;
 if [[ "$IFS" != '
' ]]; then
 _command_not_found $*;
 fi;
 function dbg ()
 {
 [[ -n $CRICHTON_DEBUG ]] && echo $1 1>&2
 };
 SORT="/usr/bin/_SortBashRC";
 PATTERN='[0-9][0-9][0-9].*';
 if [[ -n $CRICHTON_DEBUG ]]; then
 modules=$($SORT $CRICHTON_SYS/$PATTERN $CRICHTON_USR/$PATTERN);
 else
 modules=$($SORT $CRICHTON_SYS/$PATTERN $CRICHTON_USR/$PATTERN 2>&-);
 fi;
 dbg "- Found $(/bin/echo $modules | /usr/bin/wc -w 2>&-) modules.";
 for mod in ${modules} _command_not_found;
 do
 dbg "-- $(/bin/basename $mod 2>&-)";
 CRICHTON_SYS=$CRICHTON_SYS CRICHTON_USR=$CRICHTON_USR "$mod" $*;
 exit=$?;
 dbg "[exit $exit]";
 [[ $exit == 255 ]] && {
 _command_not_found $1;
 break
 };
 [[ $exit == 0 ]] && break;
 done;
 return 127
}
BASH_FUNC_setpath%%=() {  if [ -f /usr/bin/pathfix ]; then
 pathfix_binary=/usr/bin/pathfix;
 else
 pathfix_binary=/usr/local/bin/pathfix;
 fi;
 new_PATH=`$pathfix_binary $@`;
 [ "$new_PATH" ] && PATH="$new_PATH";
 export PATH
}
BASH_FUNC__command_not_found%%=() {  echo "bash: $1: command not found" 1>&2
}
BASH_FUNC_colloq%%=() {  more /usr/local/alert/misc/coll
}
BASH_FUNC_gnu%%=() {  command gnu -u $LOGNAME $*
}
BASH_FUNC_purge%%=() {  rm -f *~ .*~ \#*\# tmp*
}
BASH_FUNC_setup%%=() {  source /usr/local/share/setup/setup.sh $*
} _=/usr/bin/env /usr/bin/cmake --install /afs/inf.ed.ac.uk/user/s22/s2281597/ranger_object_finder/ranger_nav/ros_ws/build/hls_lfcd_lds_driver
[0.567s] Level 1:colcon.colcon_core.environment:create_environment_scripts_only(hls_lfcd_lds_driver)
[0.568s] DEBUG:colcon.colcon_core.event_handler.log_command:Invoked command in '/afs/inf.ed.ac.uk/user/s22/s2281597/ranger_object_finder/ranger_nav/ros_ws/build/hls_lfcd_lds_driver' returned '0': BASH=/bin/sh CMAKE_PREFIX_PATH=${CMAKE_PREFIX_PATH}:/afs/inf.ed.ac.uk/user/s22/s2281597/ranger_object_finder/ranger_nav/ros_ws/install/ranger_nav:/afs/inf.ed.ac.uk/user/s22/s2281597/ros_ws/install/socspioneer:/opt/ros/humble CONDA_PROMPT_MODIFIER=(base) TERM_PROGRAM=${TERM_PROGRAM}
BASH_FUNC_rvirsh%%=() {  KVMHOST=$1;
 shift;
 if [ "$KVMHOST" ]; then
 if [ "$KVMHOST" = "." ]; then
 URI="qemu:///system";
 else
 URI="qemu+ssh://$KVMHOST/system";
 fi;
 else
 URI="qemu:///system";
 fi;
 virsh --connect $URI $@
}
BASH_FUNC_ml%%=() {  module ml "$@"
}
BASH_FUNC_module%%=() {  eval `/usr/bin/tclsh8.6 /usr/lib/x86_64-linux-gnu/modulecmd.tcl bash "$@"`;
 _mlstatus=$?;
 return $_mlstatus
}
BASH_FUNC_resize%%=() {  eval `command resize`
}
BASH_FUNC_command_not_found_handle%%=() {  unset command_not_found_handle;
 if [[ "$IFS" != '
' ]]; then
 _command_not_found $*;
 fi;
 function dbg ()
 {
 [[ -n $CRICHTON_DEBUG ]] && echo $1 1>&2
 };
 SORT="/usr/bin/_SortBashRC";
 PATTERN='[0-9][0-9][0-9].*';
 if [[ -n $CRICHTON_DEBUG ]]; then
 modules=$($SORT $CRICHTON_SYS/$PATTERN $CRICHTON_USR/$PATTERN);
 else
 modules=$($SORT $CRICHTON_SYS/$PATTERN $CRICHTON_USR/$PATTERN 2>&-);
 fi;
 dbg "- Found $(/bin/echo $modules | /usr/bin/wc -w 2>&-) modules.";
 for mod in ${modules} _command_not_found;
 do
 dbg "-- $(/bin/basename $mod 2>&-)";
 CRICHTON_SYS=$CRICHTON_SYS CRICHTON_USR=$CRICHTON_USR "$mod" $*;
 exit=$?;
 dbg "[exit $exit]";
 [[ $exit == 255 ]] && {
 _command_not_found $1;
 break
 };
 [[ $exit == 0 ]] && break;
 done;
 return 127
}
BASH_FUNC_setpath%%=() {  if [ -f /usr/bin/pathfix ]; then
 pathfix_binary=/usr/bin/pathfix;
 else
 pathfix_binary=/usr/local/bin/pathfix;
 fi;
 new_PATH=`$pathfix_binary $@`;
 [ "$new_PATH" ] && PATH="$new_PATH";
 export PATH
}
BASH_FUNC__command_not_found%%=() {  echo "bash: $1: command not found" 1>&2
}
BASH_FUNC_colloq%%=() {  more /usr/local/alert/misc/coll
}
BASH_FUNC_gnu%%=() {  command gnu -u $LOGNAME $*
}
BASH_FUNC_purge%%=() {  rm -f *~ .*~ \#*\# tmp*
}
BASH_FUNC_setup%%=() {  source /usr/local/share/setup/setup.sh $*
} _=/usr/bin/env /usr/bin/cmake --install /afs/inf.ed.ac.uk/user/s22/s2281597/ranger_object_finder/ranger_nav/ros_ws/build/hls_lfcd_lds_driver
[0.570s] Level 1:colcon.colcon_core.environment:checking '/afs/inf.ed.ac.uk/user/s22/s2281597/ranger_object_finder/ranger_nav/ros_ws/install/hls_lfcd_lds_driver' for CMake module files
[0.570s] Level 1:colcon.colcon_core.environment:checking '/afs/inf.ed.ac.uk/user/s22/s2281597/ranger_object_finder/ranger_nav/ros_ws/install/hls_lfcd_lds_driver' for CMake config files
[0.571s] Level 1:colcon.colcon_core.shell:create_environment_hook('hls_lfcd_lds_driver', 'cmake_prefix_path')
[0.571s] INFO:colcon.colcon_core.shell:Creating environment descriptor '/afs/inf.ed.ac.uk/user/s22/s2281597/ranger_object_finder/ranger_nav/ros_ws/install/hls_lfcd_lds_driver/share/hls_lfcd_lds_driver/hook/cmake_prefix_path.dsv'
[0.574s] INFO:colcon.colcon_core.shell:Creating environment hook '/afs/inf.ed.ac.uk/user/s22/s2281597/ranger_object_finder/ranger_nav/ros_ws/install/hls_lfcd_lds_driver/share/hls_lfcd_lds_driver/hook/cmake_prefix_path.sh'
[0.575s] Level 1:colcon.colcon_core.environment:checking '/afs/inf.ed.ac.uk/user/s22/s2281597/ranger_object_finder/ranger_nav/ros_ws/install/hls_lfcd_lds_driver/lib'
[0.576s] Level 1:colcon.colcon_core.environment:checking '/afs/inf.ed.ac.uk/user/s22/s2281597/ranger_object_finder/ranger_nav/ros_ws/install/hls_lfcd_lds_driver/bin'
[0.576s] Level 1:colcon.colcon_core.environment:checking '/afs/inf.ed.ac.uk/user/s22/s2281597/ranger_object_finder/ranger_nav/ros_ws/install/hls_lfcd_lds_driver/lib/pkgconfig/hls_lfcd_lds_driver.pc'
[0.576s] Level 1:colcon.colcon_core.environment:checking '/afs/inf.ed.ac.uk/user/s22/s2281597/ranger_object_finder/ranger_nav/ros_ws/install/hls_lfcd_lds_driver/lib/python3.10/site-packages'
[0.577s] Level 1:colcon.colcon_core.environment:checking '/afs/inf.ed.ac.uk/user/s22/s2281597/ranger_object_finder/ranger_nav/ros_ws/install/hls_lfcd_lds_driver/bin'
[0.577s] INFO:colcon.colcon_core.shell:Creating package descriptor '/afs/inf.ed.ac.uk/user/s22/s2281597/ranger_object_finder/ranger_nav/ros_ws/install/hls_lfcd_lds_driver/share/hls_lfcd_lds_driver/package.dsv'
[0.582s] INFO:colcon.colcon_core.shell:Creating package script '/afs/inf.ed.ac.uk/user/s22/s2281597/ranger_object_finder/ranger_nav/ros_ws/install/hls_lfcd_lds_driver/share/hls_lfcd_lds_driver/package.sh'
[0.588s] Level 1:colcon.colcon_core.environment:create_file_with_runtime_dependencies(/afs/inf.ed.ac.uk/user/s22/s2281597/ranger_object_finder/ranger_nav/ros_ws/install/hls_lfcd_lds_driver/share/colcon-core/packages/hls_lfcd_lds_driver)
[0.668s] Level 1:colcon.colcon_core.environment:create_environment_scripts_only(hls_lfcd_lds_driver)
[0.669s] Level 1:colcon.colcon_core.environment:checking '/afs/inf.ed.ac.uk/user/s22/s2281597/ranger_object_finder/ranger_nav/ros_ws/install/hls_lfcd_lds_driver' for CMake module files
[0.669s] Level 1:colcon.colcon_core.environment:checking '/afs/inf.ed.ac.uk/user/s22/s2281597/ranger_object_finder/ranger_nav/ros_ws/install/hls_lfcd_lds_driver' for CMake config files
[0.670s] Level 1:colcon.colcon_core.shell:create_environment_hook('hls_lfcd_lds_driver', 'cmake_prefix_path')
[0.670s] INFO:colcon.colcon_core.shell:Creating environment descriptor '/afs/inf.ed.ac.uk/user/s22/s2281597/ranger_object_finder/ranger_nav/ros_ws/install/hls_lfcd_lds_driver/share/hls_lfcd_lds_driver/hook/cmake_prefix_path.dsv'
[0.675s] INFO:colcon.colcon_core.shell:Creating environment hook '/afs/inf.ed.ac.uk/user/s22/s2281597/ranger_object_finder/ranger_nav/ros_ws/install/hls_lfcd_lds_driver/share/hls_lfcd_lds_driver/hook/cmake_prefix_path.sh'
[0.679s] Level 1:colcon.colcon_core.environment:checking '/afs/inf.ed.ac.uk/user/s22/s2281597/ranger_object_finder/ranger_nav/ros_ws/install/hls_lfcd_lds_driver/lib'
[0.679s] Level 1:colcon.colcon_core.environment:checking '/afs/inf.ed.ac.uk/user/s22/s2281597/ranger_object_finder/ranger_nav/ros_ws/install/hls_lfcd_lds_driver/bin'
[0.679s] Level 1:colcon.colcon_core.environment:checking '/afs/inf.ed.ac.uk/user/s22/s2281597/ranger_object_finder/ranger_nav/ros_ws/install/hls_lfcd_lds_driver/lib/pkgconfig/hls_lfcd_lds_driver.pc'
[0.679s] Level 1:colcon.colcon_core.environment:checking '/afs/inf.ed.ac.uk/user/s22/s2281597/ranger_object_finder/ranger_nav/ros_ws/install/hls_lfcd_lds_driver/lib/python3.10/site-packages'
[0.679s] Level 1:colcon.colcon_core.environment:checking '/afs/inf.ed.ac.uk/user/s22/s2281597/ranger_object_finder/ranger_nav/ros_ws/install/hls_lfcd_lds_driver/bin'
[0.680s] INFO:colcon.colcon_core.shell:Creating package descriptor '/afs/inf.ed.ac.uk/user/s22/s2281597/ranger_object_finder/ranger_nav/ros_ws/install/hls_lfcd_lds_driver/share/hls_lfcd_lds_driver/package.dsv'
[0.681s] INFO:colcon.colcon_core.shell:Creating package script '/afs/inf.ed.ac.uk/user/s22/s2281597/ranger_object_finder/ranger_nav/ros_ws/install/hls_lfcd_lds_driver/share/hls_lfcd_lds_driver/package.sh'
[0.683s] Level 1:colcon.colcon_core.environment:create_file_with_runtime_dependencies(/afs/inf.ed.ac.uk/user/s22/s2281597/ranger_object_finder/ranger_nav/ros_ws/install/hls_lfcd_lds_driver/share/colcon-core/packages/hls_lfcd_lds_driver)
[0.687s] DEBUG:colcon.colcon_core.executor.sequential:run_until_complete 'hls_lfcd_lds_driver' finished with '0'
[0.687s] DEBUG:colcon.colcon_core.executor.sequential:run_until_complete 'openslam_gmapping'
[0.687s] INFO:colcon.colcon_ros.task.ament_cmake.build:Building ROS package in '/afs/inf.ed.ac.uk/user/s22/s2281597/ranger_object_finder/ranger_nav/ros_ws/src/slam_gmapping/openslam_gmapping' with build type 'ament_cmake'
[0.687s] INFO:colcon.colcon_cmake.task.cmake.build:Building CMake package in '/afs/inf.ed.ac.uk/user/s22/s2281597/ranger_object_finder/ranger_nav/ros_ws/src/slam_gmapping/openslam_gmapping'
[0.687s] DEBUG:colcon.colcon_core.shell:Skip shell extension 'dsv' for command environment
[0.709s] DEBUG:colcon.colcon_core.event_handler.log_command:Invoking command in '/afs/inf.ed.ac.uk/user/s22/s2281597/ranger_object_finder/ranger_nav/ros_ws/build/openslam_gmapping': BASH=/bin/sh CMAKE_PREFIX_PATH=${CMAKE_PREFIX_PATH}:/afs/inf.ed.ac.uk/user/s22/s2281597/ranger_object_finder/ranger_nav/ros_ws/install/ranger_nav:/afs/inf.ed.ac.uk/user/s22/s2281597/ros_ws/install/socspioneer:/opt/ros/humble CONDA_PROMPT_MODIFIER=(base) TERM_PROGRAM=${TERM_PROGRAM}
BASH_FUNC_rvirsh%%=() {  KVMHOST=$1;
 shift;
 if [ "$KVMHOST" ]; then
 if [ "$KVMHOST" = "." ]; then
 URI="qemu:///system";
 else
 URI="qemu+ssh://$KVMHOST/system";
 fi;
 else
 URI="qemu:///system";
 fi;
 virsh --connect $URI $@
}
BASH_FUNC_ml%%=() {  module ml "$@"
}
BASH_FUNC_module%%=() {  eval `/usr/bin/tclsh8.6 /usr/lib/x86_64-linux-gnu/modulecmd.tcl bash "$@"`;
 _mlstatus=$?;
 return $_mlstatus
}
BASH_FUNC_resize%%=() {  eval `command resize`
}
BASH_FUNC_command_not_found_handle%%=() {  unset command_not_found_handle;
 if [[ "$IFS" != '
' ]]; then
 _command_not_found $*;
 fi;
 function dbg ()
 {
 [[ -n $CRICHTON_DEBUG ]] && echo $1 1>&2
 };
 SORT="/usr/bin/_SortBashRC";
 PATTERN='[0-9][0-9][0-9].*';
 if [[ -n $CRICHTON_DEBUG ]]; then
 modules=$($SORT $CRICHTON_SYS/$PATTERN $CRICHTON_USR/$PATTERN);
 else
 modules=$($SORT $CRICHTON_SYS/$PATTERN $CRICHTON_USR/$PATTERN 2>&-);
 fi;
 dbg "- Found $(/bin/echo $modules | /usr/bin/wc -w 2>&-) modules.";
 for mod in ${modules} _command_not_found;
 do
 dbg "-- $(/bin/basename $mod 2>&-)";
 CRICHTON_SYS=$CRICHTON_SYS CRICHTON_USR=$CRICHTON_USR "$mod" $*;
 exit=$?;
 dbg "[exit $exit]";
 [[ $exit == 255 ]] && {
 _command_not_found $1;
 break
 };
 [[ $exit == 0 ]] && break;
 done;
 return 127
}
BASH_FUNC_setpath%%=() {  if [ -f /usr/bin/pathfix ]; then
 pathfix_binary=/usr/bin/pathfix;
 else
 pathfix_binary=/usr/local/bin/pathfix;
 fi;
 new_PATH=`$pathfix_binary $@`;
 [ "$new_PATH" ] && PATH="$new_PATH";
 export PATH
}
BASH_FUNC__command_not_found%%=() {  echo "bash: $1: command not found" 1>&2
}
BASH_FUNC_colloq%%=() {  more /usr/local/alert/misc/coll
}
BASH_FUNC_gnu%%=() {  command gnu -u $LOGNAME $*
}
BASH_FUNC_purge%%=() {  rm -f *~ .*~ \#*\# tmp*
}
BASH_FUNC_setup%%=() {  source /usr/local/share/setup/setup.sh $*
} _=/usr/bin/env /usr/bin/cmake --build /afs/inf.ed.ac.uk/user/s22/s2281597/ranger_object_finder/ranger_nav/ros_ws/build/openslam_gmapping -- -j12 -l12
[1.102s] DEBUG:colcon.colcon_core.event_handler.log_command:Invoked command in '/afs/inf.ed.ac.uk/user/s22/s2281597/ranger_object_finder/ranger_nav/ros_ws/build/openslam_gmapping' returned '0': BASH=/bin/sh CMAKE_PREFIX_PATH=${CMAKE_PREFIX_PATH}:/afs/inf.ed.ac.uk/user/s22/s2281597/ranger_object_finder/ranger_nav/ros_ws/install/ranger_nav:/afs/inf.ed.ac.uk/user/s22/s2281597/ros_ws/install/socspioneer:/opt/ros/humble CONDA_PROMPT_MODIFIER=(base) TERM_PROGRAM=${TERM_PROGRAM}
BASH_FUNC_rvirsh%%=() {  KVMHOST=$1;
 shift;
 if [ "$KVMHOST" ]; then
 if [ "$KVMHOST" = "." ]; then
 URI="qemu:///system";
 else
 URI="qemu+ssh://$KVMHOST/system";
 fi;
 else
 URI="qemu:///system";
 fi;
 virsh --connect $URI $@
}
BASH_FUNC_ml%%=() {  module ml "$@"
}
BASH_FUNC_module%%=() {  eval `/usr/bin/tclsh8.6 /usr/lib/x86_64-linux-gnu/modulecmd.tcl bash "$@"`;
 _mlstatus=$?;
 return $_mlstatus
}
BASH_FUNC_resize%%=() {  eval `command resize`
}
BASH_FUNC_command_not_found_handle%%=() {  unset command_not_found_handle;
 if [[ "$IFS" != '
' ]]; then
 _command_not_found $*;
 fi;
 function dbg ()
 {
 [[ -n $CRICHTON_DEBUG ]] && echo $1 1>&2
 };
 SORT="/usr/bin/_SortBashRC";
 PATTERN='[0-9][0-9][0-9].*';
 if [[ -n $CRICHTON_DEBUG ]]; then
 modules=$($SORT $CRICHTON_SYS/$PATTERN $CRICHTON_USR/$PATTERN);
 else
 modules=$($SORT $CRICHTON_SYS/$PATTERN $CRICHTON_USR/$PATTERN 2>&-);
 fi;
 dbg "- Found $(/bin/echo $modules | /usr/bin/wc -w 2>&-) modules.";
 for mod in ${modules} _command_not_found;
 do
 dbg "-- $(/bin/basename $mod 2>&-)";
 CRICHTON_SYS=$CRICHTON_SYS CRICHTON_USR=$CRICHTON_USR "$mod" $*;
 exit=$?;
 dbg "[exit $exit]";
 [[ $exit == 255 ]] && {
 _command_not_found $1;
 break
 };
 [[ $exit == 0 ]] && break;
 done;
 return 127
}
BASH_FUNC_setpath%%=() {  if [ -f /usr/bin/pathfix ]; then
 pathfix_binary=/usr/bin/pathfix;
 else
 pathfix_binary=/usr/local/bin/pathfix;
 fi;
 new_PATH=`$pathfix_binary $@`;
 [ "$new_PATH" ] && PATH="$new_PATH";
 export PATH
}
BASH_FUNC__command_not_found%%=() {  echo "bash: $1: command not found" 1>&2
}
BASH_FUNC_colloq%%=() {  more /usr/local/alert/misc/coll
}
BASH_FUNC_gnu%%=() {  command gnu -u $LOGNAME $*
}
BASH_FUNC_purge%%=() {  rm -f *~ .*~ \#*\# tmp*
}
BASH_FUNC_setup%%=() {  source /usr/local/share/setup/setup.sh $*
} _=/usr/bin/env /usr/bin/cmake --build /afs/inf.ed.ac.uk/user/s22/s2281597/ranger_object_finder/ranger_nav/ros_ws/build/openslam_gmapping -- -j12 -l12
[1.213s] DEBUG:colcon.colcon_core.event_handler.log_command:Invoking command in '/afs/inf.ed.ac.uk/user/s22/s2281597/ranger_object_finder/ranger_nav/ros_ws/build/openslam_gmapping': BASH=/bin/sh CMAKE_PREFIX_PATH=${CMAKE_PREFIX_PATH}:/afs/inf.ed.ac.uk/user/s22/s2281597/ranger_object_finder/ranger_nav/ros_ws/install/ranger_nav:/afs/inf.ed.ac.uk/user/s22/s2281597/ros_ws/install/socspioneer:/opt/ros/humble CONDA_PROMPT_MODIFIER=(base) TERM_PROGRAM=${TERM_PROGRAM}
BASH_FUNC_rvirsh%%=() {  KVMHOST=$1;
 shift;
 if [ "$KVMHOST" ]; then
 if [ "$KVMHOST" = "." ]; then
 URI="qemu:///system";
 else
 URI="qemu+ssh://$KVMHOST/system";
 fi;
 else
 URI="qemu:///system";
 fi;
 virsh --connect $URI $@
}
BASH_FUNC_ml%%=() {  module ml "$@"
}
BASH_FUNC_module%%=() {  eval `/usr/bin/tclsh8.6 /usr/lib/x86_64-linux-gnu/modulecmd.tcl bash "$@"`;
 _mlstatus=$?;
 return $_mlstatus
}
BASH_FUNC_resize%%=() {  eval `command resize`
}
BASH_FUNC_command_not_found_handle%%=() {  unset command_not_found_handle;
 if [[ "$IFS" != '
' ]]; then
 _command_not_found $*;
 fi;
 function dbg ()
 {
 [[ -n $CRICHTON_DEBUG ]] && echo $1 1>&2
 };
 SORT="/usr/bin/_SortBashRC";
 PATTERN='[0-9][0-9][0-9].*';
 if [[ -n $CRICHTON_DEBUG ]]; then
 modules=$($SORT $CRICHTON_SYS/$PATTERN $CRICHTON_USR/$PATTERN);
 else
 modules=$($SORT $CRICHTON_SYS/$PATTERN $CRICHTON_USR/$PATTERN 2>&-);
 fi;
 dbg "- Found $(/bin/echo $modules | /usr/bin/wc -w 2>&-) modules.";
 for mod in ${modules} _command_not_found;
 do
 dbg "-- $(/bin/basename $mod 2>&-)";
 CRICHTON_SYS=$CRICHTON_SYS CRICHTON_USR=$CRICHTON_USR "$mod" $*;
 exit=$?;
 dbg "[exit $exit]";
 [[ $exit == 255 ]] && {
 _command_not_found $1;
 break
 };
 [[ $exit == 0 ]] && break;
 done;
 return 127
}
BASH_FUNC_setpath%%=() {  if [ -f /usr/bin/pathfix ]; then
 pathfix_binary=/usr/bin/pathfix;
 else
 pathfix_binary=/usr/local/bin/pathfix;
 fi;
 new_PATH=`$pathfix_binary $@`;
 [ "$new_PATH" ] && PATH="$new_PATH";
 export PATH
}
BASH_FUNC__command_not_found%%=() {  echo "bash: $1: command not found" 1>&2
}
BASH_FUNC_colloq%%=() {  more /usr/local/alert/misc/coll
}
BASH_FUNC_gnu%%=() {  command gnu -u $LOGNAME $*
}
BASH_FUNC_purge%%=() {  rm -f *~ .*~ \#*\# tmp*
}
BASH_FUNC_setup%%=() {  source /usr/local/share/setup/setup.sh $*
} _=/usr/bin/env /usr/bin/cmake --install /afs/inf.ed.ac.uk/user/s22/s2281597/ranger_object_finder/ranger_nav/ros_ws/build/openslam_gmapping
[1.446s] Level 1:colcon.colcon_core.environment:create_environment_scripts_only(openslam_gmapping)
[1.446s] DEBUG:colcon.colcon_core.event_handler.log_command:Invoked command in '/afs/inf.ed.ac.uk/user/s22/s2281597/ranger_object_finder/ranger_nav/ros_ws/build/openslam_gmapping' returned '0': BASH=/bin/sh CMAKE_PREFIX_PATH=${CMAKE_PREFIX_PATH}:/afs/inf.ed.ac.uk/user/s22/s2281597/ranger_object_finder/ranger_nav/ros_ws/install/ranger_nav:/afs/inf.ed.ac.uk/user/s22/s2281597/ros_ws/install/socspioneer:/opt/ros/humble CONDA_PROMPT_MODIFIER=(base) TERM_PROGRAM=${TERM_PROGRAM}
BASH_FUNC_rvirsh%%=() {  KVMHOST=$1;
 shift;
 if [ "$KVMHOST" ]; then
 if [ "$KVMHOST" = "." ]; then
 URI="qemu:///system";
 else
 URI="qemu+ssh://$KVMHOST/system";
 fi;
 else
 URI="qemu:///system";
 fi;
 virsh --connect $URI $@
}
BASH_FUNC_ml%%=() {  module ml "$@"
}
BASH_FUNC_module%%=() {  eval `/usr/bin/tclsh8.6 /usr/lib/x86_64-linux-gnu/modulecmd.tcl bash "$@"`;
 _mlstatus=$?;
 return $_mlstatus
}
BASH_FUNC_resize%%=() {  eval `command resize`
}
BASH_FUNC_command_not_found_handle%%=() {  unset command_not_found_handle;
 if [[ "$IFS" != '
' ]]; then
 _command_not_found $*;
 fi;
 function dbg ()
 {
 [[ -n $CRICHTON_DEBUG ]] && echo $1 1>&2
 };
 SORT="/usr/bin/_SortBashRC";
 PATTERN='[0-9][0-9][0-9].*';
 if [[ -n $CRICHTON_DEBUG ]]; then
 modules=$($SORT $CRICHTON_SYS/$PATTERN $CRICHTON_USR/$PATTERN);
 else
 modules=$($SORT $CRICHTON_SYS/$PATTERN $CRICHTON_USR/$PATTERN 2>&-);
 fi;
 dbg "- Found $(/bin/echo $modules | /usr/bin/wc -w 2>&-) modules.";
 for mod in ${modules} _command_not_found;
 do
 dbg "-- $(/bin/basename $mod 2>&-)";
 CRICHTON_SYS=$CRICHTON_SYS CRICHTON_USR=$CRICHTON_USR "$mod" $*;
 exit=$?;
 dbg "[exit $exit]";
 [[ $exit == 255 ]] && {
 _command_not_found $1;
 break
 };
 [[ $exit == 0 ]] && break;
 done;
 return 127
}
BASH_FUNC_setpath%%=() {  if [ -f /usr/bin/pathfix ]; then
 pathfix_binary=/usr/bin/pathfix;
 else
 pathfix_binary=/usr/local/bin/pathfix;
 fi;
 new_PATH=`$pathfix_binary $@`;
 [ "$new_PATH" ] && PATH="$new_PATH";
 export PATH
}
BASH_FUNC__command_not_found%%=() {  echo "bash: $1: command not found" 1>&2
}
BASH_FUNC_colloq%%=() {  more /usr/local/alert/misc/coll
}
BASH_FUNC_gnu%%=() {  command gnu -u $LOGNAME $*
}
BASH_FUNC_purge%%=() {  rm -f *~ .*~ \#*\# tmp*
}
BASH_FUNC_setup%%=() {  source /usr/local/share/setup/setup.sh $*
} _=/usr/bin/env /usr/bin/cmake --install /afs/inf.ed.ac.uk/user/s22/s2281597/ranger_object_finder/ranger_nav/ros_ws/build/openslam_gmapping
[1.446s] Level 1:colcon.colcon_core.environment:checking '/afs/inf.ed.ac.uk/user/s22/s2281597/ranger_object_finder/ranger_nav/ros_ws/install/openslam_gmapping' for CMake module files
[1.447s] Level 1:colcon.colcon_core.environment:checking '/afs/inf.ed.ac.uk/user/s22/s2281597/ranger_object_finder/ranger_nav/ros_ws/install/openslam_gmapping' for CMake config files
[1.448s] Level 1:colcon.colcon_core.shell:create_environment_hook('openslam_gmapping', 'cmake_prefix_path')
[1.448s] INFO:colcon.colcon_core.shell:Creating environment descriptor '/afs/inf.ed.ac.uk/user/s22/s2281597/ranger_object_finder/ranger_nav/ros_ws/install/openslam_gmapping/share/openslam_gmapping/hook/cmake_prefix_path.dsv'
[1.451s] INFO:colcon.colcon_core.shell:Creating environment hook '/afs/inf.ed.ac.uk/user/s22/s2281597/ranger_object_finder/ranger_nav/ros_ws/install/openslam_gmapping/share/openslam_gmapping/hook/cmake_prefix_path.sh'
[1.455s] Level 1:colcon.colcon_core.environment:checking '/afs/inf.ed.ac.uk/user/s22/s2281597/ranger_object_finder/ranger_nav/ros_ws/install/openslam_gmapping/lib'
[1.455s] Level 1:colcon.colcon_core.environment:checking '/afs/inf.ed.ac.uk/user/s22/s2281597/ranger_object_finder/ranger_nav/ros_ws/install/openslam_gmapping/bin'
[1.456s] Level 1:colcon.colcon_core.environment:checking '/afs/inf.ed.ac.uk/user/s22/s2281597/ranger_object_finder/ranger_nav/ros_ws/install/openslam_gmapping/lib/pkgconfig/openslam_gmapping.pc'
[1.456s] Level 1:colcon.colcon_core.environment:checking '/afs/inf.ed.ac.uk/user/s22/s2281597/ranger_object_finder/ranger_nav/ros_ws/install/openslam_gmapping/lib/python3.10/site-packages'
[1.456s] Level 1:colcon.colcon_core.environment:checking '/afs/inf.ed.ac.uk/user/s22/s2281597/ranger_object_finder/ranger_nav/ros_ws/install/openslam_gmapping/bin'
[1.456s] INFO:colcon.colcon_core.shell:Creating package descriptor '/afs/inf.ed.ac.uk/user/s22/s2281597/ranger_object_finder/ranger_nav/ros_ws/install/openslam_gmapping/share/openslam_gmapping/package.dsv'
[1.459s] INFO:colcon.colcon_core.shell:Creating package script '/afs/inf.ed.ac.uk/user/s22/s2281597/ranger_object_finder/ranger_nav/ros_ws/install/openslam_gmapping/share/openslam_gmapping/package.sh'
[1.464s] Level 1:colcon.colcon_core.environment:create_file_with_runtime_dependencies(/afs/inf.ed.ac.uk/user/s22/s2281597/ranger_object_finder/ranger_nav/ros_ws/install/openslam_gmapping/share/colcon-core/packages/openslam_gmapping)
[1.503s] Level 1:colcon.colcon_core.environment:create_environment_scripts_only(openslam_gmapping)
[1.504s] Level 1:colcon.colcon_core.environment:checking '/afs/inf.ed.ac.uk/user/s22/s2281597/ranger_object_finder/ranger_nav/ros_ws/install/openslam_gmapping' for CMake module files
[1.504s] Level 1:colcon.colcon_core.environment:checking '/afs/inf.ed.ac.uk/user/s22/s2281597/ranger_object_finder/ranger_nav/ros_ws/install/openslam_gmapping' for CMake config files
[1.505s] Level 1:colcon.colcon_core.shell:create_environment_hook('openslam_gmapping', 'cmake_prefix_path')
[1.505s] INFO:colcon.colcon_core.shell:Creating environment descriptor '/afs/inf.ed.ac.uk/user/s22/s2281597/ranger_object_finder/ranger_nav/ros_ws/install/openslam_gmapping/share/openslam_gmapping/hook/cmake_prefix_path.dsv'
[1.509s] INFO:colcon.colcon_core.shell:Creating environment hook '/afs/inf.ed.ac.uk/user/s22/s2281597/ranger_object_finder/ranger_nav/ros_ws/install/openslam_gmapping/share/openslam_gmapping/hook/cmake_prefix_path.sh'
[1.513s] Level 1:colcon.colcon_core.environment:checking '/afs/inf.ed.ac.uk/user/s22/s2281597/ranger_object_finder/ranger_nav/ros_ws/install/openslam_gmapping/lib'
[1.513s] Level 1:colcon.colcon_core.environment:checking '/afs/inf.ed.ac.uk/user/s22/s2281597/ranger_object_finder/ranger_nav/ros_ws/install/openslam_gmapping/bin'
[1.513s] Level 1:colcon.colcon_core.environment:checking '/afs/inf.ed.ac.uk/user/s22/s2281597/ranger_object_finder/ranger_nav/ros_ws/install/openslam_gmapping/lib/pkgconfig/openslam_gmapping.pc'
[1.513s] Level 1:colcon.colcon_core.environment:checking '/afs/inf.ed.ac.uk/user/s22/s2281597/ranger_object_finder/ranger_nav/ros_ws/install/openslam_gmapping/lib/python3.10/site-packages'
[1.513s] Level 1:colcon.colcon_core.environment:checking '/afs/inf.ed.ac.uk/user/s22/s2281597/ranger_object_finder/ranger_nav/ros_ws/install/openslam_gmapping/bin'
[1.514s] INFO:colcon.colcon_core.shell:Creating package descriptor '/afs/inf.ed.ac.uk/user/s22/s2281597/ranger_object_finder/ranger_nav/ros_ws/install/openslam_gmapping/share/openslam_gmapping/package.dsv'
[1.517s] INFO:colcon.colcon_core.shell:Creating package script '/afs/inf.ed.ac.uk/user/s22/s2281597/ranger_object_finder/ranger_nav/ros_ws/install/openslam_gmapping/share/openslam_gmapping/package.sh'
[1.523s] Level 1:colcon.colcon_core.environment:create_file_with_runtime_dependencies(/afs/inf.ed.ac.uk/user/s22/s2281597/ranger_object_finder/ranger_nav/ros_ws/install/openslam_gmapping/share/colcon-core/packages/openslam_gmapping)
[1.525s] DEBUG:colcon.colcon_core.executor.sequential:run_until_complete 'openslam_gmapping' finished with '0'
[1.525s] DEBUG:colcon.colcon_core.executor.sequential:run_until_complete 'ranger_nav'
[1.525s] INFO:colcon.colcon_ros.task.ament_python.build:Building ROS package in '/afs/inf.ed.ac.uk/user/s22/s2281597/ranger_object_finder/ranger_nav/ros_ws/src/ranger_nav' with build type 'ament_python'
[1.525s] Level 1:colcon.colcon_core.shell:create_environment_hook('ranger_nav', 'ament_prefix_path')
[1.526s] INFO:colcon.colcon_core.shell:Creating environment descriptor '/afs/inf.ed.ac.uk/user/s22/s2281597/ranger_object_finder/ranger_nav/ros_ws/install/ranger_nav/share/ranger_nav/hook/ament_prefix_path.dsv'
[1.529s] INFO:colcon.colcon_core.shell:Creating environment hook '/afs/inf.ed.ac.uk/user/s22/s2281597/ranger_object_finder/ranger_nav/ros_ws/install/ranger_nav/share/ranger_nav/hook/ament_prefix_path.sh'
[1.533s] DEBUG:colcon.colcon_core.shell:Skip shell extension 'dsv' for command environment
[1.847s] INFO:colcon.colcon_core.task.python.build:Building Python package in '/afs/inf.ed.ac.uk/user/s22/s2281597/ranger_object_finder/ranger_nav/ros_ws/src/ranger_nav'
[1.847s] DEBUG:colcon.colcon_core.shell:Skip shell extension 'dsv' for command environment
[2.323s] DEBUG:colcon.colcon_core.event_handler.log_command:Invoking command in '/afs/inf.ed.ac.uk/user/s22/s2281597/ranger_object_finder/ranger_nav/ros_ws/build/ranger_nav': BASH=/bin/sh CMAKE_PREFIX_PATH=/afs/inf.ed.ac.uk/user/s22/s2281597/ranger_object_finder/ranger_nav/ros_ws/install/openslam_gmapping:/afs/inf.ed.ac.uk/user/s22/s2281597/ranger_object_finder/ranger_nav/ros_ws/install/slam_gmapping:/afs/inf.ed.ac.uk/user/s22/s2281597/ranger_object_finder/ranger_nav/ros_ws/install/hls_lfcd_lds_driver:/afs/inf.ed.ac.uk/user/s22/s2281597/ros_ws/install/stage_ros2:/afs/inf.ed.ac.uk/user/s22/s2281597/ros_ws/install/pf_localisation:/afs/inf.ed.ac.uk/user/s22/s2281597/ros_ws/install/Stage CONDA_PROMPT_MODIFIER=(base) PYTHONPATH=/afs/inf.ed.ac.uk/user/s22/s2281597/ranger_object_finder/ranger_nav/ros_ws/build/ranger_nav/prefix_override:/usr/lib/python3/dist-packages/colcon_core/task/python/colcon_distutils_commands:/afs/inf.ed.ac.uk/user/s22/s2281597/ranger_object_finder/ranger_nav/ros_ws/install/ranger_nav/lib/python3.10/site-packages:${PYTHONPATH} TERM_PROGRAM=${TERM_PROGRAM}
BASH_FUNC_rvirsh%%=() {  KVMHOST=$1;
 shift;
 if [ "$KVMHOST" ]; then
 if [ "$KVMHOST" = "." ]; then
 URI="qemu:///system";
 else
 URI="qemu+ssh://$KVMHOST/system";
 fi;
 else
 URI="qemu:///system";
 fi;
 virsh --connect $URI $@
}
BASH_FUNC_ml%%=() {  module ml "$@"
}
BASH_FUNC_module%%=() {  eval `/usr/bin/tclsh8.6 /usr/lib/x86_64-linux-gnu/modulecmd.tcl bash "$@"`;
 _mlstatus=$?;
 return $_mlstatus
}
BASH_FUNC_resize%%=() {  eval `command resize`
}
BASH_FUNC_command_not_found_handle%%=() {  unset command_not_found_handle;
 if [[ "$IFS" != '
' ]]; then
 _command_not_found $*;
 fi;
 function dbg ()
 {
 [[ -n $CRICHTON_DEBUG ]] && echo $1 1>&2
 };
 SORT="/usr/bin/_SortBashRC";
 PATTERN='[0-9][0-9][0-9].*';
 if [[ -n $CRICHTON_DEBUG ]]; then
 modules=$($SORT $CRICHTON_SYS/$PATTERN $CRICHTON_USR/$PATTERN);
 else
 modules=$($SORT $CRICHTON_SYS/$PATTERN $CRICHTON_USR/$PATTERN 2>&-);
 fi;
 dbg "- Found $(/bin/echo $modules | /usr/bin/wc -w 2>&-) modules.";
 for mod in ${modules} _command_not_found;
 do
 dbg "-- $(/bin/basename $mod 2>&-)";
 CRICHTON_SYS=$CRICHTON_SYS CRICHTON_USR=$CRICHTON_USR "$mod" $*;
 exit=$?;
 dbg "[exit $exit]";
 [[ $exit == 255 ]] && {
 _command_not_found $1;
 break
 };
 [[ $exit == 0 ]] && break;
 done;
 return 127
}
BASH_FUNC_setpath%%=() {  if [ -f /usr/bin/pathfix ]; then
 pathfix_binary=/usr/bin/pathfix;
 else
 pathfix_binary=/usr/local/bin/pathfix;
 fi;
 new_PATH=`$pathfix_binary $@`;
 [ "$new_PATH" ] && PATH="$new_PATH";
 export PATH
}
BASH_FUNC__command_not_found%%=() {  echo "bash: $1: command not found" 1>&2
}
BASH_FUNC_colloq%%=() {  more /usr/local/alert/misc/coll
}
BASH_FUNC_gnu%%=() {  command gnu -u $LOGNAME $*
}
BASH_FUNC_purge%%=() {  rm -f *~ .*~ \#*\# tmp*
}
BASH_FUNC_setup%%=() {  source /usr/local/share/setup/setup.sh $*
} _=/usr/bin/env /usr/bin/python3 -W ignore:setup.py install is deprecated setup.py develop --editable --build-directory /afs/inf.ed.ac.uk/user/s22/s2281597/ranger_object_finder/ranger_nav/ros_ws/build/ranger_nav/build --no-deps symlink_data
[2.898s] Level 1:colcon.colcon_core.shell:create_environment_hook('ranger_nav', 'pythonpath_develop')
[2.898s] INFO:colcon.colcon_core.shell:Creating environment descriptor '/afs/inf.ed.ac.uk/user/s22/s2281597/ranger_object_finder/ranger_nav/ros_ws/build/ranger_nav/share/ranger_nav/hook/pythonpath_develop.dsv'
[2.898s] DEBUG:colcon.colcon_core.event_handler.log_command:Invoked command in '/afs/inf.ed.ac.uk/user/s22/s2281597/ranger_object_finder/ranger_nav/ros_ws/build/ranger_nav' returned '0': BASH=/bin/sh CMAKE_PREFIX_PATH=/afs/inf.ed.ac.uk/user/s22/s2281597/ranger_object_finder/ranger_nav/ros_ws/install/openslam_gmapping:/afs/inf.ed.ac.uk/user/s22/s2281597/ranger_object_finder/ranger_nav/ros_ws/install/slam_gmapping:/afs/inf.ed.ac.uk/user/s22/s2281597/ranger_object_finder/ranger_nav/ros_ws/install/hls_lfcd_lds_driver:/afs/inf.ed.ac.uk/user/s22/s2281597/ros_ws/install/stage_ros2:/afs/inf.ed.ac.uk/user/s22/s2281597/ros_ws/install/pf_localisation:/afs/inf.ed.ac.uk/user/s22/s2281597/ros_ws/install/Stage CONDA_PROMPT_MODIFIER=(base) PYTHONPATH=/afs/inf.ed.ac.uk/user/s22/s2281597/ranger_object_finder/ranger_nav/ros_ws/build/ranger_nav/prefix_override:/usr/lib/python3/dist-packages/colcon_core/task/python/colcon_distutils_commands:/afs/inf.ed.ac.uk/user/s22/s2281597/ranger_object_finder/ranger_nav/ros_ws/install/ranger_nav/lib/python3.10/site-packages:${PYTHONPATH} TERM_PROGRAM=${TERM_PROGRAM}
BASH_FUNC_rvirsh%%=() {  KVMHOST=$1;
 shift;
 if [ "$KVMHOST" ]; then
 if [ "$KVMHOST" = "." ]; then
 URI="qemu:///system";
 else
 URI="qemu+ssh://$KVMHOST/system";
 fi;
 else
 URI="qemu:///system";
 fi;
 virsh --connect $URI $@
}
BASH_FUNC_ml%%=() {  module ml "$@"
}
BASH_FUNC_module%%=() {  eval `/usr/bin/tclsh8.6 /usr/lib/x86_64-linux-gnu/modulecmd.tcl bash "$@"`;
 _mlstatus=$?;
 return $_mlstatus
}
BASH_FUNC_resize%%=() {  eval `command resize`
}
BASH_FUNC_command_not_found_handle%%=() {  unset command_not_found_handle;
 if [[ "$IFS" != '
' ]]; then
 _command_not_found $*;
 fi;
 function dbg ()
 {
 [[ -n $CRICHTON_DEBUG ]] && echo $1 1>&2
 };
 SORT="/usr/bin/_SortBashRC";
 PATTERN='[0-9][0-9][0-9].*';
 if [[ -n $CRICHTON_DEBUG ]]; then
 modules=$($SORT $CRICHTON_SYS/$PATTERN $CRICHTON_USR/$PATTERN);
 else
 modules=$($SORT $CRICHTON_SYS/$PATTERN $CRICHTON_USR/$PATTERN 2>&-);
 fi;
 dbg "- Found $(/bin/echo $modules | /usr/bin/wc -w 2>&-) modules.";
 for mod in ${modules} _command_not_found;
 do
 dbg "-- $(/bin/basename $mod 2>&-)";
 CRICHTON_SYS=$CRICHTON_SYS CRICHTON_USR=$CRICHTON_USR "$mod" $*;
 exit=$?;
 dbg "[exit $exit]";
 [[ $exit == 255 ]] && {
 _command_not_found $1;
 break
 };
 [[ $exit == 0 ]] && break;
 done;
 return 127
}
BASH_FUNC_setpath%%=() {  if [ -f /usr/bin/pathfix ]; then
 pathfix_binary=/usr/bin/pathfix;
 else
 pathfix_binary=/usr/local/bin/pathfix;
 fi;
 new_PATH=`$pathfix_binary $@`;
 [ "$new_PATH" ] && PATH="$new_PATH";
 export PATH
}
BASH_FUNC__command_not_found%%=() {  echo "bash: $1: command not found" 1>&2
}
BASH_FUNC_colloq%%=() {  more /usr/local/alert/misc/coll
}
BASH_FUNC_gnu%%=() {  command gnu -u $LOGNAME $*
}
BASH_FUNC_purge%%=() {  rm -f *~ .*~ \#*\# tmp*
}
BASH_FUNC_setup%%=() {  source /usr/local/share/setup/setup.sh $*
} _=/usr/bin/env /usr/bin/python3 -W ignore:setup.py install is deprecated setup.py develop --editable --build-directory /afs/inf.ed.ac.uk/user/s22/s2281597/ranger_object_finder/ranger_nav/ros_ws/build/ranger_nav/build --no-deps symlink_data
[2.903s] INFO:colcon.colcon_core.shell:Creating environment hook '/afs/inf.ed.ac.uk/user/s22/s2281597/ranger_object_finder/ranger_nav/ros_ws/build/ranger_nav/share/ranger_nav/hook/pythonpath_develop.sh'
[2.909s] Level 1:colcon.colcon_core.environment:checking '/afs/inf.ed.ac.uk/user/s22/s2281597/ranger_object_finder/ranger_nav/ros_ws/install/ranger_nav' for CMake module files
[2.910s] Level 1:colcon.colcon_core.environment:checking '/afs/inf.ed.ac.uk/user/s22/s2281597/ranger_object_finder/ranger_nav/ros_ws/install/ranger_nav' for CMake config files
[2.911s] Level 1:colcon.colcon_core.environment:checking '/afs/inf.ed.ac.uk/user/s22/s2281597/ranger_object_finder/ranger_nav/ros_ws/install/ranger_nav/lib'
[2.911s] Level 1:colcon.colcon_core.environment:checking '/afs/inf.ed.ac.uk/user/s22/s2281597/ranger_object_finder/ranger_nav/ros_ws/install/ranger_nav/bin'
[2.911s] Level 1:colcon.colcon_core.environment:checking '/afs/inf.ed.ac.uk/user/s22/s2281597/ranger_object_finder/ranger_nav/ros_ws/install/ranger_nav/lib/pkgconfig/ranger_nav.pc'
[2.911s] Level 1:colcon.colcon_core.environment:checking '/afs/inf.ed.ac.uk/user/s22/s2281597/ranger_object_finder/ranger_nav/ros_ws/install/ranger_nav/lib/python3.10/site-packages'
[2.911s] Level 1:colcon.colcon_core.shell:create_environment_hook('ranger_nav', 'pythonpath')
[2.911s] INFO:colcon.colcon_core.shell:Creating environment descriptor '/afs/inf.ed.ac.uk/user/s22/s2281597/ranger_object_finder/ranger_nav/ros_ws/install/ranger_nav/share/ranger_nav/hook/pythonpath.dsv'
[2.917s] INFO:colcon.colcon_core.shell:Creating environment hook '/afs/inf.ed.ac.uk/user/s22/s2281597/ranger_object_finder/ranger_nav/ros_ws/install/ranger_nav/share/ranger_nav/hook/pythonpath.sh'
[2.921s] Level 1:colcon.colcon_core.environment:checking '/afs/inf.ed.ac.uk/user/s22/s2281597/ranger_object_finder/ranger_nav/ros_ws/install/ranger_nav/bin'
[2.921s] Level 1:colcon.colcon_core.environment:create_environment_scripts_only(ranger_nav)
[2.921s] INFO:colcon.colcon_core.shell:Creating package descriptor '/afs/inf.ed.ac.uk/user/s22/s2281597/ranger_object_finder/ranger_nav/ros_ws/install/ranger_nav/share/ranger_nav/package.dsv'
[2.923s] INFO:colcon.colcon_core.shell:Creating package script '/afs/inf.ed.ac.uk/user/s22/s2281597/ranger_object_finder/ranger_nav/ros_ws/install/ranger_nav/share/ranger_nav/package.sh'
[2.932s] Level 1:colcon.colcon_core.environment:create_file_with_runtime_dependencies(/afs/inf.ed.ac.uk/user/s22/s2281597/ranger_object_finder/ranger_nav/ros_ws/install/ranger_nav/share/colcon-core/packages/ranger_nav)
[2.941s] DEBUG:colcon.colcon_core.executor.sequential:run_until_complete 'ranger_nav' finished with '0'
[2.942s] DEBUG:colcon.colcon_core.executor.sequential:run_until_complete 'slam_gmapping'
[2.942s] INFO:colcon.colcon_ros.task.ament_cmake.build:Building ROS package in '/afs/inf.ed.ac.uk/user/s22/s2281597/ranger_object_finder/ranger_nav/ros_ws/src/slam_gmapping/slam_gmapping' with build type 'ament_cmake'
[2.942s] INFO:colcon.colcon_cmake.task.cmake.build:Building CMake package in '/afs/inf.ed.ac.uk/user/s22/s2281597/ranger_object_finder/ranger_nav/ros_ws/src/slam_gmapping/slam_gmapping'
[2.942s] DEBUG:colcon.colcon_core.shell:Skip shell extension 'dsv' for command environment
[2.980s] DEBUG:colcon.colcon_core.event_handler.log_command:Invoking command in '/afs/inf.ed.ac.uk/user/s22/s2281597/ranger_object_finder/ranger_nav/ros_ws/build/slam_gmapping': BASH=/bin/sh CMAKE_PREFIX_PATH=/afs/inf.ed.ac.uk/user/s22/s2281597/ranger_object_finder/ranger_nav/ros_ws/install/openslam_gmapping:/afs/inf.ed.ac.uk/user/s22/s2281597/ranger_object_finder/ranger_nav/ros_ws/install/slam_gmapping:/afs/inf.ed.ac.uk/user/s22/s2281597/ranger_object_finder/ranger_nav/ros_ws/install/hls_lfcd_lds_driver:/afs/inf.ed.ac.uk/user/s22/s2281597/ros_ws/install/stage_ros2:/afs/inf.ed.ac.uk/user/s22/s2281597/ros_ws/install/pf_localisation:/afs/inf.ed.ac.uk/user/s22/s2281597/ros_ws/install/Stage:/afs/inf.ed.ac.uk/user/s22/s2281597/ranger_object_finder/ranger_nav/ros_ws/install/ranger_nav:/afs/inf.ed.ac.uk/user/s22/s2281597/ros_ws/install/socspioneer:/opt/ros/humble CONDA_PROMPT_MODIFIER=(base) TERM_PROGRAM=${TERM_PROGRAM}
BASH_FUNC_rvirsh%%=() {  KVMHOST=$1;
 shift;
 if [ "$KVMHOST" ]; then
 if [ "$KVMHOST" = "." ]; then
 URI="qemu:///system";
 else
 URI="qemu+ssh://$KVMHOST/system";
 fi;
 else
 URI="qemu:///system";
 fi;
 virsh --connect $URI $@
}
BASH_FUNC_ml%%=() {  module ml "$@"
}
BASH_FUNC_module%%=() {  eval `/usr/bin/tclsh8.6 /usr/lib/x86_64-linux-gnu/modulecmd.tcl bash "$@"`;
 _mlstatus=$?;
 return $_mlstatus
}
BASH_FUNC_resize%%=() {  eval `command resize`
}
BASH_FUNC_command_not_found_handle%%=() {  unset command_not_found_handle;
 if [[ "$IFS" != '
' ]]; then
 _command_not_found $*;
 fi;
 function dbg ()
 {
 [[ -n $CRICHTON_DEBUG ]] && echo $1 1>&2
 };
 SORT="/usr/bin/_SortBashRC";
 PATTERN='[0-9][0-9][0-9].*';
 if [[ -n $CRICHTON_DEBUG ]]; then
 modules=$($SORT $CRICHTON_SYS/$PATTERN $CRICHTON_USR/$PATTERN);
 else
 modules=$($SORT $CRICHTON_SYS/$PATTERN $CRICHTON_USR/$PATTERN 2>&-);
 fi;
 dbg "- Found $(/bin/echo $modules | /usr/bin/wc -w 2>&-) modules.";
 for mod in ${modules} _command_not_found;
 do
 dbg "-- $(/bin/basename $mod 2>&-)";
 CRICHTON_SYS=$CRICHTON_SYS CRICHTON_USR=$CRICHTON_USR "$mod" $*;
 exit=$?;
 dbg "[exit $exit]";
 [[ $exit == 255 ]] && {
 _command_not_found $1;
 break
 };
 [[ $exit == 0 ]] && break;
 done;
 return 127
}
BASH_FUNC_setpath%%=() {  if [ -f /usr/bin/pathfix ]; then
 pathfix_binary=/usr/bin/pathfix;
 else
 pathfix_binary=/usr/local/bin/pathfix;
 fi;
 new_PATH=`$pathfix_binary $@`;
 [ "$new_PATH" ] && PATH="$new_PATH";
 export PATH
}
BASH_FUNC__command_not_found%%=() {  echo "bash: $1: command not found" 1>&2
}
BASH_FUNC_colloq%%=() {  more /usr/local/alert/misc/coll
}
BASH_FUNC_gnu%%=() {  command gnu -u $LOGNAME $*
}
BASH_FUNC_purge%%=() {  rm -f *~ .*~ \#*\# tmp*
}
BASH_FUNC_setup%%=() {  source /usr/local/share/setup/setup.sh $*
} _=/usr/bin/env /usr/bin/cmake --build /afs/inf.ed.ac.uk/user/s22/s2281597/ranger_object_finder/ranger_nav/ros_ws/build/slam_gmapping -- -j12 -l12
[3.136s] DEBUG:colcon.colcon_core.event_handler.log_command:Invoked command in '/afs/inf.ed.ac.uk/user/s22/s2281597/ranger_object_finder/ranger_nav/ros_ws/build/slam_gmapping' returned '0': BASH=/bin/sh CMAKE_PREFIX_PATH=/afs/inf.ed.ac.uk/user/s22/s2281597/ranger_object_finder/ranger_nav/ros_ws/install/openslam_gmapping:/afs/inf.ed.ac.uk/user/s22/s2281597/ranger_object_finder/ranger_nav/ros_ws/install/slam_gmapping:/afs/inf.ed.ac.uk/user/s22/s2281597/ranger_object_finder/ranger_nav/ros_ws/install/hls_lfcd_lds_driver:/afs/inf.ed.ac.uk/user/s22/s2281597/ros_ws/install/stage_ros2:/afs/inf.ed.ac.uk/user/s22/s2281597/ros_ws/install/pf_localisation:/afs/inf.ed.ac.uk/user/s22/s2281597/ros_ws/install/Stage:/afs/inf.ed.ac.uk/user/s22/s2281597/ranger_object_finder/ranger_nav/ros_ws/install/ranger_nav:/afs/inf.ed.ac.uk/user/s22/s2281597/ros_ws/install/socspioneer:/opt/ros/humble CONDA_PROMPT_MODIFIER=(base) TERM_PROGRAM=${TERM_PROGRAM}
BASH_FUNC_rvirsh%%=() {  KVMHOST=$1;
 shift;
 if [ "$KVMHOST" ]; then
 if [ "$KVMHOST" = "." ]; then
 URI="qemu:///system";
 else
 URI="qemu+ssh://$KVMHOST/system";
 fi;
 else
 URI="qemu:///system";
 fi;
 virsh --connect $URI $@
}
BASH_FUNC_ml%%=() {  module ml "$@"
}
BASH_FUNC_module%%=() {  eval `/usr/bin/tclsh8.6 /usr/lib/x86_64-linux-gnu/modulecmd.tcl bash "$@"`;
 _mlstatus=$?;
 return $_mlstatus
}
BASH_FUNC_resize%%=() {  eval `command resize`
}
BASH_FUNC_command_not_found_handle%%=() {  unset command_not_found_handle;
 if [[ "$IFS" != '
' ]]; then
 _command_not_found $*;
 fi;
 function dbg ()
 {
 [[ -n $CRICHTON_DEBUG ]] && echo $1 1>&2
 };
 SORT="/usr/bin/_SortBashRC";
 PATTERN='[0-9][0-9][0-9].*';
 if [[ -n $CRICHTON_DEBUG ]]; then
 modules=$($SORT $CRICHTON_SYS/$PATTERN $CRICHTON_USR/$PATTERN);
 else
 modules=$($SORT $CRICHTON_SYS/$PATTERN $CRICHTON_USR/$PATTERN 2>&-);
 fi;
 dbg "- Found $(/bin/echo $modules | /usr/bin/wc -w 2>&-) modules.";
 for mod in ${modules} _command_not_found;
 do
 dbg "-- $(/bin/basename $mod 2>&-)";
 CRICHTON_SYS=$CRICHTON_SYS CRICHTON_USR=$CRICHTON_USR "$mod" $*;
 exit=$?;
 dbg "[exit $exit]";
 [[ $exit == 255 ]] && {
 _command_not_found $1;
 break
 };
 [[ $exit == 0 ]] && break;
 done;
 return 127
}
BASH_FUNC_setpath%%=() {  if [ -f /usr/bin/pathfix ]; then
 pathfix_binary=/usr/bin/pathfix;
 else
 pathfix_binary=/usr/local/bin/pathfix;
 fi;
 new_PATH=`$pathfix_binary $@`;
 [ "$new_PATH" ] && PATH="$new_PATH";
 export PATH
}
BASH_FUNC__command_not_found%%=() {  echo "bash: $1: command not found" 1>&2
}
BASH_FUNC_colloq%%=() {  more /usr/local/alert/misc/coll
}
BASH_FUNC_gnu%%=() {  command gnu -u $LOGNAME $*
}
BASH_FUNC_purge%%=() {  rm -f *~ .*~ \#*\# tmp*
}
BASH_FUNC_setup%%=() {  source /usr/local/share/setup/setup.sh $*
} _=/usr/bin/env /usr/bin/cmake --build /afs/inf.ed.ac.uk/user/s22/s2281597/ranger_object_finder/ranger_nav/ros_ws/build/slam_gmapping -- -j12 -l12
[3.204s] DEBUG:colcon.colcon_core.event_handler.log_command:Invoking command in '/afs/inf.ed.ac.uk/user/s22/s2281597/ranger_object_finder/ranger_nav/ros_ws/build/slam_gmapping': BASH=/bin/sh CMAKE_PREFIX_PATH=/afs/inf.ed.ac.uk/user/s22/s2281597/ranger_object_finder/ranger_nav/ros_ws/install/openslam_gmapping:/afs/inf.ed.ac.uk/user/s22/s2281597/ranger_object_finder/ranger_nav/ros_ws/install/slam_gmapping:/afs/inf.ed.ac.uk/user/s22/s2281597/ranger_object_finder/ranger_nav/ros_ws/install/hls_lfcd_lds_driver:/afs/inf.ed.ac.uk/user/s22/s2281597/ros_ws/install/stage_ros2:/afs/inf.ed.ac.uk/user/s22/s2281597/ros_ws/install/pf_localisation:/afs/inf.ed.ac.uk/user/s22/s2281597/ros_ws/install/Stage:/afs/inf.ed.ac.uk/user/s22/s2281597/ranger_object_finder/ranger_nav/ros_ws/install/ranger_nav:/afs/inf.ed.ac.uk/user/s22/s2281597/ros_ws/install/socspioneer:/opt/ros/humble CONDA_PROMPT_MODIFIER=(base) TERM_PROGRAM=${TERM_PROGRAM}
BASH_FUNC_rvirsh%%=() {  KVMHOST=$1;
 shift;
 if [ "$KVMHOST" ]; then
 if [ "$KVMHOST" = "." ]; then
 URI="qemu:///system";
 else
 URI="qemu+ssh://$KVMHOST/system";
 fi;
 else
 URI="qemu:///system";
 fi;
 virsh --connect $URI $@
}
BASH_FUNC_ml%%=() {  module ml "$@"
}
BASH_FUNC_module%%=() {  eval `/usr/bin/tclsh8.6 /usr/lib/x86_64-linux-gnu/modulecmd.tcl bash "$@"`;
 _mlstatus=$?;
 return $_mlstatus
}
BASH_FUNC_resize%%=() {  eval `command resize`
}
BASH_FUNC_command_not_found_handle%%=() {  unset command_not_found_handle;
 if [[ "$IFS" != '
' ]]; then
 _command_not_found $*;
 fi;
 function dbg ()
 {
 [[ -n $CRICHTON_DEBUG ]] && echo $1 1>&2
 };
 SORT="/usr/bin/_SortBashRC";
 PATTERN='[0-9][0-9][0-9].*';
 if [[ -n $CRICHTON_DEBUG ]]; then
 modules=$($SORT $CRICHTON_SYS/$PATTERN $CRICHTON_USR/$PATTERN);
 else
 modules=$($SORT $CRICHTON_SYS/$PATTERN $CRICHTON_USR/$PATTERN 2>&-);
 fi;
 dbg "- Found $(/bin/echo $modules | /usr/bin/wc -w 2>&-) modules.";
 for mod in ${modules} _command_not_found;
 do
 dbg "-- $(/bin/basename $mod 2>&-)";
 CRICHTON_SYS=$CRICHTON_SYS CRICHTON_USR=$CRICHTON_USR "$mod" $*;
 exit=$?;
 dbg "[exit $exit]";
 [[ $exit == 255 ]] && {
 _command_not_found $1;
 break
 };
 [[ $exit == 0 ]] && break;
 done;
 return 127
}
BASH_FUNC_setpath%%=() {  if [ -f /usr/bin/pathfix ]; then
 pathfix_binary=/usr/bin/pathfix;
 else
 pathfix_binary=/usr/local/bin/pathfix;
 fi;
 new_PATH=`$pathfix_binary $@`;
 [ "$new_PATH" ] && PATH="$new_PATH";
 export PATH
}
BASH_FUNC__command_not_found%%=() {  echo "bash: $1: command not found" 1>&2
}
BASH_FUNC_colloq%%=() {  more /usr/local/alert/misc/coll
}
BASH_FUNC_gnu%%=() {  command gnu -u $LOGNAME $*
}
BASH_FUNC_purge%%=() {  rm -f *~ .*~ \#*\# tmp*
}
BASH_FUNC_setup%%=() {  source /usr/local/share/setup/setup.sh $*
} _=/usr/bin/env /usr/bin/cmake --install /afs/inf.ed.ac.uk/user/s22/s2281597/ranger_object_finder/ranger_nav/ros_ws/build/slam_gmapping
[3.276s] Level 1:colcon.colcon_core.environment:create_environment_scripts_only(slam_gmapping)
[3.276s] Level 1:colcon.colcon_core.environment:checking '/afs/inf.ed.ac.uk/user/s22/s2281597/ranger_object_finder/ranger_nav/ros_ws/install/slam_gmapping' for CMake module files
[3.276s] DEBUG:colcon.colcon_core.event_handler.log_command:Invoked command in '/afs/inf.ed.ac.uk/user/s22/s2281597/ranger_object_finder/ranger_nav/ros_ws/build/slam_gmapping' returned '0': BASH=/bin/sh CMAKE_PREFIX_PATH=/afs/inf.ed.ac.uk/user/s22/s2281597/ranger_object_finder/ranger_nav/ros_ws/install/openslam_gmapping:/afs/inf.ed.ac.uk/user/s22/s2281597/ranger_object_finder/ranger_nav/ros_ws/install/slam_gmapping:/afs/inf.ed.ac.uk/user/s22/s2281597/ranger_object_finder/ranger_nav/ros_ws/install/hls_lfcd_lds_driver:/afs/inf.ed.ac.uk/user/s22/s2281597/ros_ws/install/stage_ros2:/afs/inf.ed.ac.uk/user/s22/s2281597/ros_ws/install/pf_localisation:/afs/inf.ed.ac.uk/user/s22/s2281597/ros_ws/install/Stage:/afs/inf.ed.ac.uk/user/s22/s2281597/ranger_object_finder/ranger_nav/ros_ws/install/ranger_nav:/afs/inf.ed.ac.uk/user/s22/s2281597/ros_ws/install/socspioneer:/opt/ros/humble CONDA_PROMPT_MODIFIER=(base) TERM_PROGRAM=${TERM_PROGRAM}
BASH_FUNC_rvirsh%%=() {  KVMHOST=$1;
 shift;
 if [ "$KVMHOST" ]; then
 if [ "$KVMHOST" = "." ]; then
 URI="qemu:///system";
 else
 URI="qemu+ssh://$KVMHOST/system";
 fi;
 else
 URI="qemu:///system";
 fi;
 virsh --connect $URI $@
}
BASH_FUNC_ml%%=() {  module ml "$@"
}
BASH_FUNC_module%%=() {  eval `/usr/bin/tclsh8.6 /usr/lib/x86_64-linux-gnu/modulecmd.tcl bash "$@"`;
 _mlstatus=$?;
 return $_mlstatus
}
BASH_FUNC_resize%%=() {  eval `command resize`
}
BASH_FUNC_command_not_found_handle%%=() {  unset command_not_found_handle;
 if [[ "$IFS" != '
' ]]; then
 _command_not_found $*;
 fi;
 function dbg ()
 {
 [[ -n $CRICHTON_DEBUG ]] && echo $1 1>&2
 };
 SORT="/usr/bin/_SortBashRC";
 PATTERN='[0-9][0-9][0-9].*';
 if [[ -n $CRICHTON_DEBUG ]]; then
 modules=$($SORT $CRICHTON_SYS/$PATTERN $CRICHTON_USR/$PATTERN);
 else
 modules=$($SORT $CRICHTON_SYS/$PATTERN $CRICHTON_USR/$PATTERN 2>&-);
 fi;
 dbg "- Found $(/bin/echo $modules | /usr/bin/wc -w 2>&-) modules.";
 for mod in ${modules} _command_not_found;
 do
 dbg "-- $(/bin/basename $mod 2>&-)";
 CRICHTON_SYS=$CRICHTON_SYS CRICHTON_USR=$CRICHTON_USR "$mod" $*;
 exit=$?;
 dbg "[exit $exit]";
 [[ $exit == 255 ]] && {
 _command_not_found $1;
 break
 };
 [[ $exit == 0 ]] && break;
 done;
 return 127
}
BASH_FUNC_setpath%%=() {  if [ -f /usr/bin/pathfix ]; then
 pathfix_binary=/usr/bin/pathfix;
 else
 pathfix_binary=/usr/local/bin/pathfix;
 fi;
 new_PATH=`$pathfix_binary $@`;
 [ "$new_PATH" ] && PATH="$new_PATH";
 export PATH
}
BASH_FUNC__command_not_found%%=() {  echo "bash: $1: command not found" 1>&2
}
BASH_FUNC_colloq%%=() {  more /usr/local/alert/misc/coll
}
BASH_FUNC_gnu%%=() {  command gnu -u $LOGNAME $*
}
BASH_FUNC_purge%%=() {  rm -f *~ .*~ \#*\# tmp*
}
BASH_FUNC_setup%%=() {  source /usr/local/share/setup/setup.sh $*
} _=/usr/bin/env /usr/bin/cmake --install /afs/inf.ed.ac.uk/user/s22/s2281597/ranger_object_finder/ranger_nav/ros_ws/build/slam_gmapping
[3.277s] Level 1:colcon.colcon_core.environment:checking '/afs/inf.ed.ac.uk/user/s22/s2281597/ranger_object_finder/ranger_nav/ros_ws/install/slam_gmapping' for CMake config files
[3.277s] Level 1:colcon.colcon_core.shell:create_environment_hook('slam_gmapping', 'cmake_prefix_path')
[3.277s] INFO:colcon.colcon_core.shell:Creating environment descriptor '/afs/inf.ed.ac.uk/user/s22/s2281597/ranger_object_finder/ranger_nav/ros_ws/install/slam_gmapping/share/slam_gmapping/hook/cmake_prefix_path.dsv'
[3.281s] INFO:colcon.colcon_core.shell:Creating environment hook '/afs/inf.ed.ac.uk/user/s22/s2281597/ranger_object_finder/ranger_nav/ros_ws/install/slam_gmapping/share/slam_gmapping/hook/cmake_prefix_path.sh'
[3.285s] Level 1:colcon.colcon_core.environment:checking '/afs/inf.ed.ac.uk/user/s22/s2281597/ranger_object_finder/ranger_nav/ros_ws/install/slam_gmapping/lib'
[3.285s] Level 1:colcon.colcon_core.environment:checking '/afs/inf.ed.ac.uk/user/s22/s2281597/ranger_object_finder/ranger_nav/ros_ws/install/slam_gmapping/bin'
[3.285s] Level 1:colcon.colcon_core.environment:checking '/afs/inf.ed.ac.uk/user/s22/s2281597/ranger_object_finder/ranger_nav/ros_ws/install/slam_gmapping/lib/pkgconfig/slam_gmapping.pc'
[3.285s] Level 1:colcon.colcon_core.environment:checking '/afs/inf.ed.ac.uk/user/s22/s2281597/ranger_object_finder/ranger_nav/ros_ws/install/slam_gmapping/lib/python3.10/site-packages'
[3.285s] Level 1:colcon.colcon_core.environment:checking '/afs/inf.ed.ac.uk/user/s22/s2281597/ranger_object_finder/ranger_nav/ros_ws/install/slam_gmapping/bin'
[3.285s] INFO:colcon.colcon_core.shell:Creating package descriptor '/afs/inf.ed.ac.uk/user/s22/s2281597/ranger_object_finder/ranger_nav/ros_ws/install/slam_gmapping/share/slam_gmapping/package.dsv'
[3.291s] INFO:colcon.colcon_core.shell:Creating package script '/afs/inf.ed.ac.uk/user/s22/s2281597/ranger_object_finder/ranger_nav/ros_ws/install/slam_gmapping/share/slam_gmapping/package.sh'
[3.296s] Level 1:colcon.colcon_core.environment:create_file_with_runtime_dependencies(/afs/inf.ed.ac.uk/user/s22/s2281597/ranger_object_finder/ranger_nav/ros_ws/install/slam_gmapping/share/colcon-core/packages/slam_gmapping)
[3.336s] Level 1:colcon.colcon_core.environment:create_environment_scripts_only(slam_gmapping)
[3.336s] Level 1:colcon.colcon_core.environment:checking '/afs/inf.ed.ac.uk/user/s22/s2281597/ranger_object_finder/ranger_nav/ros_ws/install/slam_gmapping' for CMake module files
[3.336s] Level 1:colcon.colcon_core.environment:checking '/afs/inf.ed.ac.uk/user/s22/s2281597/ranger_object_finder/ranger_nav/ros_ws/install/slam_gmapping' for CMake config files
[3.337s] Level 1:colcon.colcon_core.shell:create_environment_hook('slam_gmapping', 'cmake_prefix_path')
[3.337s] INFO:colcon.colcon_core.shell:Creating environment descriptor '/afs/inf.ed.ac.uk/user/s22/s2281597/ranger_object_finder/ranger_nav/ros_ws/install/slam_gmapping/share/slam_gmapping/hook/cmake_prefix_path.dsv'
[3.341s] INFO:colcon.colcon_core.shell:Creating environment hook '/afs/inf.ed.ac.uk/user/s22/s2281597/ranger_object_finder/ranger_nav/ros_ws/install/slam_gmapping/share/slam_gmapping/hook/cmake_prefix_path.sh'
[3.347s] Level 1:colcon.colcon_core.environment:checking '/afs/inf.ed.ac.uk/user/s22/s2281597/ranger_object_finder/ranger_nav/ros_ws/install/slam_gmapping/lib'
[3.347s] Level 1:colcon.colcon_core.environment:checking '/afs/inf.ed.ac.uk/user/s22/s2281597/ranger_object_finder/ranger_nav/ros_ws/install/slam_gmapping/bin'
[3.347s] Level 1:colcon.colcon_core.environment:checking '/afs/inf.ed.ac.uk/user/s22/s2281597/ranger_object_finder/ranger_nav/ros_ws/install/slam_gmapping/lib/pkgconfig/slam_gmapping.pc'
[3.347s] Level 1:colcon.colcon_core.environment:checking '/afs/inf.ed.ac.uk/user/s22/s2281597/ranger_object_finder/ranger_nav/ros_ws/install/slam_gmapping/lib/python3.10/site-packages'
[3.348s] Level 1:colcon.colcon_core.environment:checking '/afs/inf.ed.ac.uk/user/s22/s2281597/ranger_object_finder/ranger_nav/ros_ws/install/slam_gmapping/bin'
[3.348s] INFO:colcon.colcon_core.shell:Creating package descriptor '/afs/inf.ed.ac.uk/user/s22/s2281597/ranger_object_finder/ranger_nav/ros_ws/install/slam_gmapping/share/slam_gmapping/package.dsv'
[3.351s] INFO:colcon.colcon_core.shell:Creating package script '/afs/inf.ed.ac.uk/user/s22/s2281597/ranger_object_finder/ranger_nav/ros_ws/install/slam_gmapping/share/slam_gmapping/package.sh'
[3.356s] Level 1:colcon.colcon_core.environment:create_file_with_runtime_dependencies(/afs/inf.ed.ac.uk/user/s22/s2281597/ranger_object_finder/ranger_nav/ros_ws/install/slam_gmapping/share/colcon-core/packages/slam_gmapping)
[3.359s] DEBUG:colcon.colcon_core.executor.sequential:run_until_complete 'slam_gmapping' finished with '0'
[3.360s] DEBUG:colcon.colcon_core.executor.sequential:closing loop
[3.360s] DEBUG:colcon.colcon_core.executor.sequential:loop closed
[3.360s] DEBUG:colcon.colcon_core.event_reactor:joining thread
[3.360s] DEBUG:colcon.colcon_core.event_reactor:joined thread
[3.361s] INFO:colcon.colcon_core.shell:Creating prefix script '/afs/inf.ed.ac.uk/user/s22/s2281597/ranger_object_finder/ranger_nav/ros_ws/install/local_setup.sh'
[3.368s] INFO:colcon.colcon_core.shell:Creating prefix util module '/afs/inf.ed.ac.uk/user/s22/s2281597/ranger_object_finder/ranger_nav/ros_ws/install/_local_setup_util_sh.py'
[3.382s] INFO:colcon.colcon_core.shell:Creating prefix chain script '/afs/inf.ed.ac.uk/user/s22/s2281597/ranger_object_finder/ranger_nav/ros_ws/install/setup.sh'
